<?xml version="1.0" encoding="UTF-8"?>
<testsuite xmlns:xsi="http://www.w3.org/2001/XMLSchema-instance" xsi:noNamespaceSchemaLocation="https://maven.apache.org/surefire/maven-surefire-plugin/xsd/surefire-test-report.xsd" name="com.uwetrottmann.tmdb2.services.GuestSessionTest" time="0.198" tests="6" errors="0" skipped="0" failures="0">
  <properties>
    <property name="java.specification.version" value="14"/>
    <property name="sun.jnu.encoding" value="UTF-8"/>
    <property name="java.class.path" value="/Users/faraday/tmdb-java/target/test-classes:/Users/faraday/tmdb-java/target/classes:/Users/faraday/.m2/repository/com/squareup/retrofit2/retrofit/2.6.2/retrofit-2.6.2.jar:/Users/faraday/.m2/repository/com/squareup/okhttp3/okhttp/3.12.0/okhttp-3.12.0.jar:/Users/faraday/.m2/repository/com/squareup/okio/okio/1.15.0/okio-1.15.0.jar:/Users/faraday/.m2/repository/com/squareup/retrofit2/converter-gson/2.6.2/converter-gson-2.6.2.jar:/Users/faraday/.m2/repository/com/google/code/gson/gson/2.8.5/gson-2.8.5.jar:/Users/faraday/.m2/repository/com/google/code/findbugs/jsr305/3.0.2/jsr305-3.0.2.jar:/Users/faraday/.m2/repository/junit/junit/4.12/junit-4.12.jar:/Users/faraday/.m2/repository/org/hamcrest/hamcrest-core/1.3/hamcrest-core-1.3.jar:/Users/faraday/.m2/repository/org/assertj/assertj-core/3.14.0/assertj-core-3.14.0.jar:/Users/faraday/.m2/repository/com/squareup/okhttp3/logging-interceptor/3.12.0/logging-interceptor-3.12.0.jar:/Users/faraday/.m2/repository/com/google/guava/guava/28.1-jre/guava-28.1-jre.jar:/Users/faraday/.m2/repository/com/google/guava/failureaccess/1.0.1/failureaccess-1.0.1.jar:/Users/faraday/.m2/repository/com/google/guava/listenablefuture/9999.0-empty-to-avoid-conflict-with-guava/listenablefuture-9999.0-empty-to-avoid-conflict-with-guava.jar:/Users/faraday/.m2/repository/org/checkerframework/checker-qual/2.8.1/checker-qual-2.8.1.jar:/Users/faraday/.m2/repository/com/google/errorprone/error_prone_annotations/2.3.2/error_prone_annotations-2.3.2.jar:/Users/faraday/.m2/repository/com/google/j2objc/j2objc-annotations/1.3/j2objc-annotations-1.3.jar:/Users/faraday/.m2/repository/org/codehaus/mojo/animal-sniffer-annotations/1.18/animal-sniffer-annotations-1.18.jar:"/>
    <property name="java.vm.vendor" value="Oracle Corporation"/>
    <property name="sun.arch.data.model" value="64"/>
    <property name="java.vendor.url" value="https://openjdk.java.net/"/>
    <property name="os.name" value="Mac OS X"/>
    <property name="java.vm.specification.version" value="14"/>
    <property name="sun.java.launcher" value="SUN_STANDARD"/>
    <property name="user.country" value="TR"/>
    <property name="sun.boot.library.path" value="/usr/local/Cellar/openjdk/14.0.1/libexec/openjdk.jdk/Contents/Home/lib"/>
    <property name="sun.java.command" value="/Users/faraday/tmdb-java/target/surefire/surefirebooter5019098125980713034.jar /Users/faraday/tmdb-java/target/surefire 2020-07-27T04-35-29_114-jvmRun1 surefire7638575820611333586tmp surefire_04180805949649231147tmp"/>
    <property name="jdk.debug" value="release"/>
    <property name="surefire.test.class.path" value="/Users/faraday/tmdb-java/target/test-classes:/Users/faraday/tmdb-java/target/classes:/Users/faraday/.m2/repository/com/squareup/retrofit2/retrofit/2.6.2/retrofit-2.6.2.jar:/Users/faraday/.m2/repository/com/squareup/okhttp3/okhttp/3.12.0/okhttp-3.12.0.jar:/Users/faraday/.m2/repository/com/squareup/okio/okio/1.15.0/okio-1.15.0.jar:/Users/faraday/.m2/repository/com/squareup/retrofit2/converter-gson/2.6.2/converter-gson-2.6.2.jar:/Users/faraday/.m2/repository/com/google/code/gson/gson/2.8.5/gson-2.8.5.jar:/Users/faraday/.m2/repository/com/google/code/findbugs/jsr305/3.0.2/jsr305-3.0.2.jar:/Users/faraday/.m2/repository/junit/junit/4.12/junit-4.12.jar:/Users/faraday/.m2/repository/org/hamcrest/hamcrest-core/1.3/hamcrest-core-1.3.jar:/Users/faraday/.m2/repository/org/assertj/assertj-core/3.14.0/assertj-core-3.14.0.jar:/Users/faraday/.m2/repository/com/squareup/okhttp3/logging-interceptor/3.12.0/logging-interceptor-3.12.0.jar:/Users/faraday/.m2/repository/com/google/guava/guava/28.1-jre/guava-28.1-jre.jar:/Users/faraday/.m2/repository/com/google/guava/failureaccess/1.0.1/failureaccess-1.0.1.jar:/Users/faraday/.m2/repository/com/google/guava/listenablefuture/9999.0-empty-to-avoid-conflict-with-guava/listenablefuture-9999.0-empty-to-avoid-conflict-with-guava.jar:/Users/faraday/.m2/repository/org/checkerframework/checker-qual/2.8.1/checker-qual-2.8.1.jar:/Users/faraday/.m2/repository/com/google/errorprone/error_prone_annotations/2.3.2/error_prone_annotations-2.3.2.jar:/Users/faraday/.m2/repository/com/google/j2objc/j2objc-annotations/1.3/j2objc-annotations-1.3.jar:/Users/faraday/.m2/repository/org/codehaus/mojo/animal-sniffer-annotations/1.18/animal-sniffer-annotations-1.18.jar:"/>
    <property name="sun.cpu.endian" value="little"/>
    <property name="user.home" value="/Users/faraday"/>
    <property name="user.language" value="en"/>
    <property name="java.specification.vendor" value="Oracle Corporation"/>
    <property name="java.version.date" value="2020-04-14"/>
    <property name="java.home" value="/usr/local/Cellar/openjdk/14.0.1/libexec/openjdk.jdk/Contents/Home"/>
    <property name="file.separator" value="/"/>
    <property name="basedir" value="/Users/faraday/tmdb-java"/>
    <property name="java.vm.compressedOopsMode" value="Zero based"/>
    <property name="line.separator" value="&#10;"/>
    <property name="java.vm.specification.vendor" value="Oracle Corporation"/>
    <property name="java.specification.name" value="Java Platform API Specification"/>
    <property name="surefire.real.class.path" value="/Users/faraday/tmdb-java/target/surefire/surefirebooter5019098125980713034.jar"/>
    <property name="sun.management.compiler" value="HotSpot 64-Bit Tiered Compilers"/>
    <property name="java.runtime.version" value="14.0.1+14"/>
    <property name="user.name" value="faraday"/>
    <property name="path.separator" value=":"/>
    <property name="os.version" value="10.15.5"/>
    <property name="java.runtime.name" value="OpenJDK Runtime Environment"/>
    <property name="file.encoding" value="UTF-8"/>
    <property name="java.vm.name" value="OpenJDK 64-Bit Server VM"/>
    <property name="localRepository" value="/Users/faraday/.m2/repository"/>
    <property name="java.vendor.url.bug" value="https://bugreport.java.com/bugreport/"/>
    <property name="java.io.tmpdir" value="/var/folders/b9/hv5gjw1j47vb0026kxshv3700000gn/T/"/>
    <property name="java.version" value="14.0.1"/>
    <property name="user.dir" value="/Users/faraday/tmdb-java"/>
    <property name="os.arch" value="x86_64"/>
    <property name="java.vm.specification.name" value="Java Virtual Machine Specification"/>
    <property name="java.library.path" value="/Users/faraday/Library/Java/Extensions:/Library/Java/Extensions:/Network/Library/Java/Extensions:/System/Library/Java/Extensions:/usr/lib/java:."/>
    <property name="java.vm.info" value="mixed mode, sharing"/>
    <property name="java.vendor" value="N/A"/>
    <property name="java.vm.version" value="14.0.1+14"/>
    <property name="sun.io.unicode.encoding" value="UnicodeBig"/>
    <property name="java.class.version" value="58.0"/>
  </properties>
  <testcase name="test_rated_tvEpisodes" classname="com.uwetrottmann.tmdb2.services.GuestSessionTest" time="0.003"/>
  <testcase name="test_rated_movies" classname="com.uwetrottmann.tmdb2.services.GuestSessionTest" time="0.01"/>
  <testcase name="test_modify_rating_tvShow" classname="com.uwetrottmann.tmdb2.services.GuestSessionTest" time="0.012"/>
  <testcase name="test_rated_tvShows" classname="com.uwetrottmann.tmdb2.services.GuestSessionTest" time="0.004"/>
  <testcase name="test_modify_rating_tvEpisode" classname="com.uwetrottmann.tmdb2.services.GuestSessionTest" time="0.01"/>
  <testcase name="test_modify_rating_movie" classname="com.uwetrottmann.tmdb2.services.GuestSessionTest" time="0.006"/>
</testsuite>