<?xml version="1.0" encoding="UTF-8"?>
<testsuite xmlns:xsi="http://www.w3.org/2001/XMLSchema-instance" xsi:noNamespaceSchemaLocation="https://maven.apache.org/surefire/maven-surefire-plugin/xsd/surefire-test-report.xsd" name="com.uwetrottmann.tmdb2.services.MoviesServiceTest" time="8.405" tests="21" errors="0" skipped="0" failures="3">
  <properties>
    <property name="java.specification.version" value="14"/>
    <property name="sun.jnu.encoding" value="UTF-8"/>
    <property name="java.class.path" value="/Users/faraday/tmdb-java/target/test-classes:/Users/faraday/tmdb-java/target/classes:/Users/faraday/.m2/repository/com/squareup/retrofit2/retrofit/2.6.2/retrofit-2.6.2.jar:/Users/faraday/.m2/repository/com/squareup/okhttp3/okhttp/3.12.0/okhttp-3.12.0.jar:/Users/faraday/.m2/repository/com/squareup/okio/okio/1.15.0/okio-1.15.0.jar:/Users/faraday/.m2/repository/com/squareup/retrofit2/converter-gson/2.6.2/converter-gson-2.6.2.jar:/Users/faraday/.m2/repository/com/google/code/gson/gson/2.8.5/gson-2.8.5.jar:/Users/faraday/.m2/repository/com/google/code/findbugs/jsr305/3.0.2/jsr305-3.0.2.jar:/Users/faraday/.m2/repository/junit/junit/4.12/junit-4.12.jar:/Users/faraday/.m2/repository/org/hamcrest/hamcrest-core/1.3/hamcrest-core-1.3.jar:/Users/faraday/.m2/repository/org/assertj/assertj-core/3.14.0/assertj-core-3.14.0.jar:/Users/faraday/.m2/repository/com/squareup/okhttp3/logging-interceptor/3.12.0/logging-interceptor-3.12.0.jar:/Users/faraday/.m2/repository/com/google/guava/guava/28.1-jre/guava-28.1-jre.jar:/Users/faraday/.m2/repository/com/google/guava/failureaccess/1.0.1/failureaccess-1.0.1.jar:/Users/faraday/.m2/repository/com/google/guava/listenablefuture/9999.0-empty-to-avoid-conflict-with-guava/listenablefuture-9999.0-empty-to-avoid-conflict-with-guava.jar:/Users/faraday/.m2/repository/org/checkerframework/checker-qual/2.8.1/checker-qual-2.8.1.jar:/Users/faraday/.m2/repository/com/google/errorprone/error_prone_annotations/2.3.2/error_prone_annotations-2.3.2.jar:/Users/faraday/.m2/repository/com/google/j2objc/j2objc-annotations/1.3/j2objc-annotations-1.3.jar:/Users/faraday/.m2/repository/org/codehaus/mojo/animal-sniffer-annotations/1.18/animal-sniffer-annotations-1.18.jar:"/>
    <property name="java.vm.vendor" value="Oracle Corporation"/>
    <property name="sun.arch.data.model" value="64"/>
    <property name="java.vendor.url" value="https://openjdk.java.net/"/>
    <property name="os.name" value="Mac OS X"/>
    <property name="java.vm.specification.version" value="14"/>
    <property name="sun.java.launcher" value="SUN_STANDARD"/>
    <property name="user.country" value="TR"/>
    <property name="sun.boot.library.path" value="/usr/local/Cellar/openjdk/14.0.1/libexec/openjdk.jdk/Contents/Home/lib"/>
    <property name="sun.java.command" value="/Users/faraday/tmdb-java/target/surefire/surefirebooter5019098125980713034.jar /Users/faraday/tmdb-java/target/surefire 2020-07-27T04-35-29_114-jvmRun1 surefire7638575820611333586tmp surefire_04180805949649231147tmp"/>
    <property name="jdk.debug" value="release"/>
    <property name="surefire.test.class.path" value="/Users/faraday/tmdb-java/target/test-classes:/Users/faraday/tmdb-java/target/classes:/Users/faraday/.m2/repository/com/squareup/retrofit2/retrofit/2.6.2/retrofit-2.6.2.jar:/Users/faraday/.m2/repository/com/squareup/okhttp3/okhttp/3.12.0/okhttp-3.12.0.jar:/Users/faraday/.m2/repository/com/squareup/okio/okio/1.15.0/okio-1.15.0.jar:/Users/faraday/.m2/repository/com/squareup/retrofit2/converter-gson/2.6.2/converter-gson-2.6.2.jar:/Users/faraday/.m2/repository/com/google/code/gson/gson/2.8.5/gson-2.8.5.jar:/Users/faraday/.m2/repository/com/google/code/findbugs/jsr305/3.0.2/jsr305-3.0.2.jar:/Users/faraday/.m2/repository/junit/junit/4.12/junit-4.12.jar:/Users/faraday/.m2/repository/org/hamcrest/hamcrest-core/1.3/hamcrest-core-1.3.jar:/Users/faraday/.m2/repository/org/assertj/assertj-core/3.14.0/assertj-core-3.14.0.jar:/Users/faraday/.m2/repository/com/squareup/okhttp3/logging-interceptor/3.12.0/logging-interceptor-3.12.0.jar:/Users/faraday/.m2/repository/com/google/guava/guava/28.1-jre/guava-28.1-jre.jar:/Users/faraday/.m2/repository/com/google/guava/failureaccess/1.0.1/failureaccess-1.0.1.jar:/Users/faraday/.m2/repository/com/google/guava/listenablefuture/9999.0-empty-to-avoid-conflict-with-guava/listenablefuture-9999.0-empty-to-avoid-conflict-with-guava.jar:/Users/faraday/.m2/repository/org/checkerframework/checker-qual/2.8.1/checker-qual-2.8.1.jar:/Users/faraday/.m2/repository/com/google/errorprone/error_prone_annotations/2.3.2/error_prone_annotations-2.3.2.jar:/Users/faraday/.m2/repository/com/google/j2objc/j2objc-annotations/1.3/j2objc-annotations-1.3.jar:/Users/faraday/.m2/repository/org/codehaus/mojo/animal-sniffer-annotations/1.18/animal-sniffer-annotations-1.18.jar:"/>
    <property name="sun.cpu.endian" value="little"/>
    <property name="user.home" value="/Users/faraday"/>
    <property name="user.language" value="en"/>
    <property name="java.specification.vendor" value="Oracle Corporation"/>
    <property name="java.version.date" value="2020-04-14"/>
    <property name="java.home" value="/usr/local/Cellar/openjdk/14.0.1/libexec/openjdk.jdk/Contents/Home"/>
    <property name="file.separator" value="/"/>
    <property name="basedir" value="/Users/faraday/tmdb-java"/>
    <property name="java.vm.compressedOopsMode" value="Zero based"/>
    <property name="line.separator" value="&#10;"/>
    <property name="java.vm.specification.vendor" value="Oracle Corporation"/>
    <property name="java.specification.name" value="Java Platform API Specification"/>
    <property name="surefire.real.class.path" value="/Users/faraday/tmdb-java/target/surefire/surefirebooter5019098125980713034.jar"/>
    <property name="sun.management.compiler" value="HotSpot 64-Bit Tiered Compilers"/>
    <property name="java.runtime.version" value="14.0.1+14"/>
    <property name="user.name" value="faraday"/>
    <property name="path.separator" value=":"/>
    <property name="os.version" value="10.15.5"/>
    <property name="java.runtime.name" value="OpenJDK Runtime Environment"/>
    <property name="file.encoding" value="UTF-8"/>
    <property name="java.vm.name" value="OpenJDK 64-Bit Server VM"/>
    <property name="localRepository" value="/Users/faraday/.m2/repository"/>
    <property name="java.vendor.url.bug" value="https://bugreport.java.com/bugreport/"/>
    <property name="java.io.tmpdir" value="/var/folders/b9/hv5gjw1j47vb0026kxshv3700000gn/T/"/>
    <property name="java.version" value="14.0.1"/>
    <property name="user.dir" value="/Users/faraday/tmdb-java"/>
    <property name="os.arch" value="x86_64"/>
    <property name="java.vm.specification.name" value="Java Virtual Machine Specification"/>
    <property name="java.library.path" value="/Users/faraday/Library/Java/Extensions:/Library/Java/Extensions:/Network/Library/Java/Extensions:/System/Library/Java/Extensions:/usr/lib/java:."/>
    <property name="java.vm.info" value="mixed mode, sharing"/>
    <property name="java.vendor" value="N/A"/>
    <property name="java.vm.version" value="14.0.1+14"/>
    <property name="sun.io.unicode.encoding" value="UnicodeBig"/>
    <property name="java.class.version" value="58.0"/>
  </properties>
  <testcase name="test_nowPlaying" classname="com.uwetrottmann.tmdb2.services.MoviesServiceTest" time="0.136"/>
  <testcase name="test_release_dates" classname="com.uwetrottmann.tmdb2.services.MoviesServiceTest" time="0.164">
    <failure message="&#10;Expecting actual not to be null" type="java.lang.AssertionError">java.lang.AssertionError: 

Expecting actual not to be null
	at com.uwetrottmann.tmdb2.services.MoviesServiceTest.test_release_dates(MoviesServiceTest.java:216)
</failure>
    <system-out><![CDATA[--> GET https://api.themoviedb.org/3/movie/24428/release_dates?api_key=25da90e9f8f0b3892d8bdeb6c3d6267d h2
Host: api.themoviedb.org
Connection: Keep-Alive
Accept-Encoding: gzip
User-Agent: okhttp/3.12.0
--> END GET
<-- 200 https://api.themoviedb.org/3/movie/24428/release_dates?api_key=25da90e9f8f0b3892d8bdeb6c3d6267d (157ms)
content-type: application/json;charset=utf-8
date: Mon, 27 Jul 2020 01:35:44 GMT
server: openresty
access-control-allow-origin: *
access-control-allow-methods: GET, HEAD, POST, PUT, DELETE, OPTIONS
access-control-expose-headers: ETag, X-RateLimit-Limit, X-RateLimit-Remaining, X-RateLimit-Reset, Retry-After, Content-Length, Content-Range
cache-control: public, max-age=21600
x-memc: HIT
x-memc-key: 6dbe244303fe3484576e667740169539
x-memc-age: 118
x-memc-expires: 21482
etag: W/"fbd21f61b18b0eb4d61f1f3132dc4b31"
last-modified: Mon, 27 Jul 2020 01:35:44 GMT
content-encoding: gzip
vary: Accept-Encoding
x-cache: Miss from cloudfront
via: 1.1 c26b8e74df43cd99786e716221463d0c.cloudfront.net (CloudFront)
x-amz-cf-pop: FRA6-C1
x-amz-cf-id: qyyAfK7rf3WaEEE4QYO0q2GzuNBk5b37SIGR64M4SD_mblb7LeD2Jg==

{"id":24428,"results":[{"iso_3166_1":"GR","release_dates":[{"certification":"Κ-13","iso_639_1":"","note":"","release_date":"2012-04-25T00:00:00.000Z","type":3}]},{"iso_3166_1":"IT","release_dates":[{"certification":"T","iso_639_1":"","note":"","release_date":"2012-04-25T00:00:00.000Z","type":3}]},{"iso_3166_1":"QA","release_dates":[{"certification":"Qatar Cinemas","iso_639_1":"","note":"","release_date":"2012-04-27T00:00:00.000Z","type":3}]},{"iso_3166_1":"US","release_dates":[{"certification":"PG-13","iso_639_1":"","note":"","release_date":"2012-05-04T00:00:00.000Z","type":3}]},{"iso_3166_1":"CA","release_dates":[{"certification":"PG","iso_639_1":"","note":"","release_date":"2012-05-04T00:00:00.000Z","type":3}]},{"iso_3166_1":"AU","release_dates":[{"certification":"M","iso_639_1":"","note":"","release_date":"2012-04-25T00:00:00.000Z","type":3}]},{"iso_3166_1":"ES","release_dates":[{"certification":"7","iso_639_1":"es","note":"","release_date":"2012-04-27T00:00:00.000Z","type":3}]},{"iso_3166_1":"KR","release_dates":[{"certification":"12세 이상 관람가","iso_639_1":"","note":"","release_date":"2012-04-26T00:00:00.000Z","type":3}]},{"iso_3166_1":"GB","release_dates":[{"certification":"12A","iso_639_1":"","note":"","release_date":"2012-04-26T00:00:00.000Z","type":3}]},{"iso_3166_1":"LV","release_dates":[{"certification":"12+","iso_639_1":"","note":"","release_date":"2012-05-01T00:00:00.000Z","type":3}]},{"iso_3166_1":"BR","release_dates":[{"certification":"12","iso_639_1":"","note":"","release_date":"2012-04-27T00:00:00.000Z","type":3}]},{"iso_3166_1":"SK","release_dates":[{"certification":"12","iso_639_1":"","note":"","release_date":"2012-05-03T00:00:00.000Z","type":3}]},{"iso_3166_1":"NL","release_dates":[{"certification":"12","iso_639_1":"","note":"","release_date":"2012-04-25T00:00:00.000Z","type":3},{"certification":"12","iso_639_1":"","note":"DVD","release_date":"2012-08-26T00:00:00.000Z","type":5},{"certification":"12","iso_639_1":"","note":"Blu ray","release_date":"2012-08-29T00:00:00.000Z","type":5},{"certification":"12","iso_639_1":"","note":"Veronica","release_date":"2014-09-01T00:00:00.000Z","type":6}]},{"iso_3166_1":"BE","release_dates":[{"certification":"12","iso_639_1":"","note":"","release_date":"2012-04-25T00:00:00.000Z","type":3}]},{"iso_3166_1":"SE","release_dates":[{"certification":"11","iso_639_1":"","note":"","release_date":"2012-04-27T00:00:00.000Z","type":3},{"certification":"11","iso_639_1":"","note":"","release_date":"2012-09-05T00:00:00.000Z","type":5}]},{"iso_3166_1":"DK","release_dates":[{"certification":"11","iso_639_1":"","note":"","release_date":"2012-04-26T00:00:00.000Z","type":3}]},{"iso_3166_1":"PA","release_dates":[{"certification":"","iso_639_1":"","note":"","release_date":"2012-04-27T00:00:00.000Z","type":3}]},{"iso_3166_1":"GT","release_dates":[{"certification":"","iso_639_1":"","note":"","release_date":"2012-04-27T00:00:00.000Z","type":3}]},{"iso_3166_1":"PY","release_dates":[{"certification":"","iso_639_1":"","note":"","release_date":"2012-04-27T00:00:00.000Z","type":3}]},{"iso_3166_1":"FR","release_dates":[{"certification":"U","iso_639_1":"","note":"","release_date":"2012-04-25T00:00:00.000Z","type":3}]},{"iso_3166_1":"IN","release_dates":[{"certification":"","iso_639_1":"","note":"","release_date":"2012-04-27T00:00:00.000Z","type":3}]},{"iso_3166_1":"IS","release_dates":[{"certification":"","iso_639_1":"","note":"","release_date":"2012-04-27T00:00:00.000Z","type":3}]},{"iso_3166_1":"GE","release_dates":[{"certification":"","iso_639_1":"","note":"","release_date":"2012-05-31T00:00:00.000Z","type":3}]},{"iso_3166_1":"CR","release_dates":[{"certification":"","iso_639_1":"","note":"","release_date":"2012-04-27T00:00:00.000Z","type":3}]},{"iso_3166_1":"TH","release_dates":[{"certification":"PG-13","iso_639_1":"","note":"","release_date":"2012-05-01T00:00:00.000Z","type":3}]},{"iso_3166_1":"CO","release_dates":[{"certification":"","iso_639_1":"","note":"","release_date":"2012-04-27T00:00:00.000Z","type":3}]},{"iso_3166_1":"NZ","release_dates":[{"certification":"","iso_639_1":"","note":"","release_date":"2012-04-25T00:00:00.000Z","type":3}]},{"iso_3166_1":"HU","release_dates":[{"certification":"12","iso_639_1":"","note":"","release_date":"2012-04-26T00:00:00.000Z","type":3}]},{"iso_3166_1":"BG","release_dates":[{"certification":"","iso_639_1":"","note":"","release_date":"2012-05-01T00:00:00.000Z","type":3}]},{"iso_3166_1":"TR","release_dates":[{"certification":"","iso_639_1":"","note":"","release_date":"2012-05-04T00:00:00.000Z","type":3}]},{"iso_3166_1":"PE","release_dates":[{"certification":"","iso_639_1":"","note":"","release_date":"2012-04-26T00:00:00.000Z","type":3}]},{"iso_3166_1":"HR","release_dates":[{"certification":"","iso_639_1":"","note":"","release_date":"2012-05-03T00:00:00.000Z","type":3}]},{"iso_3166_1":"DE","release_dates":[{"certification":"12","iso_639_1":"","note":"","release_date":"2012-04-26T00:00:00.000Z","type":3}]},{"iso_3166_1":"JP","release_dates":[{"certification":"","iso_639_1":"","note":"","release_date":"2012-08-14T00:00:00.000Z","type":3}]},{"iso_3166_1":"DO","release_dates":[{"certification":"","iso_639_1":"","note":"","release_date":"2012-04-26T00:00:00.000Z","type":3}]},{"iso_3166_1":"CZ","release_dates":[{"certification":"","iso_639_1":"","note":"","release_date":"2012-05-03T00:00:00.000Z","type":3}]},{"iso_3166_1":"KZ","release_dates":[{"certification":"","iso_639_1":"","note":"","release_date":"2012-05-03T00:00:00.000Z","type":3}]},{"iso_3166_1":"IE","release_dates":[{"certification":"","iso_639_1":"","note":"","release_date":"2012-04-26T00:00:00.000Z","type":3}]},{"iso_3166_1":"MY","release_dates":[{"certification":"","iso_639_1":"","note":"","release_date":"2012-04-26T00:00:00.000Z","type":3}]},{"iso_3166_1":"AT","release_dates":[{"certification":"","iso_639_1":"","note":"","release_date":"2012-04-26T00:00:00.000Z","type":3}]},{"iso_3166_1":"TW","release_dates":[{"certification":"","iso_639_1":"","note":"","release_date":"2012-04-25T00:00:00.000Z","type":3}]},{"iso_3166_1":"KW","release_dates":[{"certification":"","iso_639_1":"","note":"","release_date":"2012-05-03T00:00:00.000Z","type":3}]},{"iso_3166_1":"MX","release_dates":[{"certification":"","iso_639_1":"","note":"","release_date":"2012-04-27T00:00:00.000Z","type":3}]},{"iso_3166_1":"PH","release_dates":[{"certification":"","iso_639_1":"","note":"","release_date":"2012-04-25T00:00:00.000Z","type":3}]},{"iso_3166_1":"UA","release_dates":[{"certification":"","iso_639_1":"","note":"","release_date":"2012-05-03T00:00:00.000Z","type":3}]},{"iso_3166_1":"FI","release_dates":[{"certification":"","iso_639_1":"","note":"","release_date":"2012-04-27T00:00:00.000Z","type":3}]},{"iso_3166_1":"BD","release_dates":[{"certification":"","iso_639_1":"","note":"","release_date":"2012-08-03T00:00:00.000Z","type":3}]},{"iso_3166_1":"ZA","release_dates":[{"certification":"10V","iso_639_1":"","note":"","release_date":"2012-04-26T00:00:00.000Z","type":3}]},{"iso_3166_1":"AR","release_dates":[{"certification":"","iso_639_1":"","note":"","release_date":"2012-04-26T00:00:00.000Z","type":3}]},{"iso_3166_1":"HK","release_dates":[{"certification":"","iso_639_1":"","note":"","release_date":"2012-04-26T00:00:00.000Z","type":3}]},{"iso_3166_1":"UY","release_dates":[{"certification":"","iso_639_1":"","note":"","release_date":"2012-04-27T00:00:00.000Z","type":3}]},{"iso_3166_1":"LT","release_dates":[{"certification":"","iso_639_1":"","note":"","release_date":"2012-05-04T00:00:00.000Z","type":3}]},{"iso_3166_1":"IL","release_dates":[{"certification":"","iso_639_1":"","note":"","release_date":"2012-05-10T00:00:00.000Z","type":3}]},{"iso_3166_1":"VN","release_dates":[{"certification":"","iso_639_1":"","note":"","release_date":"2012-04-27T00:00:00.000Z","type":3}]},{"iso_3166_1":"PK","release_dates":[{"certification":"","iso_639_1":"","note":"","release_date":"2012-05-11T00:00:00.000Z","type":3}]},{"iso_3166_1":"BH","release_dates":[{"certification":"","iso_639_1":"","note":"","release_date":"2012-05-03T00:00:00.000Z","type":3}]},{"iso_3166_1":"AM","release_dates":[{"certification":"","iso_639_1":"","note":"","release_date":"2012-05-10T00:00:00.000Z","type":3}]},{"iso_3166_1":"SI","release_dates":[{"certification":"","iso_639_1":"","note":"","release_date":"2012-05-03T00:00:00.000Z","type":3}]},{"iso_3166_1":"EE","release_dates":[{"certification":"","iso_639_1":"","note":"","release_date":"2012-05-04T00:00:00.000Z","type":3}]},{"iso_3166_1":"PL","release_dates":[{"certification":"","iso_639_1":"","note":"","release_date":"2012-05-11T00:00:00.000Z","type":3}]},{"iso_3166_1":"CL","release_dates":[{"certification":"","iso_639_1":"","note":"","release_date":"2012-04-26T00:00:00.000Z","type":3}]},{"iso_3166_1":"SG","release_dates":[{"certification":"","iso_639_1":"","note":"","release_date":"2012-05-01T00:00:00.000Z","type":3}]},{"iso_3166_1":"MK","release_dates":[{"certification":"","iso_639_1":"","note":"","release_date":"2012-05-11T00:00:00.000Z","type":3}]},{"iso_3166_1":"RU","release_dates":[{"certification":"12+","iso_639_1":"","note":"","release_date":"2012-05-03T00:00:00.000Z","type":3},{"certification":"12+","iso_639_1":null,"note":"DVD, Blu-ray","release_date":"2012-08-28T00:00:00.000Z","type":5}]},{"iso_3166_1":"ID","release_dates":[{"certification":"","iso_639_1":"","note":"","release_date":"2012-05-04T00:00:00.000Z","type":3}]},{"iso_3166_1":"PT","release_dates":[{"certification":"M/12","iso_639_1":"","note":"","release_date":"2012-04-25T00:00:00.000Z","type":3}]},{"iso_3166_1":"RO","release_dates":[{"certification":"","iso_639_1":"","note":"","release_date":"2012-05-04T00:00:00.000Z","type":3}]},{"iso_3166_1":"NO","release_dates":[{"certification":"","iso_639_1":"","note":"","release_date":"2012-04-27T00:00:00.000Z","type":3}]},{"iso_3166_1":"KH","release_dates":[{"certification":"","iso_639_1":"","note":"","release_date":"2012-05-17T00:00:00.000Z","type":3}]}]}
<-- END HTTP (9957-byte, 810-gzipped-byte body)
]]></system-out>
  </testcase>
  <testcase name="test_popular" classname="com.uwetrottmann.tmdb2.services.MoviesServiceTest" time="0.203"/>
  <testcase name="test_externalIds" classname="com.uwetrottmann.tmdb2.services.MoviesServiceTest" time="0.083"/>
  <testcase name="test_keywords" classname="com.uwetrottmann.tmdb2.services.MoviesServiceTest" time="0.159"/>
  <testcase name="test_changes" classname="com.uwetrottmann.tmdb2.services.MoviesServiceTest" time="0.406"/>
  <testcase name="test_images" classname="com.uwetrottmann.tmdb2.services.MoviesServiceTest" time="0.149"/>
  <testcase name="test_latest" classname="com.uwetrottmann.tmdb2.services.MoviesServiceTest" time="0.021"/>
  <testcase name="test_summary_language" classname="com.uwetrottmann.tmdb2.services.MoviesServiceTest" time="0.115">
    <failure message="expected:&lt;&quot;[The Avengers - ]Os Vingadores&quot;&gt; but was:&lt;&quot;[]Os Vingadores&quot;&gt;" type="org.junit.ComparisonFailure"><![CDATA[org.junit.ComparisonFailure: expected:<"[The Avengers - ]Os Vingadores"> but was:<"[]Os Vingadores">
	at com.uwetrottmann.tmdb2.services.MoviesServiceTest.test_summary_language(MoviesServiceTest.java:69)
]]></failure>
    <system-out><![CDATA[--> GET https://api.themoviedb.org/3/movie/24428?language=pt-BR&api_key=25da90e9f8f0b3892d8bdeb6c3d6267d h2
Host: api.themoviedb.org
Connection: Keep-Alive
Accept-Encoding: gzip
User-Agent: okhttp/3.12.0
--> END GET
<-- 200 https://api.themoviedb.org/3/movie/24428?language=pt-BR&api_key=25da90e9f8f0b3892d8bdeb6c3d6267d (165ms)
content-type: application/json;charset=utf-8
date: Mon, 27 Jul 2020 01:35:45 GMT
server: openresty
access-control-allow-origin: *
access-control-allow-methods: GET, HEAD, POST, PUT, DELETE, OPTIONS
access-control-expose-headers: ETag, X-RateLimit-Limit, X-RateLimit-Remaining, X-RateLimit-Reset, Retry-After, Content-Length, Content-Range
cache-control: public, max-age=21600
x-memc: HIT
x-memc-key: 69b4946d8df2e98e3291aae5be7873c3
x-memc-age: 9077
x-memc-expires: 12523
etag: W/"dc9711ccf2b21c5d498793e4a90612cf"
last-modified: Mon, 27 Jul 2020 01:35:45 GMT
content-encoding: gzip
vary: Accept-Encoding
x-cache: Miss from cloudfront
via: 1.1 c26b8e74df43cd99786e716221463d0c.cloudfront.net (CloudFront)
x-amz-cf-pop: FRA6-C1
x-amz-cf-id: iZKkUSK3d0ozCUdU0uUlGbK62a7MNJAU1V-2Asyy7M3hpM6COYkqWw==

{"adult":false,"backdrop_path":"/kwUQFeFXOOpgloMgZaadhzkbTI4.jpg","belongs_to_collection":{"id":86311,"name":"Os Vingadores","poster_path":"/bvjltR2nDuhf1NlnwCrgNwvHuIh.jpg","backdrop_path":"/zuW6fOiusv4X9nnW3paHGfXcSll.jpg"},"budget":220000000,"genres":[{"id":878,"name":"Ficção científica"},{"id":28,"name":"Ação"},{"id":12,"name":"Aventura"}],"homepage":"http://marvel.com/avengers_movie/","id":24428,"imdb_id":"tt0848228","original_language":"en","original_title":"The Avengers","overview":"Loki, o irmão de Thor, ganha acesso ao poder ilimitado do cubo cósmico ao roubá-lo de dentro das instalações da S.H.I.E.L.D. Nick Fury, o diretor desta agência internacional que mantém a paz, logo reúne os únicos super-heróis que serão capazes de defender a Terra de ameaças sem precedentes. Homem de Ferro, Capitão América, Hulk, Thor, Viúva Negra e Gavião Arqueiro formam o time dos sonhos de Fury, mas eles precisam aprender a colocar os egos de lado e agir como um grupo em prol da humanidade.","popularity":42.686,"poster_path":"/u49fzmIJHkb1H4oGFTXtBGgaUS1.jpg","production_companies":[{"id":420,"logo_path":"/hUzeosd33nzE5MCNsZxCGEKTXaQ.png","name":"Marvel Studios","origin_country":"US"},{"id":4,"logo_path":"/fycMZt242LVjagMByZOLUGbCvv3.png","name":"Paramount","origin_country":"US"}],"production_countries":[{"iso_3166_1":"US","name":"United States of America"}],"release_date":"2012-04-25","revenue":1519557910,"runtime":143,"spoken_languages":[{"iso_639_1":"en","name":"English"},{"iso_639_1":"hi","name":"हिन्दी"},{"iso_639_1":"ru","name":"Pусский"}],"status":"Released","tagline":"Os maiores heróis da terra juntos.","title":"Os Vingadores","video":false,"vote_average":7.7,"vote_count":22819}
<-- END HTTP (1742-byte, 1070-gzipped-byte body)
]]></system-out>
  </testcase>
  <testcase name="test_credits" classname="com.uwetrottmann.tmdb2.services.MoviesServiceTest" time="0.566"/>
  <testcase name="test_reviews" classname="com.uwetrottmann.tmdb2.services.MoviesServiceTest" time="0.455"/>
  <testcase name="test_videos" classname="com.uwetrottmann.tmdb2.services.MoviesServiceTest" time="0.024"/>
  <testcase name="test_upcoming" classname="com.uwetrottmann.tmdb2.services.MoviesServiceTest" time="0.109"/>
  <testcase name="test_similar" classname="com.uwetrottmann.tmdb2.services.MoviesServiceTest" time="0.081"/>
  <testcase name="test_alternative_titles" classname="com.uwetrottmann.tmdb2.services.MoviesServiceTest" time="0.013"/>
  <testcase name="test_recommendations" classname="com.uwetrottmann.tmdb2.services.MoviesServiceTest" time="0.264"/>
  <testcase name="test_summary" classname="com.uwetrottmann.tmdb2.services.MoviesServiceTest" time="0.071"/>
  <testcase name="test_summary_append_all" classname="com.uwetrottmann.tmdb2.services.MoviesServiceTest" time="4.77">
    <failure message="&#10;Expecting actual not to be null" type="java.lang.AssertionError">java.lang.AssertionError: 

Expecting actual not to be null
	at com.uwetrottmann.tmdb2.services.MoviesServiceTest.test_summary_append_all(MoviesServiceTest.java:105)
</failure>
    <system-out><![CDATA[--> GET https://api.themoviedb.org/3/movie/24428?language=en&append_to_response=release_dates%2Ccredits%2Cvideos%2Calternative_titles%2Csimilar%2Cchanges%2Ctranslations%2Cimages%2Crecommendations%2Creviews%2Clists%2Ckeywords&end_date=2017-04-02&start_date=2017-03-24&api_key=25da90e9f8f0b3892d8bdeb6c3d6267d h2
Host: api.themoviedb.org
Connection: Keep-Alive
Accept-Encoding: gzip
User-Agent: okhttp/3.12.0
--> END GET
<-- 200 https://api.themoviedb.org/3/movie/24428?language=en&append_to_response=release_dates%2Ccredits%2Cvideos%2Calternative_titles%2Csimilar%2Cchanges%2Ctranslations%2Cimages%2Crecommendations%2Creviews%2Clists%2Ckeywords&end_date=2017-04-02&start_date=2017-03-24&api_key=25da90e9f8f0b3892d8bdeb6c3d6267d (626ms)
content-type: application/json;charset=utf-8
date: Mon, 27 Jul 2020 01:35:48 GMT
server: openresty
access-control-allow-origin: *
access-control-allow-methods: GET, HEAD, POST, PUT, DELETE, OPTIONS
access-control-expose-headers: ETag, X-RateLimit-Limit, X-RateLimit-Remaining, X-RateLimit-Reset, Retry-After, Content-Length, Content-Range
cache-control: public, max-age=21600
x-memc: MISS, STORE
x-memc-key: 2298d58822322580a6c40574e2892c2f
x-memc-age: 0
x-memc-expires: 21600
last-modified: 2020-07-08 23:55:53 +0000
etag: W/"08386cb58eb4b0927a0b2a4b41b10b48"
content-encoding: gzip
vary: Accept-Encoding
x-cache: Miss from cloudfront
via: 1.1 c26b8e74df43cd99786e716221463d0c.cloudfront.net (CloudFront)
x-amz-cf-pop: FRA6-C1
x-amz-cf-id: h9ujBIIdUTPxXMs9OEPKUGIPf0a94HMDJaYxhkfSjsWNJ6Gc4kcpMA==

{"adult":false,"backdrop_path":"/kwUQFeFXOOpgloMgZaadhzkbTI4.jpg","belongs_to_collection":{"id":86311,"name":"The Avengers Collection","poster_path":"/tqXiOD5rTyHgabO73Tpw9JDbd88.jpg","backdrop_path":"/zuW6fOiusv4X9nnW3paHGfXcSll.jpg"},"budget":220000000,"genres":[{"id":878,"name":"Science Fiction"},{"id":28,"name":"Action"},{"id":12,"name":"Adventure"}],"homepage":"http://marvel.com/avengers_movie/","id":24428,"imdb_id":"tt0848228","original_language":"en","original_title":"The Avengers","overview":"When an unexpected enemy emerges and threatens global safety and security, Nick Fury, director of the international peacekeeping agency known as S.H.I.E.L.D., finds himself in need of a team to pull the world back from the brink of disaster. Spanning the globe, a daring recruitment effort begins!","popularity":45.858,"poster_path":"/RYMX2wcKCBAr24UyPD7xwmjaTn.jpg","production_companies":[{"id":420,"logo_path":"/hUzeosd33nzE5MCNsZxCGEKTXaQ.png","name":"Marvel Studios","origin_country":"US"},{"id":4,"logo_path":"/fycMZt242LVjagMByZOLUGbCvv3.png","name":"Paramount","origin_country":"US"}],"production_countries":[{"iso_3166_1":"US","name":"United States of America"}],"release_date":"2012-04-25","revenue":1519557910,"runtime":143,"spoken_languages":[{"iso_639_1":"en","name":"English"},{"iso_639_1":"hi","name":"हिन्दी"},{"iso_639_1":"ru","name":"Pусский"}],"status":"Released","tagline":"Some assembly required.","title":"The Avengers","video":false,"vote_average":7.7,"vote_count":22819,"release_dates":{"results":[{"iso_3166_1":"GR","release_dates":[{"certification":"Κ-13","iso_639_1":"","note":"","release_date":"2012-04-25T00:00:00.000Z","type":3}]},{"iso_3166_1":"IT","release_dates":[{"certification":"T","iso_639_1":"","note":"","release_date":"2012-04-25T00:00:00.000Z","type":3}]},{"iso_3166_1":"QA","release_dates":[{"certification":"Qatar Cinemas","iso_639_1":"","note":"","release_date":"2012-04-27T00:00:00.000Z","type":3}]},{"iso_3166_1":"US","release_dates":[{"certification":"PG-13","iso_639_1":"","note":"","release_date":"2012-05-04T00:00:00.000Z","type":3}]},{"iso_3166_1":"CA","release_dates":[{"certification":"PG","iso_639_1":"","note":"","release_date":"2012-05-04T00:00:00.000Z","type":3}]},{"iso_3166_1":"AU","release_dates":[{"certification":"M","iso_639_1":"","note":"","release_date":"2012-04-25T00:00:00.000Z","type":3}]},{"iso_3166_1":"ES","release_dates":[{"certification":"7","iso_639_1":"es","note":"","release_date":"2012-04-27T00:00:00.000Z","type":3}]},{"iso_3166_1":"KR","release_dates":[{"certification":"12세 이상 관람가","iso_639_1":"","note":"","release_date":"2012-04-26T00:00:00.000Z","type":3}]},{"iso_3166_1":"GB","release_dates":[{"certification":"12A","iso_639_1":"","note":"","release_date":"2012-04-26T00:00:00.000Z","type":3}]},{"iso_3166_1":"LV","release_dates":[{"certification":"12+","iso_639_1":"","note":"","release_date":"2012-05-01T00:00:00.000Z","type":3}]},{"iso_3166_1":"BR","release_dates":[{"certification":"12","iso_639_1":"","note":"","release_date":"2012-04-27T00:00:00.000Z","type":3}]},{"iso_3166_1":"SK","release_dates":[{"certification":"12","iso_639_1":"","note":"","release_date":"2012-05-03T00:00:00.000Z","type":3}]},{"iso_3166_1":"NL","release_dates":[{"certification":"12","iso_639_1":"","note":"","release_date":"2012-04-25T00:00:00.000Z","type":3},{"certification":"12","iso_639_1":"","note":"DVD","release_date":"2012-08-26T00:00:00.000Z","type":5},{"certification":"12","iso_639_1":"","note":"Blu ray","release_date":"2012-08-29T00:00:00.000Z","type":5},{"certification":"12","iso_639_1":"","note":"Veronica","release_date":"2014-09-01T00:00:00.000Z","type":6}]},{"iso_3166_1":"BE","release_dates":[{"certification":"12","iso_639_1":"","note":"","release_date":"2012-04-25T00:00:00.000Z","type":3}]},{"iso_3166_1":"SE","release_dates":[{"certification":"11","iso_639_1":"","note":"","release_date":"2012-04-27T00:00:00.000Z","type":3},{"certification":"11","iso_639_1":"","note":"","release_date":"2012-09-05T00:00:00.000Z","type":5}]},{"iso_3166_1":"DK","release_dates":[{"certification":"11","iso_639_1":"","note":"","release_date":"2012-04-26T00:00:00.000Z","type":3}]},{"iso_3166_1":"PA","release_dates":[{"certification":"","iso_639_1":"","note":"","release_date":"2012-04-27T00:00:00.000Z","type":3}]},{"iso_3166_1":"GT","release_dates":[{"certification":"","iso_639_1":"","note":"","release_date":"2012-04-27T00:00:00.000Z","type":3}]},{"iso_3166_1":"PY","release_dates":[{"certification":"","iso_639_1":"","note":"","release_date":"2012-04-27T00:00:00.000Z","type":3}]},{"iso_3166_1":"FR","release_dates":[{"certification":"U","iso_639_1":"","note":"","release_date":"2012-04-25T00:00:00.000Z","type":3}]},{"iso_3166_1":"IN","release_dates":[{"certification":"","iso_639_1":"","note":"","release_date":"2012-04-27T00:00:00.000Z","type":3}]},{"iso_3166_1":"IS","release_dates":[{"certification":"","iso_639_1":"","note":"","release_date":"2012-04-27T00:00:00.000Z","type":3}]},{"iso_3166_1":"GE","release_dates":[{"certification":"","iso_639_1":"","note":"","release_date":"2012-05-31T00:00:00.000Z","type":3}]},{"iso_3166_1":"CR","release_dates":[{"certification":"","iso_639_1":"","note":"","release_date":"2012-04-27T00:00:00.000Z","type":3}]},{"iso_3166_1":"TH","release_dates":[{"certification":"PG-13","iso_639_1":"","note":"","release_date":"2012-05-01T00:00:00.000Z","type":3}]},{"iso_3166_1":"CO","release_dates":[{"certification":"","iso_639_1":"","note":"","release_date":"2012-04-27T00:00:00.000Z","type":3}]},{"iso_3166_1":"NZ","release_dates":[{"certification":"","iso_639_1":"","note":"","release_date":"2012-04-25T00:00:00.000Z","type":3}]},{"iso_3166_1":"HU","release_dates":[{"certification":"12","iso_639_1":"","note":"","release_date":"2012-04-26T00:00:00.000Z","type":3}]},{"iso_3166_1":"BG","release_dates":[{"certification":"","iso_639_1":"","note":"","release_date":"2012-05-01T00:00:00.000Z","type":3}]},{"iso_3166_1":"TR","release_dates":[{"certification":"","iso_639_1":"","note":"","release_date":"2012-05-04T00:00:00.000Z","type":3}]},{"iso_3166_1":"PE","release_dates":[{"certification":"","iso_639_1":"","note":"","release_date":"2012-04-26T00:00:00.000Z","type":3}]},{"iso_3166_1":"HR","release_dates":[{"certification":"","iso_639_1":"","note":"","release_date":"2012-05-03T00:00:00.000Z","type":3}]},{"iso_3166_1":"DE","release_dates":[{"certification":"12","iso_639_1":"","note":"","release_date":"2012-04-26T00:00:00.000Z","type":3}]},{"iso_3166_1":"JP","release_dates":[{"certification":"","iso_639_1":"","note":"","release_date":"2012-08-14T00:00:00.000Z","type":3}]},{"iso_3166_1":"DO","release_dates":[{"certification":"","iso_639_1":"","note":"","release_date":"2012-04-26T00:00:00.000Z","type":3}]},{"iso_3166_1":"CZ","release_dates":[{"certification":"","iso_639_1":"","note":"","release_date":"2012-05-03T00:00:00.000Z","type":3}]},{"iso_3166_1":"KZ","release_dates":[{"certification":"","iso_639_1":"","note":"","release_date":"2012-05-03T00:00:00.000Z","type":3}]},{"iso_3166_1":"IE","release_dates":[{"certification":"","iso_639_1":"","note":"","release_date":"2012-04-26T00:00:00.000Z","type":3}]},{"iso_3166_1":"MY","release_dates":[{"certification":"","iso_639_1":"","note":"","release_date":"2012-04-26T00:00:00.000Z","type":3}]},{"iso_3166_1":"AT","release_dates":[{"certification":"","iso_639_1":"","note":"","release_date":"2012-04-26T00:00:00.000Z","type":3}]},{"iso_3166_1":"TW","release_dates":[{"certification":"","iso_639_1":"","note":"","release_date":"2012-04-25T00:00:00.000Z","type":3}]},{"iso_3166_1":"KW","release_dates":[{"certification":"","iso_639_1":"","note":"","release_date":"2012-05-03T00:00:00.000Z","type":3}]},{"iso_3166_1":"MX","release_dates":[{"certification":"","iso_639_1":"","note":"","release_date":"2012-04-27T00:00:00.000Z","type":3}]},{"iso_3166_1":"PH","release_dates":[{"certification":"","iso_639_1":"","note":"","release_date":"2012-04-25T00:00:00.000Z","type":3}]},{"iso_3166_1":"UA","release_dates":[{"certification":"","iso_639_1":"","note":"","release_date":"2012-05-03T00:00:00.000Z","type":3}]},{"iso_3166_1":"FI","release_dates":[{"certification":"","iso_639_1":"","note":"","release_date":"2012-04-27T00:00:00.000Z","type":3}]},{"iso_3166_1":"BD","release_dates":[{"certification":"","iso_639_1":"","note":"","release_date":"2012-08-03T00:00:00.000Z","type":3}]},{"iso_3166_1":"ZA","release_dates":[{"certification":"10V","iso_639_1":"","note":"","release_date":"2012-04-26T00:00:00.000Z","type":3}]},{"iso_3166_1":"AR","release_dates":[{"certification":"","iso_639_1":"","note":"","release_date":"2012-04-26T00:00:00.000Z","type":3}]},{"iso_3166_1":"HK","release_dates":[{"certification":"","iso_639_1":"","note":"","release_date":"2012-04-26T00:00:00.000Z","type":3}]},{"iso_3166_1":"UY","release_dates":[{"certification":"","iso_639_1":"","note":"","release_date":"2012-04-27T00:00:00.000Z","type":3}]},{"iso_3166_1":"LT","release_dates":[{"certification":"","iso_639_1":"","note":"","release_date":"2012-05-04T00:00:00.000Z","type":3}]},{"iso_3166_1":"IL","release_dates":[{"certification":"","iso_639_1":"","note":"","release_date":"2012-05-10T00:00:00.000Z","type":3}]},{"iso_3166_1":"VN","release_dates":[{"certification":"","iso_639_1":"","note":"","release_date":"2012-04-27T00:00:00.000Z","type":3}]},{"iso_3166_1":"PK","release_dates":[{"certification":"","iso_639_1":"","note":"","release_date":"2012-05-11T00:00:00.000Z","type":3}]},{"iso_3166_1":"BH","release_dates":[{"certification":"","iso_639_1":"","note":"","release_date":"2012-05-03T00:00:00.000Z","type":3}]},{"iso_3166_1":"AM","release_dates":[{"certification":"","iso_639_1":"","note":"","release_date":"2012-05-10T00:00:00.000Z","type":3}]},{"iso_3166_1":"SI","release_dates":[{"certification":"","iso_639_1":"","note":"","release_date":"2012-05-03T00:00:00.000Z","type":3}]},{"iso_3166_1":"EE","release_dates":[{"certification":"","iso_639_1":"","note":"","release_date":"2012-05-04T00:00:00.000Z","type":3}]},{"iso_3166_1":"PL","release_dates":[{"certification":"","iso_639_1":"","note":"","release_date":"2012-05-11T00:00:00.000Z","type":3}]},{"iso_3166_1":"CL","release_dates":[{"certification":"","iso_639_1":"","note":"","release_date":"2012-04-26T00:00:00.000Z","type":3}]},{"iso_3166_1":"SG","release_dates":[{"certification":"","iso_639_1":"","note":"","release_date":"2012-05-01T00:00:00.000Z","type":3}]},{"iso_3166_1":"MK","release_dates":[{"certification":"","iso_639_1":"","note":"","release_date":"2012-05-11T00:00:00.000Z","type":3}]},{"iso_3166_1":"RU","release_dates":[{"certification":"12+","iso_639_1":"","note":"","release_date":"2012-05-03T00:00:00.000Z","type":3},{"certification":"12+","iso_639_1":null,"note":"DVD, Blu-ray","release_date":"2012-08-28T00:00:00.000Z","type":5}]},{"iso_3166_1":"ID","release_dates":[{"certification":"","iso_639_1":"","note":"","release_date":"2012-05-04T00:00:00.000Z","type":3}]},{"iso_3166_1":"PT","release_dates":[{"certification":"M/12","iso_639_1":"","note":"","release_date":"2012-04-25T00:00:00.000Z","type":3}]},{"iso_3166_1":"RO","release_dates":[{"certification":"","iso_639_1":"","note":"","release_date":"2012-05-04T00:00:00.000Z","type":3}]},{"iso_3166_1":"NO","release_dates":[{"certification":"","iso_639_1":"","note":"","release_date":"2012-04-27T00:00:00.000Z","type":3}]},{"iso_3166_1":"KH","release_dates":[{"certification":"","iso_639_1":"","note":"","release_date":"2012-05-17T00:00:00.000Z","type":3}]}]},"credits":{"cast":[{"cast_id":46,"character":"Tony Stark / Iron Man","credit_id":"52fe4495c3a368484e02b251","gender":2,"id":3223,"name":"Robert Downey Jr.","order":0,"profile_path":"/5qHNjhtjMD4YWH3UP0rm4tKwxCL.jpg"},{"cast_id":2,"character":"Steve Rogers / Captain America","credit_id":"52fe4495c3a368484e02b19b","gender":2,"id":16828,"name":"Chris Evans","order":1,"profile_path":"/bOH7QqvC9FShVMzWH2wBTtb2iwX.jpg"},{"cast_id":307,"character":"Bruce Banner / The Hulk","credit_id":"5e85e8083344c60015411cfa","gender":2,"id":103,"name":"Mark Ruffalo","order":2,"profile_path":"/z3dvKqMNDQWk3QLxzumloQVR0pv.jpg"},{"cast_id":4,"character":"Thor Odinson","credit_id":"52fe4495c3a368484e02b1a5","gender":2,"id":74568,"name":"Chris Hemsworth","order":3,"profile_path":"/oSGVmWhn4WT4TI4PCiQrpym6LfW.jpg"},{"cast_id":34,"character":"Natasha Romanoff / Black Widow","credit_id":"52fe4495c3a368484e02b229","gender":1,"id":1245,"name":"Scarlett Johansson","order":4,"profile_path":"/6NsMbJXRlDZuDzatN2akFdGuTvx.jpg"},{"cast_id":33,"character":"Clint Barton / Hawkeye","credit_id":"52fe4495c3a368484e02b225","gender":2,"id":17604,"name":"Jeremy Renner","order":5,"profile_path":"/pGE3KiHxx7iRCs4yKP9wSFsVCyh.jpg"},{"cast_id":35,"character":"Loki","credit_id":"52fe4495c3a368484e02b22d","gender":2,"id":91606,"name":"Tom Hiddleston","order":6,"profile_path":"/mclHxMm8aPlCPKptP67257F5GPo.jpg"},{"cast_id":36,"character":"Nick Fury","credit_id":"52fe4495c3a368484e02b231","gender":2,"id":2231,"name":"Samuel L. Jackson","order":7,"profile_path":"/mXN4Gw9tZJVKrLJHde2IcUHmV3P.jpg"},{"cast_id":37,"character":"Maria Hill","credit_id":"52fe4495c3a368484e02b235","gender":1,"id":71189,"name":"Cobie Smulders","order":8,"profile_path":"/kgCkJEpeyAsQMMvVmgVM5Agh9Ww.jpg"},{"cast_id":38,"character":"Phil Coulson","credit_id":"52fe4495c3a368484e02b239","gender":2,"id":9048,"name":"Clark Gregg","order":9,"profile_path":"/mq686D91XoZpqkzELn0888NOiZW.jpg"},{"cast_id":41,"character":"Erik Selvig","credit_id":"52fe4495c3a368484e02b241","gender":2,"id":1640,"name":"Stellan Skarsgård","order":10,"profile_path":"/x78BtYHElirO7Iw8bL4m8CnzRDc.jpg"},{"cast_id":40,"character":"Virginia \"Pepper\" Potts","credit_id":"52fe4495c3a368484e02b23d","gender":1,"id":12052,"name":"Gwyneth Paltrow","order":11,"profile_path":"/slPWN0VvYJtNOEuxlFSsXSNQMaF.jpg"},{"cast_id":42,"character":"J.A.R.V.I.S. (voice)","credit_id":"52fe4495c3a368484e02b245","gender":2,"id":6162,"name":"Paul Bettany","order":12,"profile_path":"/vcAVrAOZrpqmi37qjFdztRAv1u9.jpg"},{"cast_id":66,"character":"The Other","credit_id":"52fe4495c3a368484e02b28d","gender":2,"id":1214673,"name":"Alexis Denisof","order":13,"profile_path":"/luTHwbaLutoKYWJSpk2WyuPasvk.jpg"},{"cast_id":197,"character":"NASA Scientist","credit_id":"55872353c3a36827460064e8","gender":1,"id":60120,"name":"Tina Benko","order":14,"profile_path":"/2f43cxamP7eprHmBkHaNAgljWfJ.jpg"},{"cast_id":63,"character":"Georgi Luchkov","credit_id":"52fe4495c3a368484e02b281","gender":2,"id":43553,"name":"Jerzy Skolimowski","order":15,"profile_path":"/5yQ5GDNHTXrYrvT9ZcPk6VfrrgJ.jpg"},{"cast_id":198,"character":"Weaselly Thug","credit_id":"558723de9251416818000460","gender":2,"id":1479945,"name":"Kirill Nikiforov","order":16,"profile_path":null},{"cast_id":62,"character":"Tall Thug","credit_id":"52fe4495c3a368484e02b27d","gender":2,"id":51303,"name":"Jeff Wolfe","order":17,"profile_path":"/mrbVMbf2IOKP9hzxH9rBZk8Vyp6.jpg"},{"cast_id":199,"character":"Young Girl","credit_id":"5587241dc3a36837e9004ed2","gender":1,"id":1479946,"name":"M'laah Kaur Singh","order":18,"profile_path":null},{"cast_id":200,"character":"Calcutta Woman","credit_id":"558724a5c3a36836ea004b35","gender":1,"id":86157,"name":"Rashmi Rustagi","order":19,"profile_path":"/45ePs8pKwHcRTLuoW78nkF6KpPc.jpg"},{"cast_id":47,"character":"World Security Council","credit_id":"52fe4495c3a368484e02b255","gender":2,"id":6280,"name":"Powers Boothe","order":20,"profile_path":"/qk1KVY5N83MsO4Qvg4W1JA8SNFH.jpg"},{"cast_id":44,"character":"World Security Council","credit_id":"52fe4495c3a368484e02b249","gender":1,"id":14464,"name":"Jenny Agutter","order":21,"profile_path":"/hxroyCTMk54hesfCRo4g6Jwc8dT.jpg"},{"cast_id":50,"character":"World Security Council","credit_id":"52fe4495c3a368484e02b25d","gender":2,"id":188758,"name":"Arthur Darbinyan","order":22,"profile_path":"/2nvWg5Vi1AIfZrSUGPixV0BzXnF.jpg"},{"cast_id":51,"character":"World Security Council","credit_id":"52fe4495c3a368484e02b261","gender":2,"id":168246,"name":"Donald Li","order":23,"profile_path":"/5m4sBKHMSnKjZLbO0K8p0Cr48J5.jpg"},{"cast_id":201,"character":"Carrier BridgeTechs","credit_id":"5587254bc3a3682746006501","gender":2,"id":60878,"name":"Warren Kole","order":24,"profile_path":null},{"cast_id":54,"character":"Carrier Bridge Techs","credit_id":"52fe4495c3a368484e02b26d","gender":1,"id":81959,"name":"Alicia Sixtos","order":25,"profile_path":null},{"cast_id":64,"character":"Jasper Sitwell","credit_id":"52fe4495c3a368484e02b285","gender":2,"id":1018947,"name":"Maximiliano Hernández","order":26,"profile_path":"/cSlWqVimSVTtMv9GaI6WEPF38g3.jpg"},{"cast_id":57,"character":"Gala Scientist","credit_id":"52fe4495c3a368484e02b275","gender":2,"id":1033652,"name":"Dieter Riesle","order":27,"profile_path":"/qehkglvKLtvJNnAYjINowLRycrD.jpg"},{"cast_id":203,"character":"German Old Man","credit_id":"558726ab9251416b00000f16","gender":2,"id":87128,"name":"Kenneth Tigar","order":28,"profile_path":null},{"cast_id":45,"character":"Shield Pilot","credit_id":"52fe4495c3a368484e02b24d","gender":2,"id":101522,"name":"Walter Perez","order":29,"profile_path":null},{"cast_id":53,"character":"Security Guard","credit_id":"52fe4495c3a368484e02b269","gender":2,"id":5048,"name":"Harry Dean Stanton","order":30,"profile_path":"/197UiLVdxPOv8196sqmUpJzOQB5.jpg"},{"cast_id":204,"character":"Maintenance Guy","credit_id":"558727449251411dec0057c1","gender":2,"id":1479957,"name":"Josh Cowdery","order":31,"profile_path":"/2gAoACv2mr31vjqspM9fHIe3MgP.jpg"},{"cast_id":52,"character":"Waitress","credit_id":"52fe4495c3a368484e02b265","gender":1,"id":34486,"name":"Ashley Johnson","order":32,"profile_path":"/8s36QwB7Zq3PrbY1W6a6ctTFFoe.jpg"},{"cast_id":205,"character":"Japanese Family","credit_id":"5587277e9251411dec0057c9","gender":2,"id":1479959,"name":"Katsumi Komatsu","order":33,"profile_path":"/ojRddXZJ3mtPePEoGOkzPrvpC3w.jpg"},{"cast_id":206,"character":"Japanese Family","credit_id":"558727b1c3a3682746006516","gender":0,"id":1479961,"name":"Yumiko Komatsu","order":34,"profile_path":null},{"cast_id":208,"character":"Police Sergeant","credit_id":"5587280e9251416b00000f31","gender":2,"id":2256,"name":"Robert Clohessy","order":35,"profile_path":"/dCMkd5HgBsty829dWAgcS1RJexh.jpg"},{"cast_id":68,"character":"Police Officer","credit_id":"52fe4495c3a368484e02b295","gender":0,"id":1224022,"name":"Enver Gjokaj","order":36,"profile_path":"/1M3ISdFIaf4p1N3ZZTK7KnZwj9p.jpg"},{"cast_id":209,"character":"Office Woman","credit_id":"558728b9c3a368273500612e","gender":0,"id":1479967,"name":"Fernanda Toker","order":37,"profile_path":null},{"cast_id":210,"character":"News Reporter","credit_id":"5587b9629251416b00001b20","gender":1,"id":1480042,"name":"Andrea Vecchio","order":38,"profile_path":null},{"cast_id":211,"character":"News Reporter","credit_id":"5587b9a792514168180010f7","gender":1,"id":1480043,"name":"Robin Swoboda","order":39,"profile_path":null},{"cast_id":212,"character":"Faceless Pilot","credit_id":"5587b9e692514179f600356e","gender":2,"id":1480044,"name":"Brent McGee","order":40,"profile_path":"/xGZjnWTIf5UXLZ0Ru1301MoTrva.jpg"},{"cast_id":61,"character":"Celebration Montage Interviewee","credit_id":"52fe4495c3a368484e02b279","gender":2,"id":79079,"name":"Jamie McShane","order":41,"profile_path":"/wojvRZMpAwytyoFTMFOpvZ26qJq.jpg"},{"cast_id":213,"character":"Celebration Montage Interviewee","credit_id":"5587ba32c3a3683853005d35","gender":2,"id":1203089,"name":"Michael Zhang","order":42,"profile_path":"/h9QB1ZtISG83LdllBbEDHbearPm.jpg"},{"cast_id":214,"character":"Celebration Montage Interviewee","credit_id":"5587ba9c9251411efc0004f5","gender":2,"id":98626,"name":"William-Christopher Stephens","order":43,"profile_path":"/vXePrP9vsVLgnVcUbr8pmD8076L.jpg"},{"cast_id":215,"character":"Celebration Montage Interviewee","credit_id":"5587bb45c3a368273b006dc0","gender":1,"id":1480045,"name":"Kelley Robins Hicks","order":44,"profile_path":"/poutoGBoAz8znML2v16DvF27q4w.jpg"},{"cast_id":216,"character":"Shawna Lynde","credit_id":"5587bbd39251411e8d006114","gender":1,"id":156342,"name":"Romy Rosemont","order":45,"profile_path":"/dzhrqpUa7W6lVjuigj0G28WrHQz.jpg"},{"cast_id":67,"character":"Senator Boynton","credit_id":"52fe4495c3a368484e02b291","gender":2,"id":19151,"name":"James Eckhouse","order":46,"profile_path":"/iGG7iSZ5sBrmgkT9IHg1ipZCzgq.jpg"},{"cast_id":48,"character":"Himself","credit_id":"52fe4495c3a368484e02b259","gender":2,"id":7624,"name":"Stan Lee","order":47,"profile_path":"/nGjBAc25C3LT23NqeOfY1pCcax8.jpg"},{"cast_id":218,"character":"Himself","credit_id":"5587c0a2c3a36827460072f9","gender":2,"id":1234512,"name":"Thomas Roberts","order":48,"profile_path":"/uo8k9aGD3PHDPjXnsZF2E6eA3UD.jpg"},{"cast_id":217,"character":"Himself","credit_id":"5587c028c3a3683853005dae","gender":2,"id":1480047,"name":"Pat Kiernan","order":49,"profile_path":"/c8QASMhNim0bXySxaxRrkkzvKQ7.jpg"},{"cast_id":188,"character":"Thanos (uncredited)","credit_id":"552a8df6c3a36858d60038d8","gender":2,"id":150194,"name":"Damion Poitier","order":50,"profile_path":"/3BqfT7OMuAhLklO6TzBnhWoIZSA.jpg"},{"cast_id":231,"character":"Hulk (voice - uncredited)","credit_id":"5587c776c3a368273b006ead","gender":2,"id":19137,"name":"Lou Ferrigno","order":51,"profile_path":"/obTtRrm8EbDzuiKpLjAd9s1i9v5.jpg"},{"cast_id":202,"character":"Carrier BridgeTechs","credit_id":"55872600c3a3682746006509","gender":2,"id":66525,"name":"Jesse Garcia","order":52,"profile_path":"/jsEZz7z1wI95277m7S9YM1dbVYb.jpg"},{"cast_id":207,"character":"Japanese Family","credit_id":"558727d892514137bc006946","gender":0,"id":1479962,"name":"Momoko Komatsu","order":53,"profile_path":null},{"cast_id":65,"character":"Woman in Restaurant (uncredited)","credit_id":"52fe4495c3a368484e02b289","gender":0,"id":1263294,"name":"Jillian Morgese","order":54,"profile_path":"/tm3TQINb7D3nwhOfGRcKT0TxVCr.jpg"},{"cast_id":219,"character":"German Pedestrian (uncredited)","credit_id":"5587c1489251417f6f006e84","gender":1,"id":1480048,"name":"Catherine Anderson","order":55,"profile_path":null},{"cast_id":220,"character":"Lentil Merchant (uncredited)","credit_id":"5587c18fc3a3683853005dcd","gender":2,"id":1153698,"name":"Ricardo Andres","order":56,"profile_path":null},{"cast_id":221,"character":"S.H.I.E.L.D. Agent (uncredited)","credit_id":"5587c3acc3a3682735006e27","gender":2,"id":1480049,"name":"Logan Bennett","order":57,"profile_path":null},{"cast_id":222,"character":"Celebration Montage Man Shaving Beard (uncredited)","credit_id":"5587c406c3a3683853005e07","gender":2,"id":1191953,"name":"Mayank Bhatter","order":58,"profile_path":"/caE4ZU2W5eKlitJv5EvnxhGhpE6.jpg"},{"cast_id":223,"character":"Gala Guest (uncredited)","credit_id":"5587c4c9c3a368273b006e86","gender":1,"id":1480051,"name":"Sharita Bone","order":59,"profile_path":null},{"cast_id":224,"character":"Museum Gala Patron (uncredited)","credit_id":"5587c4fa9251411dec006508","gender":2,"id":1480053,"name":"Jason Botsford","order":60,"profile_path":null},{"cast_id":225,"character":"Stuttgart Biergarten patron (uncredited)","credit_id":"5587c541c3a36836ea00585e","gender":0,"id":1480055,"name":"Mary Kate Campbell","order":61,"profile_path":null},{"cast_id":226,"character":"S.H.I.E.L.D. Guard (uncredited)","credit_id":"5587c577925141681800121b","gender":0,"id":1403346,"name":"Gene N. Chavez","order":62,"profile_path":null},{"cast_id":227,"character":"Gala Guest (uncredited)","credit_id":"5587c608c3a368274600738d","gender":1,"id":1480056,"name":"Layla Cushman","order":63,"profile_path":"/sjiHDJ2nMkc93fAVgeZ8crHff2r.jpg"},{"cast_id":228,"character":"Soldier (uncredited)","credit_id":"5587c65bc3a36827460073a1","gender":2,"id":1466605,"name":"Robert Dean","order":64,"profile_path":"/sekcxYO8Rb8E0qdmlF8a33d04Dr.jpg"},{"cast_id":229,"character":"Museum Gala Guest (uncredited)","credit_id":"5587c70d9251411e8d006275","gender":0,"id":1480057,"name":"Rick Dremann","order":65,"profile_path":null},{"cast_id":230,"character":"Captain Putz (uncredited)","credit_id":"5587c73e925141681800124c","gender":2,"id":1480058,"name":"Jeffrey Feingold","order":66,"profile_path":null},{"cast_id":232,"character":"Pedestrian (uncredited)","credit_id":"5587c8319251411dec00654b","gender":2,"id":1354406,"name":"Rod Fielder","order":67,"profile_path":"/t2CUZTP8C2N2EKEYsmLEvCi66TR.jpg"},{"cast_id":233,"character":"Stuttgart Citizen (uncredited)","credit_id":"5587c8bbc3a36827460073e1","gender":0,"id":1480060,"name":"Eric Frank","order":68,"profile_path":null},{"cast_id":234,"character":"S.H.I.E.L.D. Agent (uncredited)","credit_id":"5587c972c3a368274c006a1c","gender":2,"id":1480065,"name":"Israel Hall","order":69,"profile_path":"/3i7JgRjUzJgUQ90IA5oeGhGzXO1.jpg"},{"cast_id":235,"character":"Museum Gala Patron (uncredited)","credit_id":"5587c9ee925141681800126e","gender":0,"id":1480066,"name":"Carmen Dee Harris","order":70,"profile_path":null},{"cast_id":236,"character":"Mercenary (uncredited)","credit_id":"5587ca319251411efc000648","gender":2,"id":1480067,"name":"Alexander Christopher Jones","order":71,"profile_path":"/jVGq5MSL7B9V2TLNTMAR9k51qJw.jpg"},{"cast_id":237,"character":"Pedestrian (uncredited)","credit_id":"5587d164c3a368273b006f8e","gender":2,"id":1480085,"name":"Mike Karban","order":72,"profile_path":null},{"cast_id":238,"character":"S.H.I.E.L.D. Agent (uncredited)","credit_id":"5587d1a6c3a36827460074cc","gender":2,"id":1480087,"name":"Demoine Kinney","order":73,"profile_path":null},{"cast_id":239,"character":"Stuttgart Citizen (uncredited)","credit_id":"5587d25dc3a36827460074e2","gender":2,"id":1480091,"name":"Andrew Knode","order":74,"profile_path":null},{"cast_id":240,"character":"Hostage (uncredited)","credit_id":"5587d2bb9251416b00001d78","gender":1,"id":1480096,"name":"Annette Lawless","order":75,"profile_path":null},{"cast_id":241,"character":"Limo Driver (uncredited)","credit_id":"5587d2f29251411e8d006363","gender":1,"id":1480097,"name":"Kimberly J. Mahoney","order":76,"profile_path":null},{"cast_id":242,"character":"Helicarrier Medical Team Leader (uncredited)","credit_id":"5587e1949251415aa90005ed","gender":2,"id":1480124,"name":"Todd Manes","order":77,"profile_path":null},{"cast_id":243,"character":"Stuttgart Driver (uncredited)","credit_id":"5587e25a9251411dec006758","gender":0,"id":1480128,"name":"Jorge Mardel","order":78,"profile_path":null},{"cast_id":244,"character":"Civilian (uncredited)","credit_id":"5587e2e4c3a3683365005f73","gender":1,"id":1480130,"name":"Tiffany Sander McKenzie","order":79,"profile_path":"/ztElO3nkNW0bbzi7YBE3csZULKU.jpg"},{"cast_id":245,"character":"Cafe Patron (uncredited)","credit_id":"5587e31b9251411e8d0064c0","gender":2,"id":1480132,"name":"Michael McMillan","order":80,"profile_path":null},{"cast_id":246,"character":"Guard (uncredited)","credit_id":"5587e3f19251416b00001f01","gender":2,"id":1001496,"name":"Sean Meehan","order":81,"profile_path":null},{"cast_id":247,"character":"Waitress (uncredited)","credit_id":"5587e5fe9251411e8d0064fa","gender":1,"id":1480144,"name":"Joti Nagra","order":82,"profile_path":"/o34ys1OIV5x6n9GGlCSKaNgUUkr.jpg"},{"cast_id":248,"character":"Gala Museum Patron (uncredited)","credit_id":"5587e637c3a36827460076bf","gender":1,"id":1480146,"name":"Holly Neelie","order":83,"profile_path":null},{"cast_id":249,"character":"Extra (uncredited)","credit_id":"5587e6779251416b00001f29","gender":2,"id":1480148,"name":"Caleb Daniel Noal","order":84,"profile_path":null},{"cast_id":250,"character":"New York City Pedestrian (uncredited)","credit_id":"5587e77cc3a368273b00716c","gender":0,"id":1480150,"name":"Joseph O'Brien","order":85,"profile_path":null},{"cast_id":251,"character":"S.H.I.E.L.D. Agent (uncredited)","credit_id":"5587e8cfc3a368273b00718b","gender":2,"id":1480152,"name":"Jeremy Orr","order":86,"profile_path":null},{"cast_id":252,"character":"New York Pedestrian (uncredited)","credit_id":"5587e90292514179f600394d","gender":0,"id":1480153,"name":"Nate Paige","order":87,"profile_path":null},{"cast_id":253,"character":"Shiel Employee (uncredited)","credit_id":"5587e93a9251415aa9000687","gender":2,"id":1365516,"name":"Martin Palmer","order":88,"profile_path":null},{"cast_id":254,"character":"Museum Gala Guest (uncredited)","credit_id":"5587f00fc3a36833650060b7","gender":1,"id":1480198,"name":"Maria Perossa","order":89,"profile_path":null},{"cast_id":255,"character":"Extra (uncredited)","credit_id":"5587f04492514168180015ac","gender":2,"id":1480199,"name":"Caleb Pieplow","order":90,"profile_path":null},{"cast_id":256,"character":"Helicarrier Shield Agent (uncredited)","credit_id":"5587f07fc3a3683853006220","gender":2,"id":1480200,"name":"Alexander Daniel Pimentel","order":91,"profile_path":null},{"cast_id":257,"character":"S.H.I.EL.D Agent - Loki Escort (uncredited)","credit_id":"5587f1ef92514168180015cd","gender":2,"id":1480202,"name":"Frank Powers","order":92,"profile_path":null},{"cast_id":258,"character":"S.H.I.E.L.D. Agent (uncredited)","credit_id":"5587f2b6c3a36836ea005c11","gender":2,"id":1371850,"name":"Jaime Powers","order":93,"profile_path":null},{"cast_id":259,"character":"Stuttgart Gala Patron (uncredited)","credit_id":"5587f33792514168180015e6","gender":2,"id":1480204,"name":"Brent Reichert","order":94,"profile_path":null},{"cast_id":260,"character":"S.H.E.I.L.D. Agent (uncredited)","credit_id":"5587f3ca9251416b00002052","gender":2,"id":1480208,"name":"Kelly Ruble","order":95,"profile_path":null},{"cast_id":261,"character":"Restaurant Patron (uncredited)","credit_id":"5587f4009251411efc0009f0","gender":1,"id":1454362,"name":"Gina Sarno","order":96,"profile_path":null},{"cast_id":262,"character":"New York City Police Officer (uncredited)","credit_id":"5587f4a09251417f6f0072ec","gender":2,"id":1480209,"name":"Robert B. Schneider IV","order":97,"profile_path":null},{"cast_id":263,"character":"New York Police Officer in Firefight (uncredited)","credit_id":"5587f4d292514179f6003a45","gender":2,"id":1480210,"name":"Jeff Seich","order":98,"profile_path":null},{"cast_id":264,"character":"Stuttgart Beer Garden Patron (uncredited)","credit_id":"5587f506c3a368274600784b","gender":0,"id":1480211,"name":"Christina Shaffer","order":99,"profile_path":null},{"cast_id":265,"character":"Lab Tech (uncredited)","credit_id":"5587f53cc3a3683853006264","gender":1,"id":1480212,"name":"Alonda Shevette","order":100,"profile_path":null},{"cast_id":266,"character":"Museum Gala Patron (uncredited)","credit_id":"5587f579c3a368274600785a","gender":2,"id":1480213,"name":"Douglas Slygh","order":101,"profile_path":null},{"cast_id":267,"character":"S.H.I.E.L.D. Agent #4 (uncredited)","credit_id":"5587f5f5c3a36836ea005c50","gender":2,"id":6037,"name":"Colin Strause","order":102,"profile_path":null},{"cast_id":268,"character":"Gala Patron (uncredited)","credit_id":"5587f6689251417f6f007314","gender":2,"id":1480218,"name":"Robert P. Thitoff","order":103,"profile_path":null},{"cast_id":269,"character":"S.H.I.E.L.D. Agent (uncredited)","credit_id":"5587f6fe9251416b00002096","gender":0,"id":1480219,"name":"George Thomas","order":104,"profile_path":null},{"cast_id":270,"character":"Pedestrian (uncredited)","credit_id":"5587f7d0c3a36836ea005c6e","gender":0,"id":1480220,"name":"Shane Thompson","order":105,"profile_path":null},{"cast_id":271,"character":"Mercenary (uncredited)","credit_id":"5587f8049251411efc000a4e","gender":2,"id":1480221,"name":"Jerry Lee Tucker","order":106,"profile_path":null},{"cast_id":272,"character":"Child on News #1 (uncredited)","credit_id":"5587f844c3a36836ea005c7d","gender":2,"id":1480222,"name":"Tai Urban","order":107,"profile_path":null},{"cast_id":273,"character":"Running Pedestrian (uncredited)","credit_id":"5587f87d9251417f6f007338","gender":2,"id":1480223,"name":"Chris Vaina","order":108,"profile_path":null},{"cast_id":274,"character":"Sweeper (uncredited)","credit_id":"5587f8b39251416b000020b4","gender":1,"id":1480224,"name":"Sandra Weston","order":109,"profile_path":null},{"cast_id":275,"character":"Barbershop (uncredited)","credit_id":"5587f8f59251411efc000a5d","gender":2,"id":1480226,"name":"Seth Zielicke","order":110,"profile_path":null},{"cast_id":281,"character":"Tourist (uncredited)","credit_id":"57c9ee6d9251413de3001823","gender":2,"id":1673576,"name":"Alex DeCourville","order":111,"profile_path":null},{"cast_id":283,"character":"S.H.I.E.L.D agent (uncredited)","credit_id":"57ca1eef92514127950011e3","gender":1,"id":1343164,"name":"Andrea-Nichole Olivas","order":112,"profile_path":null},{"cast_id":284,"character":"NYC Pedestrian (uncredited)","credit_id":"57ca2108925141278d0012b6","gender":1,"id":1376001,"name":"Tina Grimm","order":113,"profile_path":null},{"cast_id":287,"character":"Principal (uncredited)","credit_id":"5a5ff28ec3a368776600c16e","gender":2,"id":1962256,"name":"Evan Kole","order":114,"profile_path":"/rMnLtyrejtHVn0k6ezdv3Bg2ILN.jpg"},{"cast_id":308,"character":"Pedestrian (uncredited)","credit_id":"5ee5aa05a217c00022d33fb0","gender":2,"id":1781358,"name":"Jimmy Star","order":115,"profile_path":"/iQ4dQmwDe5d7IftXiu00gCyTKjF.jpg"}],"crew":[{"credit_id":"52fe4495c3a368484e02b1cf","department":"Sound","gender":2,"id":37,"job":"Original Music Composer","name":"Alan Silvestri","profile_path":"/zTftmmaNaISsMKOue1jgh5yAmSe.jpg"},{"credit_id":"5c2eab380e0a26760339ab79","department":"Camera","gender":2,"id":36,"job":"Additional Photography","name":"Don Burgess","profile_path":"/aIB6XjNFDWxRpB2l5GKXWEzMI4O.jpg"},{"credit_id":"5496018d9251416e1e0047c3","department":"Sound","gender":0,"id":900,"job":"Sound Designer","name":"Christopher Boyes","profile_path":null},{"credit_id":"549601ad9251412c4e00333b","department":"Sound","gender":0,"id":900,"job":"Sound Re-Recording Mixer","name":"Christopher Boyes","profile_path":null},{"credit_id":"56472df0c3a368261a0031bb","department":"Camera","gender":2,"id":3285,"job":"Director of Photography","name":"Seamus McGarvey","profile_path":"/yXEsxEMHlMDemBy8JrHZFAmd3uD.jpg"},{"credit_id":"539c4d08c3a36810c100214e","department":"Production","gender":1,"id":7232,"job":"Casting","name":"Sarah Halley Finn","profile_path":null},{"credit_id":"5af36d6f0e0a2639680027f5","department":"Sound","gender":0,"id":5338,"job":"Sound Effects Editor","name":"Kyrsten Mate","profile_path":null},{"credit_id":"539c4e35c3a36810c9002171","department":"Art","gender":2,"id":6055,"job":"Set Decoration","name":"Victor J. Zolfo","profile_path":null},{"credit_id":"549694d5c3a3686ae1006274","department":"Visual Effects","gender":2,"id":6037,"job":"Visual Effects Supervisor","name":"Colin Strause","profile_path":null},{"credit_id":"549694ec92514132ed004142","department":"Visual Effects","gender":2,"id":6038,"job":"Visual Effects Supervisor","name":"Greg Strause","profile_path":null},{"credit_id":"5af36d1292514178d8002034","department":"Sound","gender":0,"id":7537,"job":"Sound Effects Editor","name":"Steve Boeddeker","profile_path":null},{"credit_id":"59ae532f925141072304f687","department":"Production","gender":2,"id":7624,"job":"Executive Producer","name":"Stan Lee","profile_path":"/nGjBAc25C3LT23NqeOfY1pCcax8.jpg"},{"credit_id":"59ae526ac3a3682c2204e2da","department":"Writing","gender":2,"id":7624,"job":"Comic Book","name":"Stan Lee","profile_path":"/nGjBAc25C3LT23NqeOfY1pCcax8.jpg"},{"credit_id":"52fe4495c3a368484e02b1b1","department":"Production","gender":2,"id":7626,"job":"Executive Producer","name":"Avi Arad","profile_path":null},{"credit_id":"52fe4495c3a368484e02b1c9","department":"Production","gender":2,"id":10850,"job":"Producer","name":"Kevin Feige","profile_path":"/kCBqXZ5PT5udYGEj2wfTSFbLMvT.jpg"},{"credit_id":"570b898e9251413a0e0006c2","department":"Art","gender":2,"id":8285,"job":"Supervising Art Director","name":"Richard L. Johnson","profile_path":null},{"credit_id":"539c4d74c3a36810da002247","department":"Art","gender":2,"id":9546,"job":"Production Design","name":"James Chinlund","profile_path":"/lAi8BVuuzKrJWUqPTt3LnlDYSNU.jpg"},{"credit_id":"5495a319c3a3686ae90044bd","department":"Costume & Make-Up","gender":0,"id":12619,"job":"Wigmaker","name":"Erwin H. Kupitz","profile_path":null},{"credit_id":"52fe4495c3a368484e02b1ab","department":"Writing","gender":2,"id":12891,"job":"Screenplay","name":"Joss Whedon","profile_path":"/mVvpZnKYKSCtkOQixQnOonV5kv3.jpg"},{"credit_id":"52fe4495c3a368484e02b1a1","department":"Directing","gender":2,"id":12891,"job":"Director","name":"Joss Whedon","profile_path":"/mVvpZnKYKSCtkOQixQnOonV5kv3.jpg"},{"credit_id":"52fe4495c3a368484e02b1e7","department":"Writing","gender":2,"id":12891,"job":"Story","name":"Joss Whedon","profile_path":"/mVvpZnKYKSCtkOQixQnOonV5kv3.jpg"},{"credit_id":"52fe4495c3a368484e02b211","department":"Costume & Make-Up","gender":1,"id":13009,"job":"Costume Design","name":"Alexandra Byrne","profile_path":null},{"credit_id":"5496022e9251413af7003237","department":"Sound","gender":1,"id":15893,"job":"Sound Effects Editor","name":"Teresa Eckton","profile_path":null},{"credit_id":"5496a11a9251417a810039a9","department":"Crew","gender":2,"id":14771,"job":"Stunt Coordinator","name":"R. A. Rondell","profile_path":"/3luH3tMzcdn0F9XMfAVoCjdiUWs.jpg"},{"credit_id":"5b0be74f0e0a260e420132cb","department":"Visual Effects","gender":0,"id":15356,"job":"Special Effects Supervisor","name":"Daniel Sudick","profile_path":null},{"credit_id":"5496a334c3a3686af300568c","department":"Camera","gender":2,"id":10832,"job":"Additional Photography","name":"Gabriel Beristain","profile_path":null},{"credit_id":"52fe4495c3a368484e02b1db","department":"Editing","gender":2,"id":35176,"job":"Editor","name":"Jeffrey Ford","profile_path":null},{"credit_id":"52fe4495c3a368484e02b1e1","department":"Writing","gender":2,"id":11011,"job":"Story","name":"Zak Penn","profile_path":"/5Zx3o1Fmlu4sIYq4xn5WLyK2GNM.jpg"},{"credit_id":"52fe4495c3a368484e02b21d","department":"Writing","gender":2,"id":18866,"job":"Characters","name":"Jack Kirby","profile_path":null},{"credit_id":"52fe4495c3a368484e02b1c3","department":"Production","gender":2,"id":15277,"job":"Executive Producer","name":"Jon Favreau","profile_path":"/8MtRRnEHaBSw8Ztdl8saXiw1egP.jpg"},{"credit_id":"539c4d1dc3a368653d001b31","department":"Production","gender":1,"id":20540,"job":"Casting","name":"Randi Hiller","profile_path":null},{"credit_id":"539c4e08c3a36810e3002096","department":"Art","gender":0,"id":20786,"job":"Art Direction","name":"Randy Moore","profile_path":null},{"credit_id":"56870683c3a3685f8900b82b","department":"Sound","gender":2,"id":24192,"job":"Music Supervisor","name":"Dave Jordan","profile_path":null},{"credit_id":"52fe4495c3a368484e02b1b7","department":"Production","gender":0,"id":41018,"job":"Executive Producer","name":"Chris Brigham","profile_path":"/lbWFcY3aVB8vG7tWwBXILJM8jyH.jpg"},{"credit_id":"5495a4bb9251416e1e003fde","department":"Art","gender":0,"id":41890,"job":"Set Designer","name":"Marisa Frantz","profile_path":null},{"credit_id":"549603c0c3a3680ff50036b6","department":"Visual Effects","gender":0,"id":113123,"job":"Visual Effects Producer","name":"Anouk Deveault-Moreau","profile_path":null},{"credit_id":"52fe4495c3a368484e02b1bd","department":"Production","gender":2,"id":57027,"job":"Executive Producer","name":"Louis D'Esposito","profile_path":null},{"credit_id":"52fe4495c3a368484e02b1f9","department":"Production","gender":2,"id":113672,"job":"Executive Producer","name":"Alan Fine","profile_path":null},{"credit_id":"52fe4495c3a368484e02b1f3","department":"Production","gender":0,"id":113674,"job":"Executive Producer","name":"Victoria Alonso","profile_path":"/xF7Qe1tqgk9KtY8kThKHBWhMqxc.jpg"},{"credit_id":"52fe4495c3a368484e02b1ff","department":"Production","gender":0,"id":113675,"job":"Executive Producer","name":"Jeremy Latcham","profile_path":null},{"credit_id":"5496a56fc3a3686ae1006429","department":"Crew","gender":0,"id":95844,"job":"Transportation Coordinator","name":"Jim Chesney","profile_path":null},{"credit_id":"52fe4495c3a368484e02b205","department":"Editing","gender":0,"id":1018965,"job":"Editor","name":"Lisa Lassek","profile_path":null},{"credit_id":"5495a4d192514132ed002a96","department":"Art","gender":0,"id":1068055,"job":"Set Designer","name":"Jim Hewitt","profile_path":null},{"credit_id":"539c4daec3a368653d001b53","department":"Art","gender":0,"id":1172441,"job":"Art Direction","name":"Gregory S. Hooper","profile_path":null},{"credit_id":"539c4eea0e0a267a4c002a91","department":"Costume & Make-Up","gender":0,"id":1319134,"job":"Costume Supervisor","name":"Suzi Turnbull","profile_path":null},{"credit_id":"539c4d9cc3a36810e300208a","department":"Art","gender":1,"id":1322017,"job":"Art Direction","name":"Jann K. Engel","profile_path":"/oscTd5HD7sU3MOLJpy7bqaf5l5t.jpg"},{"credit_id":"549601cbc3a3686ae9004daf","department":"Sound","gender":1,"id":1327030,"job":"Sound Re-Recording Mixer","name":"Lora Hirschberg","profile_path":"/gL4qn7THQn33BgSN2H4jRfuJJbU.jpg"},{"credit_id":"539c4e66c3a36810b5002075","department":"Costume & Make-Up","gender":0,"id":1329417,"job":"Makeup Department Head","name":"John Blake","profile_path":null},{"credit_id":"5496a4239251416e1e005781","department":"Costume & Make-Up","gender":0,"id":1330567,"job":"Set Costumer","name":"Anthony Almaraz","profile_path":null},{"credit_id":"539c4d88c3a36810b5002066","department":"Art","gender":0,"id":1330582,"job":"Art Direction","name":"Benjamin Edelberg","profile_path":null},{"credit_id":"539c4dc0c3a36810c100216b","department":"Art","gender":2,"id":1330583,"job":"Art Direction","name":"William O. Hunter","profile_path":null},{"credit_id":"539c4eb90e0a267a5a002b5d","department":"Costume & Make-Up","gender":0,"id":1330584,"job":"Costume Supervisor","name":"Rhonney Greene","profile_path":null},{"credit_id":"539c4ece0e0a267a56002c14","department":"Costume & Make-Up","gender":0,"id":1330585,"job":"Costume Supervisor","name":"Angelique Paull","profile_path":null},{"credit_id":"5af36c1dc3a3682157002f49","department":"Art","gender":2,"id":1335066,"job":"Property Master","name":"Andrew Petrotta","profile_path":null},{"credit_id":"5495a521c3a3686ae1004793","department":"Art","gender":0,"id":1336191,"job":"Set Designer","name":"Sam Page","profile_path":null},{"credit_id":"5496015cc3a3680fc6002fdd","department":"Sound","gender":0,"id":1339446,"job":"Supervising Sound Editor","name":"Frank E. Eulner","profile_path":null},{"credit_id":"5af36c680e0a2639640024ae","department":"Sound","gender":2,"id":1339448,"job":"Dialogue Editor","name":"Matthew Hartman","profile_path":null},{"credit_id":"5496a50ec3a3686ae3005ed5","department":"Costume & Make-Up","gender":0,"id":1339457,"job":"Set Costumer","name":"Claire Sandrin","profile_path":null},{"credit_id":"568706659251414ecb011f61","department":"Directing","gender":1,"id":1339468,"job":"Script Supervisor","name":"Trudy Ramirez","profile_path":null},{"credit_id":"549604b99251413af700327e","department":"Crew","gender":0,"id":1347720,"job":"Visual Effects Art Director","name":"Aaron McBride","profile_path":null},{"credit_id":"549600c39251416e1e0047b1","department":"Art","gender":0,"id":1347734,"job":"Assistant Art Director","name":"Stephen Morahan","profile_path":null},{"credit_id":"549602549251413af700323d","department":"Sound","gender":0,"id":1352421,"job":"Foley","name":"Sean England","profile_path":null},{"credit_id":"5495a48e92514130fc002f02","department":"Art","gender":0,"id":1357047,"job":"Set Designer","name":"Aric Cheng","profile_path":null},{"credit_id":"5495a3d39251412c4e002b30","department":"Art","gender":0,"id":1357055,"job":"Art Department Coordinator","name":"Candice Muriedas","profile_path":null},{"credit_id":"5495a4a19251412c4e002b44","department":"Art","gender":0,"id":1360093,"job":"Set Designer","name":"Tim Croshaw","profile_path":null},{"credit_id":"5af36cec0e0a26394b002354","department":"Sound","gender":1,"id":1364410,"job":"ADR Editor","name":"Julie Feiner","profile_path":null},{"credit_id":"549604fe9251413af7003282","department":"Visual Effects","gender":2,"id":1368873,"job":"Visual Effects Producer","name":"Michel Mielke","profile_path":null},{"credit_id":"54960547c3a3680ff50036e0","department":"Visual Effects","gender":0,"id":1368875,"job":"Visual Effects Producer","name":"Julie Orosz","profile_path":null},{"credit_id":"5af36c85c3a36821590027b8","department":"Sound","gender":0,"id":1376901,"job":"Dialogue Editor","name":"Marshall Winn","profile_path":null},{"credit_id":"5495ff3792514130fc003723","department":"Art","gender":0,"id":1378220,"job":"Leadman","name":"Jason Bedig","profile_path":null},{"credit_id":"549693309251416e1e005633","department":"Visual Effects","gender":0,"id":1379986,"job":"Visual Effects Supervisor","name":"Alessandro Cioffi","profile_path":null},{"credit_id":"5496031e9251413f75003356","department":"Visual Effects","gender":0,"id":1384368,"job":"Visual Effects Producer","name":"Daniel Brimer","profile_path":null},{"credit_id":"5495a4f79251412c4e002b51","department":"Art","gender":0,"id":1386908,"job":"Set Designer","name":"Jeff Markwith","profile_path":null},{"credit_id":"5496057a9251416e2b004d85","department":"Visual Effects","gender":0,"id":1388871,"job":"Visual Effects Producer","name":"Susan Pickett","profile_path":null},{"credit_id":"5495a4339251413f75002af0","department":"Art","gender":0,"id":1389128,"job":"Assistant Art Director","name":"Nick S. Cross","profile_path":null},{"credit_id":"5495a4089251413af7002a30","department":"Art","gender":0,"id":1389131,"job":"Construction Coordinator","name":"John Hoskins","profile_path":null},{"credit_id":"5496a4da9251413f750042d5","department":"Costume & Make-Up","gender":0,"id":1392143,"job":"Set Costumer","name":"Bob Moore Jr.","profile_path":null},{"credit_id":"5496a6b59251417162000f61","department":"Production","gender":0,"id":1392947,"job":"Location Manager","name":"Aaron Spaulding","profile_path":null},{"credit_id":"549604a29251417a81002949","department":"Crew","gender":0,"id":1394753,"job":"Visual Effects Editor","name":"George McCarthy","profile_path":null},{"credit_id":"549694889251413f7500418a","department":"Visual Effects","gender":0,"id":1394961,"job":"Visual Effects Supervisor","name":"Daniel P. Rosen","profile_path":null},{"credit_id":"5496a48392514132ed004294","department":"Costume & Make-Up","gender":0,"id":1395030,"job":"Set Costumer","name":"Alison Evans","profile_path":null},{"credit_id":"5496037692514130fc003779","department":"Visual Effects","gender":0,"id":1395320,"job":"Visual Effects Producer","name":"Sean Cushing","profile_path":null},{"credit_id":"5496a17ec3a3681153003dd8","department":"Camera","gender":2,"id":1395463,"job":"Camera Operator","name":"Mitch Dubin","profile_path":null},{"credit_id":"5496a155c3a3686ae10063ca","department":"Camera","gender":2,"id":1399071,"job":"Camera Operator","name":"Hans Bjerno","profile_path":null},{"credit_id":"5496a6f5c3a3680ff5004817","department":"Production","gender":0,"id":1399893,"job":"Location Manager","name":"Tom Moisides","profile_path":null},{"credit_id":"5496a1ecc3a3686ae3005e89","department":"Camera","gender":2,"id":1400082,"job":"Still Photographer","name":"Zade Rosenthal","profile_path":null},{"credit_id":"549600fac3a3686ae1005125","department":"Crew","gender":0,"id":1400488,"job":"Scenic Artist","name":"Victor Morales","profile_path":null},{"credit_id":"549694559251416e2b005db9","department":"Visual Effects","gender":0,"id":1400560,"job":"Visual Effects Supervisor","name":"Erik Nash","profile_path":null},{"credit_id":"54969423c3a3680fc6003e11","department":"Visual Effects","gender":2,"id":1401722,"job":"Visual Effects Supervisor","name":"Matt McDonald","profile_path":null},{"credit_id":"5496052d9251412c4e003396","department":"Visual Effects","gender":0,"id":1401793,"job":"Visual Effects Producer","name":"Cyndi Ochs","profile_path":null},{"credit_id":"5496958ec3a3686ae1006284","department":"Visual Effects","gender":0,"id":1401803,"job":"Visual Effects Supervisor","name":"Guy Williams","profile_path":null},{"credit_id":"5495a3459251416e1e003fad","department":"Costume & Make-Up","gender":0,"id":1401821,"job":"Hairstylist","name":"Tijen Osman","profile_path":null},{"credit_id":"5495a3729251413f75002ad7","department":"Production","gender":0,"id":1401823,"job":"Production Supervisor","name":"Don J. Hug","profile_path":null},{"credit_id":"5495a3909251412c4e002b25","department":"Production","gender":0,"id":1401824,"job":"Production Supervisor","name":"Nadia Paine","profile_path":null},{"credit_id":"5495a3abc3a3686af3003fae","department":"Art","gender":0,"id":1401825,"job":"Art Department Coordinator","name":"Marcella Brennan","profile_path":null},{"credit_id":"5495ff699251416e1e004793","department":"Art","gender":0,"id":1401884,"job":"Sculptor","name":"Yann Denoual","profile_path":null},{"credit_id":"5495ff90c3a3686ae100510a","department":"Art","gender":0,"id":1401885,"job":"Sculptor","name":"Clark Kelly","profile_path":null},{"credit_id":"5496000f9251417a810028d5","department":"Art","gender":0,"id":1401886,"job":"Leadman","name":"John Millard","profile_path":null},{"credit_id":"5496005e9251412c4e003310","department":"Art","gender":0,"id":1401887,"job":"Sculptor","name":"Duncan Crawford","profile_path":null},{"credit_id":"549602ce9251413af700324d","department":"Visual Effects","gender":0,"id":1401890,"job":"Visual Effects Producer","name":"Jeff Atherton","profile_path":null},{"credit_id":"549603019251413af7003253","department":"Crew","gender":0,"id":1401891,"job":"Visual Effects Editor","name":"Jeremy Bradley","profile_path":null},{"credit_id":"549603489251413af700325d","department":"Visual Effects","gender":0,"id":1401892,"job":"Visual Effects Producer","name":"Mihaela Chifor","profile_path":null},{"credit_id":"549603a1c3a3681153002fc2","department":"Crew","gender":0,"id":1401893,"job":"Visual Effects Editor","name":"Lorelei David","profile_path":null},{"credit_id":"54960422c3a3686ae9004dff","department":"Visual Effects","gender":0,"id":1401894,"job":"Visual Effects Producer","name":"John L. Jack","profile_path":null},{"credit_id":"5496047692514130fc00379c","department":"Visual Effects","gender":0,"id":1401895,"job":"Visual Effects Producer","name":"Kathleen Lynch","profile_path":null},{"credit_id":"549604db9251412c4e00338d","department":"Crew","gender":0,"id":1401896,"job":"Visual Effects Editor","name":"James Meikle","profile_path":null},{"credit_id":"549605a0c3a3680fc6003032","department":"Crew","gender":0,"id":1401897,"job":"Visual Effects Editor","name":"Danny Rafic","profile_path":null},{"credit_id":"549605e39251412c4e0033a7","department":"Crew","gender":0,"id":1401898,"job":"Visual Effects Editor","name":"Cameron Sharp","profile_path":null},{"credit_id":"54960630c3a3681153002ff7","department":"Visual Effects","gender":0,"id":1401899,"job":"Visual Effects Producer","name":"Georg Wieland","profile_path":null},{"credit_id":"549693809251413f75004179","department":"Visual Effects","gender":0,"id":1401965,"job":"Visual Effects Supervisor","name":"Bryan Grill","profile_path":null},{"credit_id":"549693a99251417315000e69","department":"Visual Effects","gender":0,"id":1401966,"job":"Visual Effects Supervisor","name":"Venti Hristova","profile_path":null},{"credit_id":"549693dd9251417315000e6f","department":"Crew","gender":0,"id":1401967,"job":"Visual Effects Art Director","name":"Alex Jaeger","profile_path":null},{"credit_id":"549694b792514132ed00413d","department":"Visual Effects","gender":0,"id":1401968,"job":"Visual Effects Supervisor","name":"Janek Sirrs","profile_path":null},{"credit_id":"549695019251416e2b005dc8","department":"Visual Effects","gender":0,"id":1401970,"job":"Visual Effects Supervisor","name":"Nigel Sumner","profile_path":null},{"credit_id":"5496956cc3a36831b800370b","department":"Visual Effects","gender":0,"id":1401971,"job":"Visual Effects Supervisor","name":"Jeff White","profile_path":null},{"credit_id":"5496a1bfc3a36831b800384d","department":"Camera","gender":0,"id":1401987,"job":"Camera Operator","name":"Christopher A. Schenck","profile_path":null},{"credit_id":"5496a228c3a3680fc6003f63","department":"Lighting","gender":0,"id":1401988,"job":"Lighting Technician","name":"Chris Napolitano","profile_path":null},{"credit_id":"5496a23cc3a3686ae3005e8e","department":"Camera","gender":2,"id":1401989,"job":"Camera Operator","name":"John S. Moyer","profile_path":null},{"credit_id":"5496a280c3a36831b800385d","department":"Crew","gender":0,"id":1401990,"job":"Video Assist Operator","name":"Kevin McKenna","profile_path":null},{"credit_id":"5496a29d9251416e2b005f17","department":"Lighting","gender":0,"id":1401991,"job":"Lighting Technician","name":"Jason Linebaugh","profile_path":null},{"credit_id":"5496a2ba92514132ed004267","department":"Crew","gender":0,"id":1401992,"job":"Video Assist Operator","name":"Jimi Johnson","profile_path":null},{"credit_id":"5496a2d4c3a3686ae3005e9a","department":"Lighting","gender":0,"id":1401993,"job":"Lighting Technician","name":"Sherman Jackson","profile_path":null},{"credit_id":"5496a3559251417a810039d2","department":"Lighting","gender":0,"id":1401995,"job":"Lighting Technician","name":"Russell Ayer","profile_path":null},{"credit_id":"5496a36e92514130fc0047bd","department":"Lighting","gender":2,"id":1401996,"job":"Lighting Technician","name":"David M. Adams","profile_path":null},{"credit_id":"5496a3a79251417a810039dc","department":"Lighting","gender":0,"id":1401997,"job":"Gaffer","name":"Bill O'Leary","profile_path":null},{"credit_id":"5496a3edc3a3681153003e13","department":"Visual Effects","gender":0,"id":1401998,"job":"Animation Director","name":"Tom Meade","profile_path":null},{"credit_id":"5496a43a9251417a810039f2","department":"Costume & Make-Up","gender":0,"id":1401999,"job":"Set Costumer","name":"Paul John Carli","profile_path":null},{"credit_id":"5496a4569251416e2b005f45","department":"Costume & Make-Up","gender":0,"id":1402000,"job":"Set Costumer","name":"Scott T. Coppock","profile_path":null},{"credit_id":"5496a46b92514132ed00428e","department":"Costume & Make-Up","gender":1,"id":1402001,"job":"Set Costumer","name":"Emily Egge","profile_path":null},{"credit_id":"5496a4a9c3a3680ff50047fc","department":"Costume & Make-Up","gender":0,"id":1402002,"job":"Set Costumer","name":"Askia Won-Ling Jacob","profile_path":null},{"credit_id":"5496a4c19251413f750042cf","department":"Costume & Make-Up","gender":0,"id":1402003,"job":"Set Costumer","name":"Carol McLennan","profile_path":null},{"credit_id":"5496a4f3c3a3686ae1006418","department":"Costume & Make-Up","gender":0,"id":1402004,"job":"Set Costumer","name":"Aura Sperling Pierce","profile_path":null},{"credit_id":"5496a524c3a3686ae3005ed8","department":"Costume & Make-Up","gender":0,"id":1402005,"job":"Set Costumer","name":"Jesse Trevino","profile_path":null},{"credit_id":"5496a552c3a3686ae9005f6d","department":"Sound","gender":0,"id":1402006,"job":"Music Editor","name":"Steve Durkee","profile_path":null},{"credit_id":"5496a5ad9251417a81003a23","department":"Crew","gender":0,"id":1402007,"job":"Translator","name":"Tatiana Chapman","profile_path":null},{"credit_id":"5496a5d2c3a3686af30056b9","department":"Crew","gender":1,"id":1402008,"job":"Dialect Coach","name":"Kathleen S. Dunn","profile_path":null},{"credit_id":"5496a5fdc3a3681153003e3b","department":"Crew","gender":0,"id":1402009,"job":"Studio Teachers","name":"Allegro Hopkins","profile_path":null},{"credit_id":"5496a673c3a3686ae9005f85","department":"Crew","gender":0,"id":1402010,"job":"Studio Teachers","name":"Kristy Viera","profile_path":null},{"credit_id":"5496a6d1c3a3686af30056d4","department":"Production","gender":0,"id":1402011,"job":"Location Manager","name":"David Rumble","profile_path":null},{"credit_id":"5496a70dc3a3681153003e4b","department":"Production","gender":0,"id":1402012,"job":"Publicist","name":"Ruben Malaret","profile_path":null},{"credit_id":"5496a7269251417315000ffe","department":"Production","gender":0,"id":1402013,"job":"Location Manager","name":"Scott Allen Logan","profile_path":null},{"credit_id":"5496a73ec3a3680fc6003fc2","department":"Crew","gender":0,"id":1402014,"job":"Unit Publicist","name":"Ken Lingad","profile_path":null},{"credit_id":"5af36cc80e0a26395000275e","department":"Sound","gender":1,"id":1404903,"job":"Supervising ADR Editor","name":"Becky Sullivan","profile_path":null},{"credit_id":"571260d8c3a368663600348e","department":"Crew","gender":0,"id":1407019,"job":"Visual Effects Editor","name":"Mark Edward Wright","profile_path":null},{"credit_id":"553c29eac3a368784500b344","department":"Crew","gender":2,"id":1412756,"job":"Visual Effects Editor","name":"Chris O'Connell","profile_path":null},{"credit_id":"5af36d2592514178e6001766","department":"Sound","gender":0,"id":1414177,"job":"Sound Effects Editor","name":"J.R. Grubbs","profile_path":null},{"credit_id":"5af36d5492514178d800204b","department":"Sound","gender":0,"id":1414178,"job":"Sound Effects Editor","name":"Scott Guitteau","profile_path":null},{"credit_id":"5af36bff0e0a26394700257e","department":"Directing","gender":2,"id":1428837,"job":"Second Unit Director","name":"John Mahaffie","profile_path":null},{"credit_id":"5518ccfc92514115000033a7","department":"Writing","gender":0,"id":1447326,"job":"Storyboard","name":"Jane Wu","profile_path":null},{"credit_id":"553d5a32c3a368066d001daf","department":"Visual Effects","gender":2,"id":1450362,"job":"Visual Effects","name":"Scott F. Johnston","profile_path":null},{"credit_id":"5534071a92514110140041b1","department":"Crew","gender":0,"id":1456696,"job":"Compositors","name":"Brian N. Bentley","profile_path":null},{"credit_id":"553b29799251412c270007fb","department":"Visual Effects","gender":0,"id":1457930,"job":"Visual Effects","name":"James Baker","profile_path":null},{"credit_id":"553ea6c59251411f40000066","department":"Crew","gender":0,"id":1457935,"job":"Compositors","name":"Michael Queen","profile_path":null},{"credit_id":"55495951c3a36841b20008a6","department":"Visual Effects","gender":0,"id":1459736,"job":"Animation","name":"Travis Tohill","profile_path":null},{"credit_id":"55519b10c3a368426f003468","department":"Visual Effects","gender":0,"id":1463568,"job":"Visual Effects","name":"Mike Marcuzzi","profile_path":null},{"credit_id":"5d36f856ab6849000f857e4f","department":"Art","gender":2,"id":1753397,"job":"Conceptual Illustrator","name":"Andy Park","profile_path":null},{"credit_id":"5abf9a389251416027029981","department":"Visual Effects","gender":2,"id":1855918,"job":"Digital Compositors","name":"David M. Scott","profile_path":null},{"credit_id":"5ba9019f0e0a2635e10549af","department":"Visual Effects","gender":0,"id":2005428,"job":"Animation","name":"Mickael Coedel","profile_path":null},{"credit_id":"5ba8d7c49251412f0104791b","department":"Visual Effects","gender":2,"id":2027267,"job":"VFX Artist","name":"Bastiaan Koch","profile_path":null},{"credit_id":"5ba8d42ec3a3680e5204a610","department":"Visual Effects","gender":2,"id":2066708,"job":"VFX Artist","name":"John Walker","profile_path":null},{"credit_id":"5ba8b2fa9251412f070438db","department":"Visual Effects","gender":2,"id":2134304,"job":"Stereoscopic Supervisor","name":"Sean MacKenzie","profile_path":null},{"credit_id":"5ca6d558925141258cdeb7b4","department":"Production","gender":1,"id":2275675,"job":"Production Assistant","name":"Trinh Tran","profile_path":"/gTOOYIo9cCcEe9oboFECE2XExVo.jpg"}]},"videos":{"results":[{"id":"5794fd8bc3a3687605005cc9","iso_639_1":"en","iso_3166_1":"US","key":"eOrNdBpGMv8","name":"Marvel's The Avengers- Trailer (OFFICIAL)","site":"YouTube","size":1080,"type":"Trailer"},{"id":"5794fd54c3a36829ab00036a","iso_639_1":"en","iso_3166_1":"US","key":"bGt-saFvkNk","name":"Marvel's The Avengers Super Bowl XLVI Commercial (Extended)","site":"YouTube","size":1080,"type":"Clip"},{"id":"5c370782c3a3685ee927c291","iso_639_1":"en","iso_3166_1":"US","key":"hIR8Ar-Z4hw","name":"Marvel's The Avengers Trailer 2 (OFFICIAL)","site":"YouTube","size":1080,"type":"Trailer"}]},"alternative_titles":{"titles":[{"iso_3166_1":"BR","title":"Marvel's The Avengers: Os Vingadores","type":"DVD title"},{"iso_3166_1":"BR","title":"Os Vingadores","type":"Filme"},{"iso_3166_1":"CA","title":"Avengers","type":""},{"iso_3166_1":"CA","title":"Les Avengers: le film","type":""},{"iso_3166_1":"DE","title":"Avengers 1 - Marvel's The Avengers","type":""},{"iso_3166_1":"EE","title":"Tasujad","type":""},{"iso_3166_1":"ES","title":"Los Vengadores","type":""},{"iso_3166_1":"FR","title":"Les Avengers","type":""},{"iso_3166_1":"GB","title":"Avengers Assemble","type":""},{"iso_3166_1":"IT","title":"Avengers 1","type":""},{"iso_3166_1":"KR","title":"마블 어벤져스","type":""},{"iso_3166_1":"KR","title":"어벤져스","type":""},{"iso_3166_1":"MX","title":"Vengadores","type":"Mexican Title"},{"iso_3166_1":"NL","title":"De Wrekers","type":"literal"},{"iso_3166_1":"NO","title":"MCU 06 - The Avengers","type":""},{"iso_3166_1":"SE","title":"Avengers 3D","type":"3D-title"},{"iso_3166_1":"TH","title":"ดิ อเวนเจอร์ส 1","type":""},{"iso_3166_1":"US","title":"Marvel Avengers Assemble","type":"complete title"},{"iso_3166_1":"US","title":"Marvel Studios' The Avengers","type":"Alternative Title"},{"iso_3166_1":"US","title":"Marvel's The Avengers","type":"complete title"},{"iso_3166_1":"US","title":"The Avengers (2012)","type":""},{"iso_3166_1":"US","title":"The Avengers 1","type":"faux title"},{"iso_3166_1":"US","title":"The Avengers 3D","type":"3D title"},{"iso_3166_1":"US","title":"The Avengers: An IMAX 3D Experience","type":"World-wide IMAX version"},{"iso_3166_1":"deu","title":"MCU-06 - Avengers 1 - Marvel's The Avengers","type":""}]},"similar":{"page":1,"results":[{"id":246655,"video":false,"vote_count":9683,"vote_average":6.5,"title":"X-Men: Apocalypse","release_date":"2016-05-18","original_language":"en","original_title":"X-Men: Apocalypse","genre_ids":[28,12,14,878],"backdrop_path":"/2ex2beZ4ssMeOduLD0ILzXKCiep.jpg","adult":false,"overview":"After the re-emergence of the world's first mutant, world-destroyer Apocalypse, the X-Men must unite to defeat his extinction level plan.","poster_path":"/2mtQwJKVKQrZgTz49Dizb25eOQQ.jpg","popularity":32.547},{"adult":false,"backdrop_path":"/w2PMyoyLU22YvrGK3smVM9fW1jj.jpg","genre_ids":[28,12,878],"id":299537,"original_language":"en","original_title":"Captain Marvel","overview":"The story follows Carol Danvers as she becomes one of the universe’s most powerful heroes when Earth is caught in the middle of a galactic war between two alien races. Set in the 1990s, Captain Marvel is an all-new adventure from a previously unseen period in the history of the Marvel Cinematic Universe.","poster_path":"/AtsgWhDnHTq68L0lLsUrCnM7TjG.jpg","release_date":"2019-03-06","title":"Captain Marvel","video":false,"vote_average":7.0,"vote_count":9776,"popularity":43.704},{"adult":false,"backdrop_path":"/iQh64TQiPoTK3yZ3duC3y0tKgy3.jpg","genre_ids":[28,12,878],"id":1771,"original_language":"en","original_title":"Captain America: The First Avenger","overview":"During World War II, Steve Rogers is a sickly man from Brooklyn who's transformed into super-soldier Captain America to aid in the war effort. Rogers must stop the Red Skull – Adolf Hitler's ruthless head of weaponry, and the leader of an organization that intends to use a mysterious device of untold powers for world domination.","poster_path":"/vSNxAJTlD0r02V9sPYpOjqDZXUK.jpg","release_date":"2011-07-22","title":"Captain America: The First Avenger","video":false,"vote_average":6.9,"vote_count":15247,"popularity":23.846},{"id":383498,"video":false,"vote_count":11761,"vote_average":7.5,"title":"Deadpool 2","release_date":"2018-05-10","original_language":"en","original_title":"Deadpool 2","genre_ids":[28,12,35],"backdrop_path":"/3P52oz9HPQWxcwHOwxtyrVV1LKi.jpg","adult":false,"overview":"Wisecracking mercenary Deadpool battles the evil and powerful Cable and other bad guys to save a boy's life.","poster_path":"/to0spRl1CMDvyUbOnbb4fTk3VAd.jpg","popularity":46.555},{"adult":false,"backdrop_path":"/ePJ3OOj2lE5k7zIeOL2NBDHZhLk.jpg","genre_ids":[28,12,14,878],"id":9738,"original_language":"en","original_title":"Fantastic Four","overview":"During a space voyage, four scientists are altered by cosmic rays: Reed Richards gains the ability to stretch his body; Sue Storm can become invisible; Johnny Storm controls fire; and Ben Grimm is turned into a super-strong … thing. Together, these \"Fantastic Four\" must now thwart the evil plans of Dr. Doom and save the world from certain destruction.","poster_path":"/8HLQLILZLhDQWO6JDpvY6XJLH75.jpg","release_date":"2005-06-29","title":"Fantastic Four","video":false,"vote_average":5.7,"vote_count":6798,"popularity":26.328},{"adult":false,"backdrop_path":"/2ymO6kST1wwtuSlHifAoG2n2fe5.jpg","genre_ids":[28,12,878],"id":68721,"original_language":"en","original_title":"Iron Man 3","overview":"When Tony Stark's world is torn apart by a formidable terrorist called the Mandarin, he starts an odyssey of rebuilding and retribution.","poster_path":"/qhPtAc1TKbMPqNvcdXSOn9Bn7hZ.jpg","release_date":"2013-04-18","title":"Iron Man 3","video":false,"vote_average":6.9,"vote_count":16409,"popularity":29.282},{"id":99861,"video":false,"vote_count":16212,"vote_average":7.3,"title":"Avengers: Age of Ultron","release_date":"2015-04-22","original_language":"en","original_title":"Avengers: Age of Ultron","genre_ids":[28,12,878],"backdrop_path":"/8i6ZDk97Vyh0jHohMG4vFeFuKJh.jpg","adult":false,"overview":"When Tony Stark tries to jumpstart a dormant peacekeeping program, things go awry and Earth’s Mightiest Heroes are put to the ultimate test as the fate of the planet hangs in the balance. As the villainous Ultron emerges, it is up to The Avengers to stop him from enacting his terrible plans, and soon uneasy alliances and unexpected action pave the way for an epic and unique global adventure.","poster_path":"/4ssDuvEDkSArWEdyBl2X5EHvYKU.jpg","popularity":39.286},{"id":10195,"video":false,"vote_count":15159,"vote_average":6.7,"title":"Thor","release_date":"2011-04-21","original_language":"en","original_title":"Thor","genre_ids":[28,12,14],"backdrop_path":"/c5tewtijj6aixi8zwwPuYJxifBA.jpg","adult":false,"overview":"Against his father Odin's will, The Mighty Thor - a powerful but arrogant warrior god - recklessly reignites an ancient war. Thor is cast down to Earth and forced to live among humans as punishment. Once here, Thor learns what it takes to be a true hero when the most dangerous villain of his world sends the darkest forces of Asgard to invade Earth.","poster_path":"/prSfAi1xGrhLQNxVSUFh61xQ4Qy.jpg","popularity":33.833},{"id":36647,"video":false,"vote_count":3833,"vote_average":6.7,"title":"Blade","release_date":"1998-08-21","original_language":"en","original_title":"Blade","genre_ids":[28,27],"backdrop_path":"/dJMq14I3XoadBFH0nEkZPmWGvhN.jpg","adult":false,"overview":"When Blade's mother was bitten by a vampire during pregnancy, she did not know that she gave her son a special gift while dying—all the good vampire attributes in combination with the best human skills. Blade and his mentor battle an evil vampire rebel who plans to take over the outdated vampire council, capture Blade and resurrect a voracious blood god.","poster_path":"/PDuKQeQkRHkdx7rY147VBVN5Ef.jpg","popularity":18.358},{"adult":false,"backdrop_path":"/vc8bCGjdVp0UbMNLzHnHSLRbBWQ.jpg","genre_ids":[28,12,878,18],"id":315635,"original_language":"en","original_title":"Spider-Man: Homecoming","overview":"Following the events of Captain America: Civil War, Peter Parker, with the help of his mentor Tony Stark, tries to balance his life as an ordinary high school student in Queens, New York City, with fighting crime as his superhero alter ego Spider-Man as a new threat, the Vulture, emerges.","poster_path":"/c24sv2weTHPsmDa7jEMN0m2P3RT.jpg","release_date":"2017-07-05","title":"Spider-Man: Homecoming","video":false,"vote_average":7.4,"vote_count":14590,"popularity":51.221},{"adult":false,"backdrop_path":"/jorgjEk6a0bed6jdR5wu4S6ZvRm.jpg","genre_ids":[28,12,14,878],"id":141052,"original_language":"en","original_title":"Justice League","overview":"Fuelled by his restored faith in humanity and inspired by Superman's selfless act, Bruce Wayne and Diana Prince assemble a team of metahumans consisting of Barry Allen, Arthur Curry and Victor Stone to face the catastrophic threat of Steppenwolf and the Parademons who are on the hunt for three Mother Boxes on Earth.","poster_path":"/eifGNCSDuxJeS1loAXil5bIGgvC.jpg","release_date":"2017-11-15","title":"Justice League","video":false,"vote_average":6.2,"vote_count":9342,"popularity":43.367},{"id":166424,"video":false,"vote_count":4405,"vote_average":4.4,"title":"Fantastic Four","release_date":"2015-08-05","original_language":"en","original_title":"Fantastic Four","genre_ids":[28,12,878],"backdrop_path":"/5gGfR5dyOLyjQj2gjTUytreRHg3.jpg","adult":false,"overview":"Four young outsiders teleport to a dangerous universe, which alters their physical form in shocking ways. Their lives irrevocably upended, the team must learn to harness their daunting new abilities and work together to save Earth from a former friend turned enemy.","poster_path":"/oeMpEsjmiT9PEJbRM1Fm7TZ1dE0.jpg","popularity":17.662},{"adult":false,"backdrop_path":"/vbY95t58MDArtyUXUIb8Fx1dCry.jpg","genre_ids":[28,878,12],"id":1726,"original_language":"en","original_title":"Iron Man","overview":"After being held captive in an Afghan cave, billionaire engineer Tony Stark creates a unique weaponized suit of armor to fight evil.","poster_path":"/78lPtwv72eTNqFW9COBYI0dWDJa.jpg","release_date":"2008-04-30","title":"Iron Man","video":false,"vote_average":7.6,"vote_count":18768,"popularity":46.524},{"id":49521,"video":false,"vote_count":11210,"vote_average":6.5,"title":"Man of Steel","release_date":"2013-06-12","original_language":"en","original_title":"Man of Steel","genre_ids":[28,12,14,878],"backdrop_path":"/69EFgWWPFWbRNHmQgYdSnyJ94Ge.jpg","adult":false,"overview":"A young boy learns that he has extraordinary powers and is not of this earth. As a young man, he journeys to discover where he came from and what he was sent here to do. But the hero in him must emerge if he is to save the world from annihilation and become the symbol of hope for all mankind.","poster_path":"/7rIPjn5TUK04O25ZkMyHrGNPgLx.jpg","popularity":30.244},{"id":271110,"video":false,"vote_count":16528,"vote_average":7.4,"title":"Captain America: Civil War","release_date":"2016-04-27","original_language":"en","original_title":"Captain America: Civil War","genre_ids":[28,12,878],"backdrop_path":"/7FWlcZq3r6525LWOcvO9kNWurN1.jpg","adult":false,"overview":"Following the events of Age of Ultron, the collective governments of the world pass an act designed to regulate all superhuman activity. This polarizes opinion amongst the Avengers, causing two factions to side with Iron Man or Captain America, which causes an epic battle between former allies.","poster_path":"/rAGiXaUfPzY7CDEyNKUofk3Kw2e.jpg","popularity":52.164},{"id":10138,"video":false,"vote_count":14716,"vote_average":6.8,"title":"Iron Man 2","release_date":"2010-04-28","original_language":"en","original_title":"Iron Man 2","genre_ids":[28,12,878],"backdrop_path":"/hCVQPB77eXBGh9abVdrWtKpKgkN.jpg","adult":false,"overview":"With the world now aware of his dual life as the armored superhero Iron Man, billionaire inventor Tony Stark faces pressure from the government, the press and the public to share his technology with the military. Unwilling to let go of his invention, Stark, with Pepper Potts and James 'Rhodey' Rhodes at his side, must forge new alliances – and confront powerful enemies.","poster_path":"/6WBeq4fCfn7AN0o21W9qNcRF2l9.jpg","popularity":25.874},{"id":320288,"video":false,"vote_count":3746,"vote_average":6.0,"title":"Dark Phoenix","release_date":"2019-06-05","original_language":"en","original_title":"Dark Phoenix","genre_ids":[28,12,878],"backdrop_path":"/phxiKFDvPeQj4AbkvJLmuZEieDU.jpg","adult":false,"overview":"The X-Men face their most formidable and powerful foe when one of their own, Jean Grey, starts to spiral out of control. During a rescue mission in outer space, Jean is nearly killed when she's hit by a mysterious cosmic force. Once she returns home, this force not only makes her infinitely more powerful, but far more unstable. The X-Men must now band together to save her soul and battle aliens that want to use Grey's new abilities to rule the galaxy.","poster_path":"/cCTJPelKGLhALq3r51A9uMonxKj.jpg","popularity":48.225},{"id":1724,"video":false,"vote_count":7746,"vote_average":6.2,"title":"The Incredible Hulk","release_date":"2008-06-12","original_language":"en","original_title":"The Incredible Hulk","genre_ids":[28,12,878],"backdrop_path":"/xfBnQ4mgf1jYZsscJGJjr6ce0Ar.jpg","adult":false,"overview":"Scientist Bruce Banner scours the planet for an antidote to the unbridled force of rage within him: the Hulk. But when the military masterminds who dream of exploiting his powers force him back to civilization, he finds himself coming face to face with a new, deadly foe.","poster_path":"/vcFeElC8eXI668WSIxcDNkJSBxv.jpg","popularity":38.1},{"id":100402,"video":false,"vote_count":13160,"vote_average":7.7,"title":"Captain America: The Winter Soldier","release_date":"2014-03-20","original_language":"en","original_title":"Captain America: The Winter Soldier","genre_ids":[28,12,878],"backdrop_path":"/yHB0eNR8rvCpn0VdghEwBsXAC0N.jpg","adult":false,"overview":"After the cataclysmic events in New York with The Avengers, Steve Rogers, aka Captain America is living quietly in Washington, D.C. and trying to adjust to the modern world. But when a S.H.I.E.L.D. colleague comes under attack, Steve becomes embroiled in a web of intrigue that threatens to put the world at risk. Joining forces with the Black Widow, Captain America struggles to expose the ever-widening conspiracy while fighting off professional assassins sent to silence him at every turn. When the full scope of the villainous plot is revealed, Captain America and the Black Widow enlist the help of a new ally, the Falcon. However, they soon find themselves up against an unexpected and formidable enemy—the Winter Soldier.","poster_path":"/wxwt0pLxFZwKzy7pAu8WixadwqO.jpg","popularity":17.899},{"adult":false,"backdrop_path":"/AjtPveq4ZdDDvMGHY4Vi4LIM8oe.jpg","genre_ids":[28,16],"id":379291,"original_language":"en","original_title":"Justice League vs. Teen Titans","overview":"Robin is sent by Batman to work with the Teen Titans after his volatile behavior botches up a Justice League mission. The Titans must then step up to face Trigon after he possesses the League and threatens to conquer the world.","poster_path":"/3G6RPpafXApTzn56cbVqLBp9uSz.jpg","release_date":"2016-03-29","title":"Justice League vs. Teen Titans","video":false,"vote_average":7.2,"vote_count":552,"popularity":13.371}],"total_pages":18,"total_results":353},"changes":{"changes":[{"key":"title","items":[{"id":"58dd3abcc3a3684eb700016f","action":"deleted","time":"2017-03-30 17:05:00 UTC","iso_639_1":"el","iso_3166_1":"GR","original_value":"Οι Εκδικητές"}]},{"key":"images","items":[{"id":"58da046cc3a3686d31005566","action":"deleted","time":"2017-03-28 06:36:28 UTC","iso_639_1":"xx","original_value":{"poster":{"file_path":"/74uNSjolMsBPrzlv9YPjT9F4IR7.jpg"}}},{"id":"58da049a9251411434005ad4","action":"updated","time":"2017-03-28 06:37:14 UTC","iso_639_1":"fr","value":{"poster":{"file_path":"/zLTvgBXawOoFBcP96YlqzQvLla0.jpg","iso_639_1":"fr"}},"original_value":{"poster":{"file_path":"/zLTvgBXawOoFBcP96YlqzQvLla0.jpg","iso_639_1":"xx"}}},{"id":"58da04cc925141146500598f","action":"updated","time":"2017-03-28 06:38:04 UTC","iso_639_1":"hu","value":{"poster":{"file_path":"/5Z5dp9ilwglkjZ0XxxlRzhe6dGf.jpg","iso_639_1":"hu"}},"original_value":{"poster":{"file_path":"/5Z5dp9ilwglkjZ0XxxlRzhe6dGf.jpg","iso_639_1":"dz"}}},{"id":"58da04ee9251411434005b19","action":"updated","time":"2017-03-28 06:38:38 UTC","iso_639_1":"en","value":{"poster":{"file_path":"/zLTvgBXawOoFBcP96YlqzQvLla0.jpg","iso_639_1":"en"}},"original_value":{"poster":{"file_path":"/zLTvgBXawOoFBcP96YlqzQvLla0.jpg","iso_639_1":"fr"}}},{"id":"58da051ec3a3686d77005129","action":"updated","time":"2017-03-28 06:39:26 UTC","iso_639_1":"fr","value":{"poster":{"file_path":"/76ko2UnRIMKxaP95bZfxV7mFenb.jpg","iso_639_1":"fr"}},"original_value":{"poster":{"file_path":"/76ko2UnRIMKxaP95bZfxV7mFenb.jpg","iso_639_1":"xx"}}},{"id":"58da0526c3a3686d82004f26","action":"updated","time":"2017-03-28 06:39:34 UTC","iso_639_1":"en","value":{"poster":{"file_path":"/wo41MS8fUtCKUBI8Ywdt5boT7WC.jpg","iso_639_1":"en"}},"original_value":{"poster":{"file_path":"/wo41MS8fUtCKUBI8Ywdt5boT7WC.jpg","iso_639_1":"xx"}}},{"id":"58da052cc3a3686d5f00543f","action":"updated","time":"2017-03-28 06:39:40 UTC","iso_639_1":"en","value":{"poster":{"file_path":"/o2CAeDx2jAwtnZXeOTxjvsCfYz.jpg","iso_639_1":"en"}},"original_value":{"poster":{"file_path":"/o2CAeDx2jAwtnZXeOTxjvsCfYz.jpg","iso_639_1":"xx"}}},{"id":"58da065ac3a3686d6f00524b","action":"deleted","time":"2017-03-28 06:44:42 UTC","iso_639_1":"xx","original_value":{"poster":{"file_path":"/lc3JFjL551XpSn9a2Vx9Dfro95u.jpg"}}},{"id":"58da0667925141143e005e4c","action":"updated","time":"2017-03-28 06:44:55 UTC","iso_639_1":"en","value":{"poster":{"file_path":"/946BJhaLCO2CGpoakFvfsQXX2KO.jpg","iso_639_1":"en"}},"original_value":{"poster":{"file_path":"/946BJhaLCO2CGpoakFvfsQXX2KO.jpg","iso_639_1":"xx"}}},{"id":"58da06819251411479005b9f","action":"updated","time":"2017-03-28 06:45:21 UTC","iso_639_1":"ja","value":{"poster":{"file_path":"/wsZfiUYiAM58OEpSpiqjb9QtVBj.jpg","iso_639_1":"ja"}},"original_value":{"poster":{"file_path":"/wsZfiUYiAM58OEpSpiqjb9QtVBj.jpg","iso_639_1":"xx"}}},{"id":"58da06c39251411479005bd5","action":"updated","time":"2017-03-28 06:46:27 UTC","iso_639_1":"rn","value":{"poster":{"file_path":"/2muqGjRdZaphcnp4rsCa83uhuGV.jpg","iso_639_1":"rn"}},"original_value":{"poster":{"file_path":"/2muqGjRdZaphcnp4rsCa83uhuGV.jpg","iso_639_1":"xx"}}},{"id":"58da06cc9251411465005af8","action":"updated","time":"2017-03-28 06:46:36 UTC","iso_639_1":"ru","value":{"poster":{"file_path":"/vXnYq1hUkbLTl04SltZ851Nqf68.jpg","iso_639_1":"ru"}},"original_value":{"poster":{"file_path":"/vXnYq1hUkbLTl04SltZ851Nqf68.jpg","iso_639_1":"xx"}}},{"id":"58da070b9251411479005c1b","action":"updated","time":"2017-03-28 06:47:39 UTC","iso_639_1":"zh","value":{"poster":{"file_path":"/vXnYq1hUkbLTl04SltZ851Nqf68.jpg","iso_639_1":"zh"}},"original_value":{"poster":{"file_path":"/vXnYq1hUkbLTl04SltZ851Nqf68.jpg","iso_639_1":"ru"}}},{"id":"58da0739925141143e005ef9","action":"updated","time":"2017-03-28 06:48:25 UTC","iso_639_1":"ru","value":{"poster":{"file_path":"/2muqGjRdZaphcnp4rsCa83uhuGV.jpg","iso_639_1":"ru"}},"original_value":{"poster":{"file_path":"/2muqGjRdZaphcnp4rsCa83uhuGV.jpg","iso_639_1":"rn"}}},{"id":"58da077e925141148a005eeb","action":"updated","time":"2017-03-28 06:49:34 UTC","iso_639_1":"fr","value":{"poster":{"file_path":"/6ZCGgskbk626FQ11pvu0F9Wmpbb.jpg","iso_639_1":"fr"}},"original_value":{"poster":{"file_path":"/6ZCGgskbk626FQ11pvu0F9Wmpbb.jpg","iso_639_1":"xx"}}},{"id":"58da07839251411450005c95","action":"updated","time":"2017-03-28 06:49:39 UTC","iso_639_1":"zh","value":{"poster":{"file_path":"/eo79m2lUv9wCYJwEyGaZrV9bt1e.jpg","iso_639_1":"zh"}},"original_value":{"poster":{"file_path":"/eo79m2lUv9wCYJwEyGaZrV9bt1e.jpg","iso_639_1":"xx"}}},{"id":"58da07a1c3a3686d820050d6","action":"updated","time":"2017-03-28 06:50:09 UTC","iso_639_1":"rm","value":{"poster":{"file_path":"/oXXOWCyw5J0ddE2jc4IfKzCCElZ.jpg","iso_639_1":"rm"}},"original_value":{"poster":{"file_path":"/oXXOWCyw5J0ddE2jc4IfKzCCElZ.jpg","iso_639_1":"xx"}}},{"id":"58da07a1c3a3686d77005306","action":"updated","time":"2017-03-28 06:50:09 UTC","iso_639_1":"rn","value":{"poster":{"file_path":"/oXXOWCyw5J0ddE2jc4IfKzCCElZ.jpg","iso_639_1":"rn"}},"original_value":{"poster":{"file_path":"/oXXOWCyw5J0ddE2jc4IfKzCCElZ.jpg","iso_639_1":"rm"}}},{"id":"58da07a19251411479005c93","action":"updated","time":"2017-03-28 06:50:09 UTC","iso_639_1":"ru","value":{"poster":{"file_path":"/oXXOWCyw5J0ddE2jc4IfKzCCElZ.jpg","iso_639_1":"ru"}},"original_value":{"poster":{"file_path":"/oXXOWCyw5J0ddE2jc4IfKzCCElZ.jpg","iso_639_1":"rn"}}},{"id":"58da07ed9251411434005d67","action":"deleted","time":"2017-03-28 06:51:25 UTC","iso_639_1":"xx","original_value":{"poster":{"file_path":"/4tXfu33PJOLDMRZcHo4CdQLabeU.jpg"}}},{"id":"58da07f19251411449005a9e","action":"deleted","time":"2017-03-28 06:51:29 UTC","iso_639_1":"xx","original_value":{"poster":{"file_path":"/iL4yopY2K2o1tcYiUWhnzjCnPMJ.jpg"}}},{"id":"58da07f6c3a3686d8f0055ba","action":"deleted","time":"2017-03-28 06:51:34 UTC","iso_639_1":"xx","original_value":{"poster":{"file_path":"/u6SheFJAOt2QSkTb8lPZYutfWPy.jpg"}}},{"id":"58da07fc925141143e005f8e","action":"deleted","time":"2017-03-28 06:51:40 UTC","iso_639_1":"xx","original_value":{"poster":{"file_path":"/4LmbxlJELrtC708uM8ujHS3dxql.jpg"}}},{"id":"58da08019251411450005cee","action":"deleted","time":"2017-03-28 06:51:45 UTC","iso_639_1":"xx","original_value":{"poster":{"file_path":"/n7Wf9QcjSKSscyEFtVLyFImQSzK.jpg"}}},{"id":"58da0819c3a3686d6f0053b7","action":"updated","time":"2017-03-28 06:52:09 UTC","iso_639_1":"ru","value":{"poster":{"file_path":"/uH77i8QoDjTgwZOfdS3UyEiAPxS.jpg","iso_639_1":"ru"}},"original_value":{"poster":{"file_path":"/uH77i8QoDjTgwZOfdS3UyEiAPxS.jpg","iso_639_1":"xx"}}},{"id":"58da0841925141143e005fd5","action":"updated","time":"2017-03-28 06:52:49 UTC","iso_639_1":"it","value":{"poster":{"file_path":"/xwGL6uN1JHSMnUmWmjPmiAVdkuM.jpg","iso_639_1":"it"}},"original_value":{"poster":{"file_path":"/xwGL6uN1JHSMnUmWmjPmiAVdkuM.jpg","iso_639_1":"xx"}}},{"id":"58da084b925141143e005fe0","action":"updated","time":"2017-03-28 06:52:59 UTC","iso_639_1":"ru","value":{"poster":{"file_path":"/2Q6BGwHyy3hUprLTB2tFsihrZ4B.jpg","iso_639_1":"ru"}},"original_value":{"poster":{"file_path":"/2Q6BGwHyy3hUprLTB2tFsihrZ4B.jpg","iso_639_1":"xx"}}},{"id":"58da086fc3a3686d8f00560c","action":"deleted","time":"2017-03-28 06:53:35 UTC","iso_639_1":"xx","original_value":{"poster":{"file_path":"/vCJkrElQpvNZmwIcU7tBWVS7bRB.jpg"}}},{"id":"58da08989251411449005b2c","action":"deleted","time":"2017-03-28 06:54:16 UTC","iso_639_1":"xx","original_value":{"poster":{"file_path":"/rwd7Ra2qsXKaN19ffUM859Rai6w.jpg"}}},{"id":"58da08abc3a3686d8f005638","action":"updated","time":"2017-03-28 06:54:35 UTC","iso_639_1":"en","value":{"poster":{"file_path":"/xg9CjKBdMYsYmetLpl5SLGIntMW.jpg","iso_639_1":"en"}},"original_value":{"poster":{"file_path":"/xg9CjKBdMYsYmetLpl5SLGIntMW.jpg","iso_639_1":"xx"}}},{"id":"58da0920c3a3686d4900538c","action":"deleted","time":"2017-03-28 06:56:32 UTC","iso_639_1":"xx","original_value":{"poster":{"file_path":"/ptEsLtMo0FkOgf4xIZ0ri9rLbwx.jpg"}}},{"id":"58da0947c3a3686d490053c6","action":"updated","time":"2017-03-28 06:57:11 UTC","iso_639_1":"ja","value":{"poster":{"file_path":"/iVvQO43P0BrBenicqcKPbYT54xC.jpg","iso_639_1":"ja"}},"original_value":{"poster":{"file_path":"/iVvQO43P0BrBenicqcKPbYT54xC.jpg","iso_639_1":"xx"}}},{"id":"58da0964c3a3686d490053de","action":"updated","time":"2017-03-28 06:57:40 UTC","iso_639_1":"it","value":{"poster":{"file_path":"/l8BilxzyjBIyVdKurLmq37LFgxF.jpg","iso_639_1":"it"}},"original_value":{"poster":{"file_path":"/l8BilxzyjBIyVdKurLmq37LFgxF.jpg","iso_639_1":"xx"}}},{"id":"58da097d9251411445005ebd","action":"updated","time":"2017-03-28 06:58:05 UTC","iso_639_1":"he","value":{"poster":{"file_path":"/9XyjctmGOb2TdyAREFuKI6PbXpX.jpg","iso_639_1":"he"}},"original_value":{"poster":{"file_path":"/9XyjctmGOb2TdyAREFuKI6PbXpX.jpg","iso_639_1":"xx"}}},{"id":"58da0995c3a3686d6700544c","action":"updated","time":"2017-03-28 06:58:29 UTC","iso_639_1":"ja","value":{"poster":{"file_path":"/nFJbeyuNNLBAxGWp0UNjdwFIgkH.jpg","iso_639_1":"ja"}},"original_value":{"poster":{"file_path":"/nFJbeyuNNLBAxGWp0UNjdwFIgkH.jpg","iso_639_1":"xx"}}},{"id":"58da09b69251411434005eca","action":"updated","time":"2017-03-28 06:59:02 UTC","iso_639_1":"zh","value":{"poster":{"file_path":"/5CxwCyGX7MJi62M5FIpUtIiJ39G.jpg","iso_639_1":"zh"}},"original_value":{"poster":{"file_path":"/5CxwCyGX7MJi62M5FIpUtIiJ39G.jpg","iso_639_1":"xx"}}},{"id":"58da09c39251411445005efa","action":"updated","time":"2017-03-28 06:59:15 UTC","iso_639_1":"ru","value":{"poster":{"file_path":"/dxcldkimirjwxQRb3Uh7aIRblgd.jpg","iso_639_1":"ru"}},"original_value":{"poster":{"file_path":"/dxcldkimirjwxQRb3Uh7aIRblgd.jpg","iso_639_1":"xx"}}},{"id":"58da09ed9251411479005e74","action":"deleted","time":"2017-03-28 06:59:57 UTC","iso_639_1":"xx","original_value":{"poster":{"file_path":"/jsoS8RGvO49vgPW8jaLtKdIZXTF.jpg"}}},{"id":"58da09fd925141148a00610f","action":"updated","time":"2017-03-28 07:00:13 UTC","iso_639_1":"ja","value":{"poster":{"file_path":"/acorEUR4oKjtrurGIzGwAhZN3R0.jpg","iso_639_1":"ja"}},"original_value":{"poster":{"file_path":"/acorEUR4oKjtrurGIzGwAhZN3R0.jpg","iso_639_1":"xx"}}},{"id":"58da0a0b9251411465005d97","action":"updated","time":"2017-03-28 07:00:27 UTC","iso_639_1":"ru","value":{"poster":{"file_path":"/5XkXWQYjzB6PurDGICHExAm5jbQ.jpg","iso_639_1":"ru"}},"original_value":{"poster":{"file_path":"/5XkXWQYjzB6PurDGICHExAm5jbQ.jpg","iso_639_1":"xx"}}},{"id":"58da0a23c3a3686d31005a45","action":"updated","time":"2017-03-28 07:00:51 UTC","iso_639_1":"zh","value":{"poster":{"file_path":"/vLWVKhqj6PhY5bgl9FzikE7YMNn.jpg","iso_639_1":"zh"}},"original_value":{"poster":{"file_path":"/vLWVKhqj6PhY5bgl9FzikE7YMNn.jpg","iso_639_1":"xx"}}},{"id":"58da0a42c3a3686d4900547b","action":"updated","time":"2017-03-28 07:01:22 UTC","iso_639_1":"sk","value":{"poster":{"file_path":"/6lXU4pXvQsuHSMDXCqT1iEf1c3e.jpg","iso_639_1":"sk"}},"original_value":{"poster":{"file_path":"/6lXU4pXvQsuHSMDXCqT1iEf1c3e.jpg","iso_639_1":"xx"}}},{"id":"58da0a5e9251411449005cbc","action":"updated","time":"2017-03-28 07:01:50 UTC","iso_639_1":"ja","value":{"poster":{"file_path":"/5SFQj8LSSyI3CidvP0rf0xT8Vfc.jpg","iso_639_1":"ja"}},"original_value":{"poster":{"file_path":"/5SFQj8LSSyI3CidvP0rf0xT8Vfc.jpg","iso_639_1":"xx"}}},{"id":"58da0a689251411450005ee1","action":"updated","time":"2017-03-28 07:02:00 UTC","iso_639_1":"fr","value":{"poster":{"file_path":"/4g1mQ8dCsBKNxDCrtbT1Pg5R7Fr.jpg","iso_639_1":"fr"}},"original_value":{"poster":{"file_path":"/4g1mQ8dCsBKNxDCrtbT1Pg5R7Fr.jpg","iso_639_1":"xx"}}},{"id":"58da0a80c3a3686d31005aa7","action":"updated","time":"2017-03-28 07:02:24 UTC","iso_639_1":"en","value":{"poster":{"file_path":"/i21NlGzYSjvQ4F5ReTK8l4vbe1I.jpg","iso_639_1":"en"}},"original_value":{"poster":{"file_path":"/i21NlGzYSjvQ4F5ReTK8l4vbe1I.jpg","iso_639_1":"xx"}}},{"id":"58da0a97925141148a0061b1","action":"updated","time":"2017-03-28 07:02:47 UTC","iso_639_1":"en","value":{"poster":{"file_path":"/t9p1UM7phrcYPCG5fc8t6HAR4WI.jpg","iso_639_1":"en"}},"original_value":{"poster":{"file_path":"/t9p1UM7phrcYPCG5fc8t6HAR4WI.jpg","iso_639_1":"xx"}}},{"id":"58da0aae9251411479005f1c","action":"updated","time":"2017-03-28 07:03:10 UTC","iso_639_1":"en","value":{"poster":{"file_path":"/HuF5fz0LDDuvoitWSKLk9G0GKP.jpg","iso_639_1":"en"}},"original_value":{"poster":{"file_path":"/HuF5fz0LDDuvoitWSKLk9G0GKP.jpg","iso_639_1":"xx"}}},{"id":"58da0ac9c3a3686d5f0058cb","action":"updated","time":"2017-03-28 07:03:37 UTC","iso_639_1":"zh","value":{"poster":{"file_path":"/89hCVkJSMKJY3iq1YebUfK0ajIw.jpg","iso_639_1":"zh"}},"original_value":{"poster":{"file_path":"/89hCVkJSMKJY3iq1YebUfK0ajIw.jpg","iso_639_1":"xx"}}},{"id":"58da0ad3c3a3686d5f0058d8","action":"updated","time":"2017-03-28 07:03:47 UTC","iso_639_1":"ru","value":{"poster":{"file_path":"/myZWnDPbvqFYjhU8T3el7V7B0ev.jpg","iso_639_1":"ru"}},"original_value":{"poster":{"file_path":"/myZWnDPbvqFYjhU8T3el7V7B0ev.jpg","iso_639_1":"xx"}}},{"id":"58da0ad9c3a3686d31005b0a","action":"updated","time":"2017-03-28 07:03:53 UTC","iso_639_1":"ru","value":{"poster":{"file_path":"/mCcjqll52NOicc3OLic0FhCK9Ga.jpg","iso_639_1":"ru"}},"original_value":{"poster":{"file_path":"/mCcjqll52NOicc3OLic0FhCK9Ga.jpg","iso_639_1":"xx"}}},{"id":"58da0ade9251411465005e5f","action":"updated","time":"2017-03-28 07:03:58 UTC","iso_639_1":"ru","value":{"poster":{"file_path":"/sRMNjcwxZ4MRZOmSie0PVseIOAP.jpg","iso_639_1":"ru"}},"original_value":{"poster":{"file_path":"/sRMNjcwxZ4MRZOmSie0PVseIOAP.jpg","iso_639_1":"xx"}}},{"id":"58da0ae9c3a3686d31005b13","action":"updated","time":"2017-03-28 07:04:09 UTC","iso_639_1":"ru","value":{"poster":{"file_path":"/qGQ93jPSa2qtI0ihNRleETh3317.jpg","iso_639_1":"ru"}},"original_value":{"poster":{"file_path":"/qGQ93jPSa2qtI0ihNRleETh3317.jpg","iso_639_1":"xx"}}},{"id":"58da0aedc3a3686d67005576","action":"updated","time":"2017-03-28 07:04:13 UTC","iso_639_1":"ru","value":{"poster":{"file_path":"/vHJHEuQ955DOWzixXartou3pbIY.jpg","iso_639_1":"ru"}},"original_value":{"poster":{"file_path":"/vHJHEuQ955DOWzixXartou3pbIY.jpg","iso_639_1":"xx"}}},{"id":"58da0af79251411445005ff3","action":"updated","time":"2017-03-28 07:04:23 UTC","iso_639_1":"ja","value":{"poster":{"file_path":"/uZQWFlStYOcD4FaAdKVuaROxxjL.jpg","iso_639_1":"ja"}},"original_value":{"poster":{"file_path":"/uZQWFlStYOcD4FaAdKVuaROxxjL.jpg","iso_639_1":"xx"}}},{"id":"58da0b08c3a3686d8200536c","action":"updated","time":"2017-03-28 07:04:40 UTC","iso_639_1":"ru","value":{"poster":{"file_path":"/70aGmxcBHAFzgHcztE6JHjXgkf7.jpg","iso_639_1":"ru"}},"original_value":{"poster":{"file_path":"/70aGmxcBHAFzgHcztE6JHjXgkf7.jpg","iso_639_1":"xx"}}},{"id":"58da0b1cc3a3686d8f005846","action":"updated","time":"2017-03-28 07:05:00 UTC","iso_639_1":"ja","value":{"poster":{"file_path":"/lueKsvtFuxXJYrVjtf9FJjBRHyW.jpg","iso_639_1":"ja"}},"original_value":{"poster":{"file_path":"/lueKsvtFuxXJYrVjtf9FJjBRHyW.jpg","iso_639_1":"xx"}}},{"id":"58da0b2fc3a3686d49005526","action":"updated","time":"2017-03-28 07:05:19 UTC","iso_639_1":"zh","value":{"poster":{"file_path":"/dub4DcK4y7ENjZ1modUwPh3NGzc.jpg","iso_639_1":"zh"}},"original_value":{"poster":{"file_path":"/dub4DcK4y7ENjZ1modUwPh3NGzc.jpg","iso_639_1":"xx"}}},{"id":"58da0b38c3a3686d31005b55","action":"updated","time":"2017-03-28 07:05:28 UTC","iso_639_1":"ru","value":{"poster":{"file_path":"/5hJOzOqsQWUG8U17Qga1WOUQVCP.jpg","iso_639_1":"ru"}},"original_value":{"poster":{"file_path":"/5hJOzOqsQWUG8U17Qga1WOUQVCP.jpg","iso_639_1":"xx"}}},{"id":"58da0b3fc3a3686d670055b7","action":"updated","time":"2017-03-28 07:05:35 UTC","iso_639_1":"zh","value":{"poster":{"file_path":"/x9FYU6YjrlfSEan0XYdNvoZjNFI.jpg","iso_639_1":"zh"}},"original_value":{"poster":{"file_path":"/x9FYU6YjrlfSEan0XYdNvoZjNFI.jpg","iso_639_1":"xx"}}},{"id":"58da0b43c3a3686d5f005923","action":"updated","time":"2017-03-28 07:05:39 UTC","iso_639_1":"zh","value":{"poster":{"file_path":"/SgFEBMR515ARSGM6LNswmm355H.jpg","iso_639_1":"zh"}},"original_value":{"poster":{"file_path":"/SgFEBMR515ARSGM6LNswmm355H.jpg","iso_639_1":"xx"}}},{"id":"58da0b59c3a3686d670055c3","action":"updated","time":"2017-03-28 07:06:01 UTC","iso_639_1":"fr","value":{"poster":{"file_path":"/aqcgXZYPgoi8FkQ41zQp6VynAvR.jpg","iso_639_1":"fr"}},"original_value":{"poster":{"file_path":"/aqcgXZYPgoi8FkQ41zQp6VynAvR.jpg","iso_639_1":"xx"}}},{"id":"58da0b6dc3a3686d6f005667","action":"updated","time":"2017-03-28 07:06:21 UTC","iso_639_1":"fr","value":{"poster":{"file_path":"/qmezbScGjdgEYS62SdXwfOWGicf.jpg","iso_639_1":"fr"}},"original_value":{"poster":{"file_path":"/qmezbScGjdgEYS62SdXwfOWGicf.jpg","iso_639_1":"xx"}}},{"id":"58da0b7dc3a3686d770055f9","action":"updated","time":"2017-03-28 07:06:37 UTC","iso_639_1":"zh","value":{"poster":{"file_path":"/xxkwC0kvClrlfH6p4S1tEZOmn0L.jpg","iso_639_1":"zh"}},"original_value":{"poster":{"file_path":"/xxkwC0kvClrlfH6p4S1tEZOmn0L.jpg","iso_639_1":"xx"}}},{"id":"58da0b8ec3a3686d5f005964","action":"updated","time":"2017-03-28 07:06:54 UTC","iso_639_1":"ja","value":{"poster":{"file_path":"/cZMxQ45jfaU3Qv01anaQGAOM4Wb.jpg","iso_639_1":"ja"}},"original_value":{"poster":{"file_path":"/cZMxQ45jfaU3Qv01anaQGAOM4Wb.jpg","iso_639_1":"xx"}}},{"id":"58da0b99c3a3686d820053c9","action":"updated","time":"2017-03-28 07:07:05 UTC","iso_639_1":"zh","value":{"poster":{"file_path":"/oqcJF9GxiG2hGVzc2ogWjUwgMKp.jpg","iso_639_1":"zh"}},"original_value":{"poster":{"file_path":"/oqcJF9GxiG2hGVzc2ogWjUwgMKp.jpg","iso_639_1":"xx"}}},{"id":"58da0ba9c3a3686d6f005694","action":"updated","time":"2017-03-28 07:07:21 UTC","iso_639_1":"ru","value":{"poster":{"file_path":"/5Tzpuj3a4b6uEabWGM8EjQyluOy.jpg","iso_639_1":"ru"}},"original_value":{"poster":{"file_path":"/5Tzpuj3a4b6uEabWGM8EjQyluOy.jpg","iso_639_1":"xx"}}},{"id":"58da0bb49251411445006080","action":"updated","time":"2017-03-28 07:07:32 UTC","iso_639_1":"ru","value":{"poster":{"file_path":"/54MhvnnL5gMIKeaL42tHnAU2ki5.jpg","iso_639_1":"ru"}},"original_value":{"poster":{"file_path":"/54MhvnnL5gMIKeaL42tHnAU2ki5.jpg","iso_639_1":"xx"}}},{"id":"58da0bbac3a3686d490055a6","action":"updated","time":"2017-03-28 07:07:38 UTC","iso_639_1":"ru","value":{"poster":{"file_path":"/ycgmhJPVvgotw3XXaZITM9lYCpR.jpg","iso_639_1":"ru"}},"original_value":{"poster":{"file_path":"/ycgmhJPVvgotw3XXaZITM9lYCpR.jpg","iso_639_1":"xx"}}},{"id":"58da0bbf9251411465005efe","action":"updated","time":"2017-03-28 07:07:43 UTC","iso_639_1":"ru","value":{"poster":{"file_path":"/yxKe1JyBmeWzOgKBhnTScHuQphB.jpg","iso_639_1":"ru"}},"original_value":{"poster":{"file_path":"/yxKe1JyBmeWzOgKBhnTScHuQphB.jpg","iso_639_1":"xx"}}},{"id":"58da183b9251411445006aef","action":"updated","time":"2017-03-28 08:00:59 UTC","iso_639_1":"ja","value":{"poster":{"file_path":"/wC9B0POIzOQk5h7K9ZZjazyBYRL.jpg","iso_639_1":"ja"}},"original_value":{"poster":{"file_path":"/wC9B0POIzOQk5h7K9ZZjazyBYRL.jpg","iso_639_1":"xx"}}},{"id":"58da1840c3a3686d8f00639c","action":"updated","time":"2017-03-28 08:01:04 UTC","iso_639_1":"zh","value":{"poster":{"file_path":"/twuicrtIliHNdVBQsomDJn16Xj3.jpg","iso_639_1":"zh"}},"original_value":{"poster":{"file_path":"/twuicrtIliHNdVBQsomDJn16Xj3.jpg","iso_639_1":"xx"}}},{"id":"58da184b92514114650069ba","action":"updated","time":"2017-03-28 08:01:15 UTC","iso_639_1":"ru","value":{"poster":{"file_path":"/8hHJKKbF0BKTz4r0k9X96NYRmwE.jpg","iso_639_1":"ru"}},"original_value":{"poster":{"file_path":"/8hHJKKbF0BKTz4r0k9X96NYRmwE.jpg","iso_639_1":"xx"}}},{"id":"58da184f9251411445006b07","action":"updated","time":"2017-03-28 08:01:19 UTC","iso_639_1":"ru","value":{"poster":{"file_path":"/vTUkBFZ8WWi86Dw4kxvJP6McHYX.jpg","iso_639_1":"ru"}},"original_value":{"poster":{"file_path":"/vTUkBFZ8WWi86Dw4kxvJP6McHYX.jpg","iso_639_1":"xx"}}},{"id":"58da1859c3a3686d77006055","action":"updated","time":"2017-03-28 08:01:29 UTC","iso_639_1":"mk","value":{"poster":{"file_path":"/As48UnTup2fPr52RyJnqNJRDKg.jpg","iso_639_1":"mk"}},"original_value":{"poster":{"file_path":"/As48UnTup2fPr52RyJnqNJRDKg.jpg","iso_639_1":"xx"}}},{"id":"58da18599251411450006a1e","action":"updated","time":"2017-03-28 08:01:29 UTC","iso_639_1":"zh","value":{"poster":{"file_path":"/As48UnTup2fPr52RyJnqNJRDKg.jpg","iso_639_1":"zh"}},"original_value":{"poster":{"file_path":"/As48UnTup2fPr52RyJnqNJRDKg.jpg","iso_639_1":"mk"}}},{"id":"58da187f925141143e006da0","action":"updated","time":"2017-03-28 08:02:07 UTC","iso_639_1":"ru","value":{"poster":{"file_path":"/hZWLxcSq9fIErGm4SBaB8ERgG2p.jpg","iso_639_1":"ru"}},"original_value":{"poster":{"file_path":"/hZWLxcSq9fIErGm4SBaB8ERgG2p.jpg","iso_639_1":"xx"}}},{"id":"58da1883c3a3686d5f00648c","action":"updated","time":"2017-03-28 08:02:11 UTC","iso_639_1":"ru","value":{"poster":{"file_path":"/50GM2gGXZnhyEjG5EyWC91a95UP.jpg","iso_639_1":"ru"}},"original_value":{"poster":{"file_path":"/50GM2gGXZnhyEjG5EyWC91a95UP.jpg","iso_639_1":"xx"}}},{"id":"58da1887c3a3686d6700605a","action":"updated","time":"2017-03-28 08:02:15 UTC","iso_639_1":"ru","value":{"poster":{"file_path":"/kxZie3TkUeXGCKTTtPGU5nLC1wG.jpg","iso_639_1":"ru"}},"original_value":{"poster":{"file_path":"/kxZie3TkUeXGCKTTtPGU5nLC1wG.jpg","iso_639_1":"xx"}}},{"id":"58da18919251411434006b94","action":"updated","time":"2017-03-28 08:02:25 UTC","iso_639_1":"fr","value":{"poster":{"file_path":"/j79hf9ZBfn7teziYRC0p7K5fMNx.jpg","iso_639_1":"fr"}},"original_value":{"poster":{"file_path":"/j79hf9ZBfn7teziYRC0p7K5fMNx.jpg","iso_639_1":"xx"}}},{"id":"58da18959251411450006a4c","action":"updated","time":"2017-03-28 08:02:29 UTC","iso_639_1":"fr","value":{"poster":{"file_path":"/nbsL3GLtFtg7qX7jQQxwZuoJIQH.jpg","iso_639_1":"fr"}},"original_value":{"poster":{"file_path":"/nbsL3GLtFtg7qX7jQQxwZuoJIQH.jpg","iso_639_1":"xx"}}},{"id":"58da189c9251411434006b99","action":"updated","time":"2017-03-28 08:02:36 UTC","iso_639_1":"fr","value":{"poster":{"file_path":"/aJDOx3dgO2ldISfYGVYd1JGWp7S.jpg","iso_639_1":"fr"}},"original_value":{"poster":{"file_path":"/aJDOx3dgO2ldISfYGVYd1JGWp7S.jpg","iso_639_1":"xx"}}},{"id":"58da18a4c3a3686d5f0064aa","action":"updated","time":"2017-03-28 08:02:44 UTC","iso_639_1":"ru","value":{"poster":{"file_path":"/nU6ic24Aajuv2GsZpXL3lSvVSBQ.jpg","iso_639_1":"ru"}},"original_value":{"poster":{"file_path":"/nU6ic24Aajuv2GsZpXL3lSvVSBQ.jpg","iso_639_1":"xx"}}},{"id":"58da18aac3a3686d6f006121","action":"updated","time":"2017-03-28 08:02:50 UTC","iso_639_1":"fr","value":{"poster":{"file_path":"/k1hpg5QFFXLh2qzSWw6khYK5Aub.jpg","iso_639_1":"fr"}},"original_value":{"poster":{"file_path":"/k1hpg5QFFXLh2qzSWw6khYK5Aub.jpg","iso_639_1":"xx"}}},{"id":"58da1969c3a3686d8f006466","action":"updated","time":"2017-03-28 08:06:01 UTC","iso_639_1":"zh","value":{"poster":{"file_path":"/i362cB6D7N1Wgq8KEpHKhnpUwQJ.jpg","iso_639_1":"zh"}},"original_value":{"poster":{"file_path":"/i362cB6D7N1Wgq8KEpHKhnpUwQJ.jpg","iso_639_1":"cn"}}},{"id":"58da19949251411434006c74","action":"updated","time":"2017-03-28 08:06:44 UTC","iso_639_1":"en","value":{"poster":{"file_path":"/4jMXrB7WlRnUBzTyAlB4X8k7By2.jpg","iso_639_1":"en"}},"original_value":{"poster":{"file_path":"/4jMXrB7WlRnUBzTyAlB4X8k7By2.jpg","iso_639_1":"da"}}},{"id":"58da1a3d9251411450006bbc","action":"deleted","time":"2017-03-28 08:09:33 UTC","iso_639_1":"el","original_value":{"poster":{"file_path":"/nk7bp3H3rTxMn4jyoOgGdbnO79V.jpg"}}},{"id":"58da1a76c3a3686d82005f4b","action":"updated","time":"2017-03-28 08:10:30 UTC","iso_639_1":"es","value":{"poster":{"file_path":"/wGyxiPfouU78Y8lvoHe1X3yqPmO.jpg","iso_639_1":"es"}},"original_value":{"poster":{"file_path":"/wGyxiPfouU78Y8lvoHe1X3yqPmO.jpg","iso_639_1":"la"}}},{"id":"58da1a859251411465006b9c","action":"updated","time":"2017-03-28 08:10:45 UTC","iso_639_1":"es","value":{"poster":{"file_path":"/14cO8ui5L3FYN9EWk3vdQpNdwwY.jpg","iso_639_1":"es"}},"original_value":{"poster":{"file_path":"/14cO8ui5L3FYN9EWk3vdQpNdwwY.jpg","iso_639_1":"la"}}},{"id":"58da1ab19251411445006d07","action":"deleted","time":"2017-03-28 08:11:29 UTC","iso_639_1":"it","original_value":{"poster":{"file_path":"/xwGL6uN1JHSMnUmWmjPmiAVdkuM.jpg"}}},{"id":"58da1ae5c3a3686d5f006665","action":"updated","time":"2017-03-28 08:12:21 UTC","iso_639_1":"en","value":{"poster":{"file_path":"/iOx8VkykmmYdmBuYZvcBJ9s1ycY.jpg","iso_639_1":"en"}},"original_value":{"poster":{"file_path":"/iOx8VkykmmYdmBuYZvcBJ9s1ycY.jpg","iso_639_1":"de"}}},{"id":"58da1b1dc3a3686d67006297","action":"deleted","time":"2017-03-28 08:13:17 UTC","iso_639_1":"de","original_value":{"poster":{"file_path":"/pcJhHxKl7zI9CeWtuKEKVQbC5Yt.jpg"}}},{"id":"58da1bd09251411449006ab8","action":"deleted","time":"2017-03-28 08:16:16 UTC","iso_639_1":"hu","original_value":{"poster":{"file_path":"/5Z5dp9ilwglkjZ0XxxlRzhe6dGf.jpg"}}},{"id":"58da2304c3a3686d5f006cc2","action":"deleted","time":"2017-03-28 08:47:00 UTC","iso_639_1":"en","original_value":{"poster":{"file_path":"/zLTvgBXawOoFBcP96YlqzQvLla0.jpg"}}},{"id":"58da2396925141148a00759d","action":"deleted","time":"2017-03-28 08:49:26 UTC","iso_639_1":"en","original_value":{"poster":{"file_path":"/wo41MS8fUtCKUBI8Ywdt5boT7WC.jpg"}}},{"id":"58da2414925141148a0075eb","action":"deleted","time":"2017-03-28 08:51:32 UTC","iso_639_1":"en","original_value":{"poster":{"file_path":"/wu5LrCjfRRHj2idpB6h6VKsBaut.jpg"}}},{"id":"58da2467c3a3686d67006935","action":"deleted","time":"2017-03-28 08:52:55 UTC","iso_639_1":"en","original_value":{"poster":{"file_path":"/i21NlGzYSjvQ4F5ReTK8l4vbe1I.jpg"}}},{"id":"58da2526925141143400747c","action":"deleted","time":"2017-03-28 08:56:06 UTC","iso_639_1":"en","original_value":{"poster":{"file_path":"/hEH5MwxHsNWjJ5vlzb5rQe947Wc.jpg"}}},{"id":"58da2542c3a3686d6f006a55","action":"deleted","time":"2017-03-28 08:56:34 UTC","iso_639_1":"en","original_value":{"poster":{"file_path":"/t9p1UM7phrcYPCG5fc8t6HAR4WI.jpg"}}},{"id":"58da2583925141143e0077c2","action":"deleted","time":"2017-03-28 08:57:39 UTC","iso_639_1":"en","original_value":{"poster":{"file_path":"/vcEBblgkTBIrW1ub2kGLrs9e2JJ.jpg"}}},{"id":"58da259c92514114790073c6","action":"deleted","time":"2017-03-28 08:58:04 UTC","iso_639_1":"en","original_value":{"poster":{"file_path":"/ldVbmQEOK5RbAikGwmZgMgu9Xnl.jpg"}}},{"id":"58da26c692514114500074af","action":"deleted","time":"2017-03-28 09:03:02 UTC","iso_639_1":"en","original_value":{"poster":{"file_path":"/HuF5fz0LDDuvoitWSKLk9G0GKP.jpg"}}},{"id":"58da26e592514114340075d7","action":"deleted","time":"2017-03-28 09:03:33 UTC","iso_639_1":"en","original_value":{"poster":{"file_path":"/o2CAeDx2jAwtnZXeOTxjvsCfYz.jpg"}}}]}]},"translations":{"translations":[{"iso_3166_1":"SA","iso_639_1":"ar","name":"العربية","english_name":"Arabic","data":{"homepage":"","overview":"عندما يبرز عدو غير متوقع ويهدد سلامة وأمن العالم، نيك فوري، مدير وكالة حفظ السلام الدولية المعروفة باسم .S.H.I.E.L.D ، يجد نفسه في حاجة إلى فريق يسحب العالم من حافة الكارثة. من مختلف أنحاء العالم، يبدأ جهد التوظيف!","runtime":143,"tagline":"","title":"المنتقمون"}},{"iso_3166_1":"BG","iso_639_1":"bg","name":"български език","english_name":"Bulgarian","data":{"homepage":"","overview":"Земята отново става несигурно място, когато се появява враг, заплашващ световната безопасност и сигурността. Шефът на международната организация за мир ЩИТ Ник Фюри е принуден да помисли за екип, който да предпази хората от бъдеща катастрофа. Така на едно място той трябва да събере няколко непобедими супер герои - Железният човек, Невероятният Хълк, Тор – богът на гръмотевиците, Капитан Америка, Ястребово око и Черната вдовица.","runtime":0,"tagline":"","title":"Отмъстителите"}},{"iso_3166_1":"CZ","iso_639_1":"cs","name":"Český","english_name":"Czech","data":{"homepage":"http://marvel.com/avengers_movie/","overview":"Marvel Studio uvádí \"Marvelovské mstitele\" - super hrdinský tým všech dob, který přestaví ikonické super hrdiny - Iron Mana, Neuvěřitelného Hulka, Thora, Captaina Americu, Hawkeye a Black Widow. Když se objeví nečekaný nepřítel, který ohrožuje světovou bezpečnost a bezpečí , Nick Fury, ředitel mezinárodní mírové agentury známé také jako S.H.I.E.L.D., zjistí, že potřebuje tým, aby odvrátil světovou katastrofu. Začíná provádět nábor po celém světě.","runtime":142,"tagline":"Každý tým potřebuje kapitána.","title":"Avengers"}},{"iso_3166_1":"DK","iso_639_1":"da","name":"Dansk","english_name":"Danish","data":{"homepage":"","overview":"Guden Loke agter at tilrane sig Den Kosmiske Kube, som vil give ham ubegrænset magt. Dét må for alt i verden ikke ske, for Loke er en skidt karl. SHIELD-organisationen indkalder derfor Thor, Captain America, Iron Man, Black Widow, Hawkeye og Bruce Banner/Hulk, idet kun en superheltealliance kan stå distancen mod Loke og hans hær. Imidlertid har superhelte også store egoer, som gør det svært at arbejde sammen.","runtime":143,"tagline":"","title":"The Avengers"}},{"iso_3166_1":"DE","iso_639_1":"de","name":"Deutsch","english_name":"German","data":{"homepage":"","overview":"Nick Fury ist der Anführer der Organisation S.H.I.E.L.D., einer internationalen Friedensorganisation. Die Behörde ist ein Who's Who der Marvel Superhelden, mit Iron Man, Thor, Captain America, Hawkeye, dem Unglaublichen Hulk und Black Widow. Als die weltweite Sicherheit von Thors sinistrem Halbbruder Loki und seiner Schar bedroht wird, werden Nick Fury und sein Team all ihre Kräfte brauchen, um die Welt vor einer Katastrophe zu bewahren ...","runtime":143,"tagline":"Ein Zusammenschluss ist erforderlich.","title":"Marvel's The Avengers"}},{"iso_3166_1":"GR","iso_639_1":"el","name":"ελληνικά","english_name":"Greek","data":{"homepage":"","overview":"Όταν εμφανίζεται ένας απρόσμενος εχθρός που απειλεί την παγκόσμια ασφάλεια, ο Νικ Φιούρι, επικεφαλής της διεθνούς ομάδας Α.Σ.Π.Ι.Δ.Α., προσπαθεί να οργανώσει μια ομάδα για να σωθεί ο κόσμος από την καταστροφή.","runtime":143,"tagline":"Προσέξτε το κάλεσμα.","title":"Οι Εκδικητές"}},{"iso_3166_1":"US","iso_639_1":"en","name":"English","english_name":"English","data":{"homepage":"http://marvel.com/avengers_movie/","overview":"When an unexpected enemy emerges and threatens global safety and security, Nick Fury, director of the international peacekeeping agency known as S.H.I.E.L.D., finds himself in need of a team to pull the world back from the brink of disaster. Spanning the globe, a daring recruitment effort begins!","runtime":143,"tagline":"Some assembly required.","title":""}},{"iso_3166_1":"ES","iso_639_1":"es","name":"Español","english_name":"Spanish","data":{"homepage":"http://marvel.com/avengers_movie/","overview":"Cuando un enemigo inesperado surge como una gran amenaza para la seguridad mundial, Nick Fury, director de la Agencia SHIELD, decide reclutar a un equipo para salvar al mundo de un desastre casi seguro. Adaptación del cómic de Marvel \"Los Vengadores\", el legendario grupo de superhéroes formado por Ironman, Hulk, Thor y el Capitán América entre otros.","runtime":143,"tagline":"Los héroes más poderosos de la tierra juntos.","title":"Marvel: Los Vengadores"}},{"iso_3166_1":"MX","iso_639_1":"es","name":"Español","english_name":"Spanish","data":{"homepage":"","overview":"Los héroes más poderosos de la Tierra deben unirse y aprender a luchar en equipo si quieren evitar que el malicioso Loki y su ejército alienígena esclavicen a la humanidad.","runtime":143,"tagline":"Los héroes más poderosos de la tierra juntos.","title":"The Avengers: Los Vengadores"}},{"iso_3166_1":"IR","iso_639_1":"fa","name":"فارسی","english_name":"Persian","data":{"homepage":"","overview":"نیک فیوری مدیر سازمان بین المللی S.H.I.E.L.D است که وظیفه این سازمان برقراری آرامش در جهان می باشد. زمانی که فیوری درمیابد که امنیت زمین توسط لوکی مورد تهدید قرار گرفته است، به کمک ابرقهرمانانی چون مرد آهنی، هالک شگفت انگیز، تور، کاپیتان آمریکا و بیوه‌ی سیاه با او مقابله می کنند، تا جهان را از فاجعه ای بزرگ نجات دهند...","runtime":0,"tagline":"","title":"انتقام جویان"}},{"iso_3166_1":"FI","iso_639_1":"fi","name":"suomi","english_name":"Finnish","data":{"homepage":"","overview":"Asgardista karkotettu jumala Loki halajaa maailman herruutta, ei mitään sen vähempää. Maailmoja ravistelevan sodan takia kutsutaan avuksi supersankarit, jotka ovat jo useamman kerran joko pelastaneet ihmiskunnan pulasta - tai sitten aiheuttaneet toimillaan tuhoa ja kuolemaa. Nick Fury kansainvälisestä S.H.I.E.L.D. -turvajärjestöstä kokoaa parhaan mahdollisen ryhmän avukseen. Hänellä on apuna vakooja Natasha Romanoff eli Musta leski ja agentti Phil Coulson. Furyn kokoamaan sankariryhmään kuuluvat Kapteeni Amerikka, Iron Man, Thor ja Hulk. Myöhemmin mukaan liittyy vielä esittämä Haukansilmä. Tiimityö lähtee melko takellellen liikkeelle, kun ryhmän epäsuhteiset kemiat kohtaavat. Meren pohjalta pelastettu Kapteeni Amerikka on historiallinen reliikki ja Tony Stark, eli Iron Man luottaa teknologiaan. Tohtori Banner taas yrittää pitää vihansa ja vihreän hirviönsä kurissa. Supertiimi hioutuu yhteen vaikeimman kautta. Tavoite on kuitenkin lopulta yhteinen: ihmisten maailma on pelastettava.","runtime":143,"tagline":"","title":""}},{"iso_3166_1":"CA","iso_639_1":"fr","name":"Français","english_name":"French","data":{"homepage":"","overview":"Lorsque Loki, de retour après un exil mystérieux, fait irruption sur Terre afin de prendre possession d'un cube offrant une énergie illimitée, Nick Fury, le directeur de S.H.I.E.L.D. n'a d'autre choix que de rassembler ses super-héros afin de combattre cette nouvelle menace qui s'abat sur la planète. Iron Man, Captain America, Thor, Hulk et Black Widow sont donc réunis dans une base secrète où ils tentent de percer les secrets de leur ennemi, qui est parvenu à enjôler Hawkeye et Erik Selvig. Mais les Avengers devront aussi apprendre à travailler ensemble malgré leurs différences s'ils veulent vaincre la puissante armée de Loki.","runtime":143,"tagline":"L'union fait la force","title":"Les Avengers : Le film"}},{"iso_3166_1":"FR","iso_639_1":"fr","name":"Français","english_name":"French","data":{"homepage":"","overview":"Lorsque la sécurité et l’équilibre de la planète sont menacés par un ennemi d’un genre nouveau, Nick Fury, le directeur du SHIELD, l’agence internationale du maintien de la paix, réunit une équipe pour empêcher le monde de basculer dans le chaos. Partout sur Terre, le recrutement des nouveaux héros dont le monde a besoin commence…","runtime":142,"tagline":"L'union fait la force","title":"Avengers"}},{"iso_3166_1":"ES","iso_639_1":"gl","name":"Galego","english_name":"Galician","data":{"homepage":"","overview":"Cando emerxe un inimigo inesperado e ameaza a seguridade mundial, Nick Furia, director da axencia internacional do mantemento da paz coñecida como S.H.I.E.L.D., atópase coa necesidade dun equipo para recuperar o mundo do límite do desastre. Escomeza un atrevido esforzo de recrutamento por todo o planeta!","runtime":143,"tagline":"Vingadores, xuntanza!","title":"Os Vingadores"}},{"iso_3166_1":"IL","iso_639_1":"he","name":"עִבְרִית","english_name":"Hebrew","data":{"homepage":"","overview":"כשאחיו המרושע של ת'ור, לוקי, מאיים להשמיד את כדור הארץ - ניק פיורי נאלץ להפעיל את תוכנית 'הנוקמים'. אבל גיבורי העל החזקים ביותר על כדור הארץ, לא יכולים ואינם מעוניינים להצטרף לתוכנית ולשחק לפי הכללים. אך כשהעניינים מתחממים - איירון מן, ת'ור, קפטן אמריקה, הענק, הוקאיי והאלמנה השחורה מחליטים לעשות את הדבר הנכון.","runtime":0,"tagline":"דרוש איחוד.","title":"הנוקמים"}},{"iso_3166_1":"HR","iso_639_1":"hr","name":"Hrvatski","english_name":"Croatian","data":{"homepage":"","overview":"Kada iskrsne neočekivana neprijateljska prijetnja koja ugrozi globalnu svjetsku sigurnost i zaštitu, Nick Fury – voditelj međunarodne agencije za mir poznatije pod imenom S.H.I.E.L.D. – morat će sastaviti jedini tim koji će moći svijetu vratiti ravnotežu i spasiti ga od katastrofe. Uskoro započinje potraga za junacima koja će Nicka odvesti s jedne strane zemljine polutke do druge.","runtime":0,"tagline":"","title":"Osvetnici"}},{"iso_3166_1":"HU","iso_639_1":"hu","name":"Magyar","english_name":"Hungarian","data":{"homepage":"","overview":"Egy váratlan ellenfél tűnik fel a színen, aki minden eddiginél nagyobb veszélyt jelent a Földre, ezért Nick Fury, a S.H.I.E.L.D. névre hallgató nemzetközi békefenntartó ügynökség vezetője azon kapja magát, hogy sürgősen szüksége van egy csapatra, amely visszarántja a bolygót a katasztrófa széléről. Ezért kezdetét vesz a föld körüli toborzás - kizárólag szuperhősöket keresnek!","runtime":142,"tagline":"Bosszúállók újra együtt!","title":"Bosszúállók"}},{"iso_3166_1":"ID","iso_639_1":"id","name":"Bahasa indonesia","english_name":"Indonesian","data":{"homepage":"","overview":"Ketika musuh yang tak terduga muncul, mengancam keselamatan dan keamanan dunia, Nick Fury, direktur Badan Perdamaian Internasional, dikenal sebagai S.H.I.E.L.D. , membutuhkan tim untuk menyelamatkan dunia dari bencana. Usaha perekrutan pun dimulai  Iron Man, Captain America, Hulk, Thor, Black Widow dan Hawkeye dikumpulkan untuk menaklukkan Dewa Kehancuran, Loki, dalam usahanya menghancurkan bumi. Dengan semua gabungan kekuatan, tugas nampak lebih mudah. Namun kenyatannya tidak demikian!  Para pahlawan super justru saling melawan satu sama lain  Hulk melawan Captain America, siapa yang akan menang? Apakah Iron Man dapat mengalahkan kekuatan super milik Thor? Bagaimana para pahlawan super ini secara bersama-sama menghadapi bencana, melindungi masyarakat dan yang terpenting, bertahan hidup?","runtime":0,"tagline":"","title":""}},{"iso_3166_1":"IT","iso_639_1":"it","name":"Italiano","english_name":"Italian","data":{"homepage":"http://it.marvel.com/avengers/","overview":"I supereroi più famosi si riuniscono in una squadra di personaggi Marvel leggendari come Iron Man, l'incredibile Hulk, Thor, Captain America, Occhio di Falco e Vedova Nera. Quando la comparsa di un nemico inatteso minaccia la tranquillità e la sicurezza del mondo, Nick Fury, direttore dell'agenzia internazionale per il mantenimento della pace conosciuta come S.H.I.E.L.D., si trova ad aver bisogno di una squadra che salvi il pianeta dall'orlo del disastro. Inizia così, da un capo all'altro della terra, un audace lavoro di reclutamento. Dopo aver riunito la squadra, Nick Fury e il suo fidato assistente, l'Agente Coulson, dovranno convincere i supereroi a convivere e lavorare insieme, utilizzando i loro incredibili poteri contro il pericoloso Loki che è riuscito ad accedere al Tesseract e ai suoi poteri illimitati.","runtime":143,"tagline":"L'unione fa la forza.","title":"The Avengers"}},{"iso_3166_1":"JP","iso_639_1":"ja","name":"日本語","english_name":"Japanese","data":{"homepage":"","overview":"人知を超えた悪によってひそかに進められる地球壊滅の陰謀。それを食い止めるべく、大富豪で天才発明家アイアンマン、神々の国から地球ヘと追放された雷神ソー、感情の爆発によって容姿を激変させる科学者ハルクなどを集めた部隊アベンジャーズが結成される。しかし、各々が抱えているつらい過去や苦悩が浮き上がっては衝突し合うようになり、人類史上最大の危機に立ち向かうチームとしての機能が消失しかけていた。＜アイアンマン、ソー、ハルク、キャプテン・アメリカなど、世界的に有名なヒット作の主人公が一堂に顔を合わせるアクション大作。特殊な戦闘力を誇る者たちによって編成されたチーム「アベンジャーズ」が、地球滅亡の危機を回避する戦いに身を投じる。＞","runtime":144,"tagline":"日本よ、これが映画だ。","title":"アベンジャーズ"}},{"iso_3166_1":"GE","iso_639_1":"ka","name":"ქართული","english_name":"Georgian","data":{"homepage":"","overview":"ფილმი მარველის კომიქსის მიხედვით გახლავთ გადაღებული და შესაბამისად სახელიც იდენტურია: “The Avengers”. ტორი ნახევრად ძმა ლოკი ბრუნდება, ამჯერად ის მარტო არ არის. დედამიწა დამონების ზღვარზეა, მხოლოდ საუკეთესოებს შეუძლიათ კაცობრიობის გადარჩენა.","runtime":0,"tagline":"","title":"შურისმაძიებლები"}},{"iso_3166_1":"KR","iso_639_1":"ko","name":"한국어/조선말","english_name":"Korean","data":{"homepage":"","overview":"에너지원 큐브를 이용한 적의 등장으로 인류가 위험에 처하자 국제평화유지기구인 쉴드의 국장 닉 퓨리(사무엘 L. 잭슨)는 어벤져스 작전을 위해 전 세계에 흩어져 있던 슈퍼히어로들을 찾아나선다. 아이언맨(로버트 다우니 주니어)부터 토르(크리스 헴스워스), 헐크(마크 러팔로), 캡틴 아메리카(크리스 에반스)는 물론, 쉴드의 요원인 블랙 위도우(스칼렛 요한슨), 호크 아이(제레미 레너)까지, 최고의 슈퍼히어로들이 어벤져스의 멤버로 모이게 되지만, 각기 개성이 강한 이들의 만남은 예상치 못한 방향으로 흘러가는데...","runtime":142,"tagline":"최강의 슈퍼히어로들이 모였다.","title":"어벤져스"}},{"iso_3166_1":"LT","iso_639_1":"lt","name":"Lietuvių","english_name":"Lithuanian","data":{"homepage":"","overview":"Šioje juostoje superherojai Kapitonas Amerika (akt. Chris Evans), Toras (akt. Chris Hemsworth), Geležinis Žmogus (akt. Robert Downey Jr.) bei Halkas (akt. Mark Ruffalo) suvienys jėgas ir drauge stos į kovą su blogio jėgomis. Superherojų akiratyje netikėtai pasirodęs priešas kelia grėsmę pasaulio saugumui. Nikas Furis (akt. Samuel L.Jackson) – tarptautinės taikos palaikymo organizacijos S.K.Y.D.A.S vadovas suvokia, jog pasaulis, atsidūręs ant katastrofos ribos neišsivers be superherojų pagalbos. Todėl keturi didžiavyriai turi suremti jėgas ir užbėgti įvykiams už akių. Aušta didis mūšis žmonijos istorijoje, galimai pakeisiantis esamą santvarką.","runtime":0,"tagline":"","title":"Keršytojai"}},{"iso_3166_1":"LV","iso_639_1":"lv","name":"Latviešu","english_name":"Latvian","data":{"homepage":"","overview":"Kad pār cilvēci savilkušies draudu mākoņi un visu dzīvo ir gatavs iznīcināt noslēpumains ienaidnieks, starptautiska organizācija, kas uztur mieru visā pasaulē, Zemes aizstāvēšanai nolemj savākt vēl nebijušu superkomandu. Tajā plecu pie pleca nāksies cīnīties Kapteinim Amerikam, Dzelzs vīram, Toram, Halkam, Melnajai Atraitnei un Vanagacij - katram no viņiem ir savas ambīcijas, taču viņi ir vienīgie, kuri spējīgi glābt pasauli no iznīcības.","runtime":0,"tagline":"","title":"Atriebēji"}},{"iso_3166_1":"NL","iso_639_1":"nl","name":"Nederlands","english_name":"Dutch","data":{"homepage":"","overview":"The Avengers zijn een buitengewoon team van superhelden. Wanneer een onverwachte vijand opduikt die een bedreiging vormt voor de wereldwijde veiligheid heeft Nick Fury, directeur van de internationale vredesmacht S.H.I.E.L.D., een team nodig om de wereld te redden van de ondergang.","runtime":143,"tagline":"","title":"The Avengers"}},{"iso_3166_1":"NO","iso_639_1":"no","name":"Norsk","english_name":"Norwegian","data":{"homepage":"","overview":"Når en uventet fiende truer den globale sikkerheten, må Nick Fury - direktør for det internasjonale fredsbevarende byrået S.H.I.E.L.D. - finne ut hvem som kan redde verden fra randen av katastrofe. En dristig verdensomfattende rekruttering iverksettes.","runtime":0,"tagline":"","title":""}},{"iso_3166_1":"PL","iso_639_1":"pl","name":"Polski","english_name":"Polish","data":{"homepage":"","overview":"Marvel Studios przedstawia \"Avengers\", zapierająca dech w piersiach wariację na temat kultowej komiksowej sagi z Robertem Downeyem Jr., Scarlett Johansson i Samuelem L. Jacksonem w rolach głównych.\r W obliczu globalnego zagrożenia Nick Fury (Samuel L. Jackson), szef międzynarodowej agencji S.H.I.E.L.D. czuwającej nad światowym bezpieczeństwem, musi skompletować niezwykłą drużynę, która będzie potrafiła stawić czoła bezwzględnemu wrogowi. Iron Man (Robert Downey Jr.), Thor (Chris Hemsworth), Kapitan Ameryka (Chris Evans), Hulk (Mark Ruffalo), Sokole Oko (Jeremy Renner) i Czarna Wdowa (Scarlett Johansson) po raz pierwszy w historii łączą siły, żeby ochronić Ziemię przed inwazją obcych!  [opis dystrybutora dvd]","runtime":142,"tagline":"","title":"Avengers"}},{"iso_3166_1":"BR","iso_639_1":"pt","name":"Português","english_name":"Portuguese","data":{"homepage":"","overview":"Loki, o irmão de Thor, ganha acesso ao poder ilimitado do cubo cósmico ao roubá-lo de dentro das instalações da S.H.I.E.L.D. Nick Fury, o diretor desta agência internacional que mantém a paz, logo reúne os únicos super-heróis que serão capazes de defender a Terra de ameaças sem precedentes. Homem de Ferro, Capitão América, Hulk, Thor, Viúva Negra e Gavião Arqueiro formam o time dos sonhos de Fury, mas eles precisam aprender a colocar os egos de lado e agir como um grupo em prol da humanidade.","runtime":143,"tagline":"Os maiores heróis da terra juntos.","title":"Os Vingadores"}},{"iso_3166_1":"PT","iso_639_1":"pt","name":"Português","english_name":"Portuguese","data":{"homepage":"","overview":"No momento em que aparece um inesperado inimigo que ameaça a segurança global, Nick Fury, o Diretor da agência internacional que assegura a paz mundial conhecida como S.H.I.E.L.D, vê-se na necessidade de recrutar uma equipa capaz de salvar o planeta do desastre iminente. Por todo o globo, uma audaz força de recrutamento é iniciada.","runtime":142,"tagline":"Os maiores heróis da terra juntos.","title":"Os Vingadores"}},{"iso_3166_1":"RO","iso_639_1":"ro","name":"Română","english_name":"Romanian","data":{"homepage":"","overview":"Când apare un inamic neașteptat, care amenință siguranța și securitatea globală, Nick Fury, directorul agenției inernaționale de menținere a păcii cunoscută ca S.H.I.E.L.D. are nevoie de o echipă pentru a salva lumea de la un dezastru. Pe tot globul, începe un efort îndrăzneț de recrutare!","runtime":0,"tagline":"Este necesară o adunare.","title":"Răzbunătorii"}},{"iso_3166_1":"RU","iso_639_1":"ru","name":"Pусский","english_name":"Russian","data":{"homepage":"","overview":"Локи, сводный брат Тора, возвращается, и в этот раз он не один. Земля на грани порабощения, и только лучшие из лучших могут спасти человечество.  Ник Фьюри, глава международной организации Щ.И.Т., собирает выдающихся поборников справедливости и добра, чтобы отразить атаку. Под предводительством Капитана Америки Железный Человек, Тор, Невероятный Халк, Соколиный глаз и Чёрная Вдова вступают в войну с захватчиком.","runtime":137,"tagline":"Мстители должны объединиться","title":"Мстители"}},{"iso_3166_1":"SK","iso_639_1":"sk","name":"Slovenčina","english_name":"Slovak","data":{"homepage":"http://marvel.com/avengers_movie/","overview":"Keď neúprosný zločinec ohrozuje celú planétu, šéf supertajnej organizácie S.H.I.E.L.D., Nick Fury zostaví tím výnimočných postáv, aby odvrátili katastrofu, ktorá by mohla vyvrcholiť zničením Zeme.","runtime":142,"tagline":"","title":"Avengers: Pomstitelia"}},{"iso_3166_1":"SI","iso_639_1":"sl","name":"Slovenščina","english_name":"Slovenian","data":{"homepage":"","overview":"","runtime":0,"tagline":"","title":"Maščevalci"}},{"iso_3166_1":"RS","iso_639_1":"sr","name":"Srpski","english_name":"Serbian","data":{"homepage":"","overview":"Ник Фјури је на челу међунарнодне организације ШИЛД чији је задатак одржавање мира на Земљи. Када се појави нови непријатељ, Торов брат Локи, Фјури окупља екипу суперхероја чији је задатак да се супротставе Локију и својим моћима спасу свет од катастрофе.","runtime":0,"tagline":"","title":"Осветници"}},{"iso_3166_1":"SE","iso_639_1":"sv","name":"svenska","english_name":"Swedish","data":{"homepage":"","overview":"En brokig skara individer med superkrafter samlas ihop av den hemliga organisationen S.H.I.E.L.D. för att skydda planeten mot invaderande styrkor från yttre rymden. Tillsammans bildar de motvilliga superhjältarna gruppen The Avengers.","runtime":143,"tagline":"","title":"Avengers"}},{"iso_3166_1":"TH","iso_639_1":"th","name":"ภาษาไทย","english_name":"Thai","data":{"homepage":"","overview":"มาร์เวล สตูดิโอส์ ภูมิใจเสนอ \"ดิ อเวนเจอร์ส\" การรวมตัว ของ เหล่าสุดยอด ซูเปอร์ฮีโร่ ครั้งแรกในประวัติศาสตร์ ที่ประกอบไปด้วย ซูเปอร์ฮีโร่จาก มาร์เวล อย่าง ไอรอน แมน, ดิ อินเครดิเบิ้ล ฮัลค์, ธอร์, กัปตัน อเมริกา, ฮอร์คอาย และ.แบล็ควิโดว์ เมื่อศัตรูตัวร้าย ที่ไม่คาดฝันได้เข้ามา รุกราน และ.หมายจะครอบรองโลก นิค ฟิวรี่ ผู้อำนวยการ องค์กรป้องกันความสงบสุข ระหว่างประเทศ ที่รู้จักในนามของหน่วย S.H.I.E.L.D..(ชีลด์).ต้องการสร้างทีมขึ้นมา เพื่อปกป้องโลก ให้พ้นจากหายนะ อันยิ่งใหญ่ครั้งนี้ การเสาะหาสมาชิก แบบพลิกแผ่นดิน จึงเกิดขึ้น","runtime":142,"tagline":"","title":"อเวนเจอร์ส"}},{"iso_3166_1":"TR","iso_639_1":"tr","name":"Türkçe","english_name":"Turkish","data":{"homepage":"","overview":"SHIELD adıyla tanınan uluslararası barış örgütünün başındaki isim Nick Fury, tüm dünyanın güvenliğine karşı büyük bir tehdit oluşturan düşmanla karşı karşıya kalır.Fury, dünyayı yaklaşan bu felaketten kurtarmak için en cesur ve en 'süper' kahramanlardan oluşan bir ekip kurmak zorundadır...","runtime":0,"tagline":"","title":"Yenilmezler"}},{"iso_3166_1":"UA","iso_639_1":"uk","name":"Український","english_name":"Ukrainian","data":{"homepage":"","overview":"Нік Фьюрі і секретне міжнародне агентство ЩИТ збирає разом супергероїв, серед яких Тор, Халк, Капітан Америка та Залізна Людина, і формує загін Месників, щоб захистити Землю від Локі та його інопланетної армії.","runtime":143,"tagline":"Деяка команда необхідна","title":"Месники"}},{"iso_3166_1":"UZ","iso_639_1":"uz","name":"ozbek","english_name":"Uzbek","data":{"homepage":"","overview":"","runtime":0,"tagline":"","title":"Qasoskorlar"}},{"iso_3166_1":"VN","iso_639_1":"vi","name":"Tiếng Việt","english_name":"Vietnamese","data":{"homepage":"","overview":"Marvel’s The Avengers là bộ phim giả tưởng kể về một nhóm siêu anh hùng với những khả năng đặc biệt, họ bao gồm: Người Sắt, Thor, Captain America, và Người Khổng Lồ được gọi chung với cái tên SHIELD. Mục đích của SHIELD là nhằm bảo vệ Trái đất khỏi âm mưu hủy hoại của những thế lực xấu từ ngoài địa cầu mà kẻ cầm đầu là Loki.","runtime":0,"tagline":"","title":"Biệt Đội Siêu Anh Hùng"}},{"iso_3166_1":"CN","iso_639_1":"zh","name":"普通话","english_name":"Mandarin","data":{"homepage":"","overview":"一股突如其来的强大邪恶势力对地球造成致命威胁，没有任何一个超级英雄能够单独抵挡。长期致力于保护全球安危的神盾局（SHIELD）感到措手不及，其指挥官“独眼侠”尼克·弗瑞（塞缪尔·杰克逊 Samuel L. Jackson 饰）意识到他必须创建一个“史上最强”的联盟组织， 云集各方超级英雄一起发威，才能拯救世界于水深火热，抵御黑暗势力的侵袭。于是由六大超级英雄——“钢铁侠”（小罗伯特·唐尼 Robert Downey Jr. 饰）、“雷神” （克里斯·海姆斯沃斯 Chris Hemsworth 饰）、“美国队长”（克里斯·埃文斯 Chris Evans 饰）、“绿巨人” （马克·鲁弗洛 Mark Ruffalo 饰）、“黑寡妇”（斯嘉丽·约翰逊 Scarlett Johansson 饰）和“鹰眼”（杰瑞米·雷纳 Jeremy Renner 饰）组成的 “复仇者联盟”应运而生。他们各显神通，团结一心，终于战胜了邪恶势力，保证了地球的安全。","runtime":142,"tagline":"群侠集结 终极一战","title":"复仇者联盟"}},{"iso_3166_1":"HK","iso_639_1":"zh","name":"普通话","english_name":"Mandarin","data":{"homepage":"","overview":"一股突如其來的強大邪惡勢力對地球造成前所未見的致命威脅，已經沒有任何一個超級英雄能夠單獨抵擋。長期致力於保護全球安危的「神盾局」(S.H.I.E.L.D) 指揮官尼克福瑞(Nick Fury) 深知事態嚴重，拯救地球的唯一希望就是召集全球所有最強的英雄組成外號為「復仇者」的史無前例超級英雄大聯盟，合力應付這個末日危機。","runtime":0,"tagline":"","title":"復仇者聯盟"}},{"iso_3166_1":"TW","iso_639_1":"zh","name":"普通话","english_name":"Mandarin","data":{"homepage":"","overview":"邪惡勢力悄悄集結，力量已龐大到極為驚人的地步，危機已非任何英雄能獨力面對。為了保護地球的安危，神盾局(S.H.I.E.L.D)局長尼克福瑞(Samuel L. Jackson 飾)費盡心力將各方超級英雄聚集一堂，包括鋼鐵人、綠巨人浩克、雷神索爾、鷹眼與黑寡婦，還有剛從冰獄裡甦醒的美國隊長。  於是，「復仇者聯盟」就此組成，然而各自擁有強大神力或武器的超級英雄，必須能夠放下彼此之間的偏見，同心協力找到合作的模式，才有機會與邪惡勢力一博。而要阻止邪惡計畫的他們，團結的力量真能成功擊敗敵人？","runtime":0,"tagline":"","title":"復仇者聯盟"}}]},"images":{"backdrops":[{"aspect_ratio":1.777777777777778,"file_path":"/bGKNhBbVyZ7OOxXDN59gK4dFVTO.jpg","height":1080,"iso_639_1":"en","vote_average":0.0,"vote_count":0,"width":1920},{"aspect_ratio":1.775933609958506,"file_path":"/agE0zlMnY7fFwH7SXD5zDXhwLhu.jpg","height":964,"iso_639_1":"en","vote_average":0.0,"vote_count":0,"width":1712},{"aspect_ratio":1.777777777777778,"file_path":"/huOmAVZBfXPMIRwjFmyGzZLojHR.jpg","height":1080,"iso_639_1":"en","vote_average":0.0,"vote_count":0,"width":1920},{"aspect_ratio":1.777777777777778,"file_path":"/yPT76I92lAzu64g1Dmv3smZwkLM.jpg","height":720,"iso_639_1":"en","vote_average":0.0,"vote_count":0,"width":1280}],"posters":[{"aspect_ratio":0.6666666666666666,"file_path":"/RYMX2wcKCBAr24UyPD7xwmjaTn.jpg","height":3000,"iso_639_1":"en","vote_average":5.39,"vote_count":6,"width":2000},{"aspect_ratio":0.6666666666666666,"file_path":"/ifdNNg3rpOgitwSpgeLOu1HY6r7.jpg","height":3000,"iso_639_1":"en","vote_average":5.252,"vote_count":4,"width":2000},{"aspect_ratio":0.6666666666666666,"file_path":"/n3G6dLQPDDdKvUKWMlCI7LRH9TQ.jpg","height":3000,"iso_639_1":"en","vote_average":5.206,"vote_count":9,"width":2000},{"aspect_ratio":0.6666666666666666,"file_path":"/tYqp6vEOo8YlVWrYQvt9nyOhsA2.jpg","height":3000,"iso_639_1":"en","vote_average":5.18,"vote_count":3,"width":2000},{"aspect_ratio":0.6666666666666666,"file_path":"/82OavjNWsMvRs6cRCjrksjhNv9B.jpg","height":1500,"iso_639_1":"en","vote_average":5.172,"vote_count":1,"width":1000},{"aspect_ratio":0.6733333333333333,"file_path":"/qyNX4w5T5HpMHvYPRih7jTnD5Fj.jpg","height":1500,"iso_639_1":"en","vote_average":5.128,"vote_count":6,"width":1010},{"aspect_ratio":0.6666666666666666,"file_path":"/mhc5CvIZBN08cytjaZMbncw4v5u.jpg","height":1500,"iso_639_1":"en","vote_average":5.118,"vote_count":4,"width":1000},{"aspect_ratio":0.6666666666666666,"file_path":"/pDPqY4sB8zk4IR1fvO99yl2FlAF.jpg","height":3000,"iso_639_1":"en","vote_average":5.106,"vote_count":2,"width":2000},{"aspect_ratio":0.6666666666666666,"file_path":"/RNqUGe1HL85e5Ues6WSAPejmND.jpg","height":1500,"iso_639_1":"en","vote_average":5.106,"vote_count":2,"width":1000},{"aspect_ratio":0.6666666666666666,"file_path":"/y9Omn1Z7fCkivwlXewEzoXZAz3W.jpg","height":825,"iso_639_1":"en","vote_average":5.106,"vote_count":2,"width":550},{"aspect_ratio":0.6944444444444444,"file_path":"/efKef8kF0TMwfOZrMBgV28YmcYU.jpg","height":1440,"iso_639_1":"en","vote_average":5.106,"vote_count":2,"width":1000},{"aspect_ratio":0.6666666666666666,"file_path":"/fjIsHVfTbGsPmoA7nkqQ1P7Huhz.jpg","height":2520,"iso_639_1":"en","vote_average":0.0,"vote_count":0,"width":1680},{"aspect_ratio":0.6666666666666666,"file_path":"/xGz794wO0IJi9M7swCEemLNwMQz.jpg","height":1500,"iso_639_1":"en","vote_average":0.0,"vote_count":0,"width":1000},{"aspect_ratio":0.6666666666666666,"file_path":"/qMxAmzGQO722q0UlssCOPhrXmvX.jpg","height":3000,"iso_639_1":"en","vote_average":0.0,"vote_count":0,"width":2000},{"aspect_ratio":0.6666666666666666,"file_path":"/fqLr8Hop0uNcbzTiq7hBhAyoY6y.jpg","height":1500,"iso_639_1":"en","vote_average":0.0,"vote_count":0,"width":1000},{"aspect_ratio":0.6666666666666666,"file_path":"/mWy3bABXEZ8eKgYWlxVlYQCXQPz.jpg","height":2100,"iso_639_1":"en","vote_average":0.0,"vote_count":0,"width":1400},{"aspect_ratio":0.6666666666666666,"file_path":"/3ND0OSYvVW2qG0YHUp43Di80d93.jpg","height":1500,"iso_639_1":"en","vote_average":0.0,"vote_count":0,"width":1000},{"aspect_ratio":0.6666666666666666,"file_path":"/ijusZrGxBYFs9W9QSFdLClH1Cd4.jpg","height":1500,"iso_639_1":"en","vote_average":0.0,"vote_count":0,"width":1000},{"aspect_ratio":0.6666666666666666,"file_path":"/lh9xZyYUN43Yh9979h5DLQJfeOa.jpg","height":1500,"iso_639_1":"en","vote_average":0.0,"vote_count":0,"width":1000},{"aspect_ratio":0.6666666666666666,"file_path":"/34hNNUdN3HF7SII9oJ75nskN3CA.jpg","height":1800,"iso_639_1":"en","vote_average":0.0,"vote_count":0,"width":1200},{"aspect_ratio":0.6666666666666666,"file_path":"/qqf5l6kxipzuUgzG1LRsZrE46qH.jpg","height":2400,"iso_639_1":"en","vote_average":0.0,"vote_count":0,"width":1600},{"aspect_ratio":0.6666666666666666,"file_path":"/q2mdjkjlWP9wZq9ZrqnzxCE5BKP.jpg","height":1500,"iso_639_1":"en","vote_average":0.0,"vote_count":0,"width":1000},{"aspect_ratio":0.6666666666666666,"file_path":"/vhnRZBjvHnJH0rakIVCdcEORrd.jpg","height":1500,"iso_639_1":"en","vote_average":0.0,"vote_count":0,"width":1000}]},"recommendations":{"page":1,"results":[{"adult":false,"backdrop_path":"/2ymO6kST1wwtuSlHifAoG2n2fe5.jpg","genre_ids":[28,12,878],"id":68721,"original_language":"en","original_title":"Iron Man 3","overview":"When Tony Stark's world is torn apart by a formidable terrorist called the Mandarin, he starts an odyssey of rebuilding and retribution.","poster_path":"/qhPtAc1TKbMPqNvcdXSOn9Bn7hZ.jpg","release_date":"2013-04-18","title":"Iron Man 3","video":false,"vote_average":6.9,"vote_count":16409,"popularity":29.282},{"id":10138,"video":false,"vote_count":14716,"vote_average":6.8,"title":"Iron Man 2","release_date":"2010-04-28","original_language":"en","original_title":"Iron Man 2","genre_ids":[28,12,878],"backdrop_path":"/hCVQPB77eXBGh9abVdrWtKpKgkN.jpg","adult":false,"overview":"With the world now aware of his dual life as the armored superhero Iron Man, billionaire inventor Tony Stark faces pressure from the government, the press and the public to share his technology with the military. Unwilling to let go of his invention, Stark, with Pepper Potts and James 'Rhodey' Rhodes at his side, must forge new alliances – and confront powerful enemies.","poster_path":"/6WBeq4fCfn7AN0o21W9qNcRF2l9.jpg","popularity":25.874},{"id":10195,"video":false,"vote_count":15159,"vote_average":6.7,"title":"Thor","release_date":"2011-04-21","original_language":"en","original_title":"Thor","genre_ids":[28,12,14],"backdrop_path":"/c5tewtijj6aixi8zwwPuYJxifBA.jpg","adult":false,"overview":"Against his father Odin's will, The Mighty Thor - a powerful but arrogant warrior god - recklessly reignites an ancient war. Thor is cast down to Earth and forced to live among humans as punishment. Once here, Thor learns what it takes to be a true hero when the most dangerous villain of his world sends the darkest forces of Asgard to invade Earth.","poster_path":"/prSfAi1xGrhLQNxVSUFh61xQ4Qy.jpg","popularity":33.833},{"adult":false,"backdrop_path":"/iQh64TQiPoTK3yZ3duC3y0tKgy3.jpg","genre_ids":[28,12,878],"id":1771,"original_language":"en","original_title":"Captain America: The First Avenger","overview":"During World War II, Steve Rogers is a sickly man from Brooklyn who's transformed into super-soldier Captain America to aid in the war effort. Rogers must stop the Red Skull – Adolf Hitler's ruthless head of weaponry, and the leader of an organization that intends to use a mysterious device of untold powers for world domination.","poster_path":"/vSNxAJTlD0r02V9sPYpOjqDZXUK.jpg","release_date":"2011-07-22","title":"Captain America: The First Avenger","video":false,"vote_average":6.9,"vote_count":15247,"popularity":23.846},{"adult":false,"backdrop_path":"/vbY95t58MDArtyUXUIb8Fx1dCry.jpg","genre_ids":[28,878,12],"id":1726,"original_language":"en","original_title":"Iron Man","overview":"After being held captive in an Afghan cave, billionaire engineer Tony Stark creates a unique weaponized suit of armor to fight evil.","poster_path":"/78lPtwv72eTNqFW9COBYI0dWDJa.jpg","release_date":"2008-04-30","title":"Iron Man","video":false,"vote_average":7.6,"vote_count":18768,"popularity":46.524},{"id":99861,"video":false,"vote_count":16212,"vote_average":7.3,"title":"Avengers: Age of Ultron","release_date":"2015-04-22","original_language":"en","original_title":"Avengers: Age of Ultron","genre_ids":[28,12,878],"backdrop_path":"/8i6ZDk97Vyh0jHohMG4vFeFuKJh.jpg","adult":false,"overview":"When Tony Stark tries to jumpstart a dormant peacekeeping program, things go awry and Earth’s Mightiest Heroes are put to the ultimate test as the fate of the planet hangs in the balance. As the villainous Ultron emerges, it is up to The Avengers to stop him from enacting his terrible plans, and soon uneasy alliances and unexpected action pave the way for an epic and unique global adventure.","poster_path":"/4ssDuvEDkSArWEdyBl2X5EHvYKU.jpg","popularity":39.286},{"id":76338,"video":false,"vote_count":12218,"vote_average":6.6,"title":"Thor: The Dark World","release_date":"2013-10-29","original_language":"en","original_title":"Thor: The Dark World","genre_ids":[28,12,14],"backdrop_path":"/uhYoytlNaq46dG81wLmHqaSuzWu.jpg","adult":false,"overview":"Thor fights to restore order across the cosmos… but an ancient race led by the vengeful Malekith returns to plunge the universe back into darkness. Faced with an enemy that even Odin and Asgard cannot withstand, Thor must embark on his most perilous and personal journey yet, one that will reunite him with Jane Foster and force him to sacrifice everything to save us all.","poster_path":"/wp6OxE4poJ4G7c0U2ZIXasTSMR7.jpg","popularity":29.017},{"id":100402,"video":false,"vote_count":13160,"vote_average":7.7,"title":"Captain America: The Winter Soldier","release_date":"2014-03-20","original_language":"en","original_title":"Captain America: The Winter Soldier","genre_ids":[28,12,878],"backdrop_path":"/yHB0eNR8rvCpn0VdghEwBsXAC0N.jpg","adult":false,"overview":"After the cataclysmic events in New York with The Avengers, Steve Rogers, aka Captain America is living quietly in Washington, D.C. and trying to adjust to the modern world. But when a S.H.I.E.L.D. colleague comes under attack, Steve becomes embroiled in a web of intrigue that threatens to put the world at risk. Joining forces with the Black Widow, Captain America struggles to expose the ever-widening conspiracy while fighting off professional assassins sent to silence him at every turn. When the full scope of the villainous plot is revealed, Captain America and the Black Widow enlist the help of a new ally, the Falcon. However, they soon find themselves up against an unexpected and formidable enemy—the Winter Soldier.","poster_path":"/wxwt0pLxFZwKzy7pAu8WixadwqO.jpg","popularity":17.899},{"id":1930,"video":false,"vote_count":11993,"vote_average":6.6,"title":"The Amazing Spider-Man","release_date":"2012-06-23","original_language":"en","original_title":"The Amazing Spider-Man","genre_ids":[28,12,14],"backdrop_path":"/bShd9jt4LAg6LzSJqBZMW99vh4k.jpg","adult":false,"overview":"Peter Parker is an outcast high schooler abandoned by his parents as a boy, leaving him to be raised by his Uncle Ben and Aunt May. Like most teenagers, Peter is trying to figure out who he is and how he got to be the person he is today. As Peter discovers a mysterious briefcase that belonged to his father, he begins a quest to understand his parents' disappearance – leading him directly to Oscorp and the lab of Dr. Curt Connors, his father's former partner. As Spider-Man is set on a collision course with Connors' alter ego, The Lizard, Peter will make life-altering choices to use his powers and shape his destiny to become a hero.","poster_path":"/jIfkQNARYyERqRAq1p1c8xgePp4.jpg","popularity":32.179},{"id":49026,"video":false,"vote_count":16374,"vote_average":7.7,"title":"The Dark Knight Rises","release_date":"2012-07-16","original_language":"en","original_title":"The Dark Knight Rises","genre_ids":[28,80,18,53],"backdrop_path":"/cKPfiu9IcCW0fMdKdQBXe3PRtTZ.jpg","adult":false,"overview":"Following the death of District Attorney Harvey Dent, Batman assumes responsibility for Dent's crimes to protect the late attorney's reputation and is subsequently hunted by the Gotham City Police Department. Eight years later, Batman encounters the mysterious Selina Kyle and the villainous Bane, a new terrorist leader who overwhelms Gotham's finest. The Dark Knight resurfaces to protect a city that has branded him an enemy.","poster_path":"/85cWkCVftiVs0BVey6pxX8uNmLt.jpg","popularity":40.178},{"adult":false,"backdrop_path":"/7kURId6slyHNujYpCFm0Z1M3kRt.jpg","genre_ids":[28,878,12],"id":49538,"original_language":"en","original_title":"X-Men: First Class","overview":"Before Charles Xavier and Erik Lensherr took the names Professor X and Magneto, they were two young men discovering their powers for the first time. Before they were arch-enemies, they were closest of friends, working together with other mutants (some familiar, some new), to stop the greatest threat the world has ever known.","poster_path":"/5QId52kcNtbq6w2OS7smwTPFi2.jpg","release_date":"2011-06-01","title":"X-Men: First Class","video":false,"vote_average":7.3,"vote_count":9487,"popularity":0.928},{"id":1724,"video":false,"vote_count":7746,"vote_average":6.2,"title":"The Incredible Hulk","release_date":"2008-06-12","original_language":"en","original_title":"The Incredible Hulk","genre_ids":[28,12,878],"backdrop_path":"/xfBnQ4mgf1jYZsscJGJjr6ce0Ar.jpg","adult":false,"overview":"Scientist Bruce Banner scours the planet for an antidote to the unbridled force of rage within him: the Hulk. But when the military masterminds who dream of exploiting his powers force him back to civilization, he finds himself coming face to face with a new, deadly foe.","poster_path":"/vcFeElC8eXI668WSIxcDNkJSBxv.jpg","popularity":38.1},{"id":49521,"video":false,"vote_count":11210,"vote_average":6.5,"title":"Man of Steel","release_date":"2013-06-12","original_language":"en","original_title":"Man of Steel","genre_ids":[28,12,14,878],"backdrop_path":"/69EFgWWPFWbRNHmQgYdSnyJ94Ge.jpg","adult":false,"overview":"A young boy learns that he has extraordinary powers and is not of this earth. As a young man, he journeys to discover where he came from and what he was sent here to do. But the hero in him must emerge if he is to save the world from annihilation and become the symbol of hope for all mankind.","poster_path":"/7rIPjn5TUK04O25ZkMyHrGNPgLx.jpg","popularity":30.244},{"id":271110,"video":false,"vote_count":16528,"vote_average":7.4,"title":"Captain America: Civil War","release_date":"2016-04-27","original_language":"en","original_title":"Captain America: Civil War","genre_ids":[28,12,878],"backdrop_path":"/7FWlcZq3r6525LWOcvO9kNWurN1.jpg","adult":false,"overview":"Following the events of Age of Ultron, the collective governments of the world pass an act designed to regulate all superhuman activity. This polarizes opinion amongst the Avengers, causing two factions to side with Iron Man or Captain America, which causes an epic battle between former allies.","poster_path":"/rAGiXaUfPzY7CDEyNKUofk3Kw2e.jpg","popularity":52.164},{"id":36657,"video":false,"vote_count":8088,"vote_average":7.0,"title":"X-Men","release_date":"2000-07-13","original_language":"en","original_title":"X-Men","genre_ids":[28,12,878],"backdrop_path":"/u4gOTZLplCbP3IgcYcZ7e1zgOAo.jpg","adult":false,"overview":"Two mutants, Rogue and Wolverine, come to a private academy for their kind whose resident superhero team, the X-Men, must oppose a terrorist organization with similar powers.","poster_path":"/hkoAUNLa0lOQ11apLUJ6Oh1EWID.jpg","popularity":1.852},{"adult":false,"backdrop_path":"/fUoXenTsrdUcgG0sLYbOBouvtTs.jpg","genre_ids":[12,28,53,878],"id":2080,"original_language":"en","original_title":"X-Men Origins: Wolverine","overview":"After seeking to live a normal life, Logan sets out to avenge the death of his girlfriend by undergoing the mutant Weapon X program and becoming Wolverine.","poster_path":"/mQglrQzgZT0Oj9cQYPsLI8dsEqB.jpg","release_date":"2009-04-28","title":"X-Men Origins: Wolverine","video":false,"vote_average":6.2,"vote_count":7594,"popularity":2.271},{"id":102899,"video":false,"vote_count":14306,"vote_average":7.1,"title":"Ant-Man","release_date":"2015-07-14","original_language":"en","original_title":"Ant-Man","genre_ids":[28,12,878],"backdrop_path":"/rv68BFLV8yjhDD5K26kbCMBcutX.jpg","adult":false,"overview":"Armed with the astonishing ability to shrink in scale but increase in strength, master thief Scott Lang must embrace his inner-hero and help his mentor, Doctor Hank Pym, protect the secret behind his spectacular Ant-Man suit from a new generation of towering threats. Against seemingly insurmountable obstacles, Pym and Lang must plan and pull off a heist that will save the world.","poster_path":"/rQRnQfUl3kfp78nCWq8Ks04vnq1.jpg","popularity":38.118},{"adult":false,"backdrop_path":"/kyPqw0X24ZykglKuUTAmI3H4pNz.jpg","genre_ids":[12,28,878,53],"id":36668,"original_language":"en","original_title":"X-Men: The Last Stand","overview":"When a cure is found to treat mutations, lines are drawn amongst the X-Men—led by Professor Charles Xavier—and the Brotherhood, a band of powerful mutants organised under Xavier's former ally, Magneto.","poster_path":"/9jDzVM003nH0NfQ57qMLHxcMQYU.jpg","release_date":"2006-05-24","title":"X-Men: The Last Stand","video":false,"vote_average":6.4,"vote_count":6908,"popularity":1.041},{"id":559,"video":false,"vote_count":8800,"vote_average":6.2,"title":"Spider-Man 3","release_date":"2007-05-01","original_language":"en","original_title":"Spider-Man 3","genre_ids":[28,12,14],"backdrop_path":"/6MQmtWk4cFwSDyNvIgoJRBIHUT3.jpg","adult":false,"overview":"The seemingly invincible Spider-Man goes up against an all-new crop of villains—including the shape-shifting Sandman. While Spider-Man’s superpowers are altered by an alien organism, his alter ego, Peter Parker, deals with nemesis Eddie Brock and also gets caught up in a love triangle.","poster_path":"/2jLxKF73SAPkyhIWrnv67IH7kJ1.jpg","popularity":30.258},{"id":272,"video":false,"vote_count":14667,"vote_average":7.7,"title":"Batman Begins","release_date":"2005-06-10","original_language":"en","original_title":"Batman Begins","genre_ids":[28,80,18],"backdrop_path":"/lh5lbisD4oDbEKgUxoRaZU8HVrk.jpg","adult":false,"overview":"Driven by tragedy, billionaire Bruce Wayne dedicates his life to uncovering and defeating the corruption that plagues his home, Gotham City.  Unable to work within the system, he instead creates a new identity, a symbol of fear for the criminal underworld - The Batman.","poster_path":"/8RW2runSEc34IwKN2D1aPcJd2UL.jpg","popularity":37.966}],"total_pages":2,"total_results":40},"reviews":{"page":1,"results":[{"author":"xenocast","content":"With a movie like this you wonder how all of the otherwise, main characters will work together and support the story.\r\n\r\nNo problems here.  While as might be expected, R. Downey Jr. comes across largely central, it is still a good mix and IMHO the best scenes in the movie involve the generated Hulk character.\r\n\r\nWith that kind of successful melding of characters, Hollywood-scale egos and even computer generated characters; you have to give it up to the writers and director to make this the successful film that it is.","id":"4fce8f8819c29523880000de","url":"https://www.themoviedb.org/review/4fce8f8819c29523880000de"},{"author":"Gimly","content":"**A long format review from 2012**\r\n\r\nMy new favourite Marvel Cinematic Universe film, undoubtedly! Order goes thusly;\r\n\r\n1. The Avengers\r\n2. Iron Man\r\n3. Thor\r\n4. Captain America\r\n5. Iron Man 2\r\n6. The Incredible Hulk\r\n\r\nI had the privilege of going to Sydney and watching this almost a full three weeks before it’s American release, in a special advance screening for fans and a handful of critics. I drove up and back on a day trip with my mate HRV, spent over $400 between us… So worth it.\r\n\r\nI think perhaps my expectations of The Avengers were too high. In fact I know they were, even so, I feel that it almost managed to meet them. All but two of the fears I had about this epic were quashed without a doubt. I initially was worried about Mark Ruffalo helming the role of The Hulk/Bruce Banner after taking over from Edward Norton who was ousted after his first appearance. My complaints were completely unfounded however, as Mark Ruffalo presents us with an at least as good Marvel Hero. \r\n\r\nIn terms of entertainment, The Avengers is one of the greatest feats ever produced. At the screening I went to, I actually missed more than a couple of lines due to the fact that the entire bloody cinema was in hysterics from some classic Joss Whedon (Director - Buffy, Angel, Firefly, Dollhouse) humour. The squabbles between these larger than life characters are not quite up to the peak that Jon Favreau’s Iron Man & Iron Man 2 sit on, but in terms of film in general, they are some of the better interactions I’ve ever seen.\r\n\r\nThe only weak points I really have to whinge about are both quite minor, and perhaps can be rectified in the MCU future. Firstly, Thor’s return to Earth (whilst brilliantly dramatic and pretty) was quite weak in terms of exposition. That said, this isn’t a Thor movie, so we don’t need to know everything that happens to him. Also, in next year’s Thor 2, it is very possible we’ll discover more specific details about the first few scenes of his return. Secondly, Loki’s army also came across to me quite weakly. In case we have any Marvel aficionados in the crowd, I won’t spoil it by telling you who they’re supposed to be, but in general the whole army was essentially a meat shield used to bump out scenes in which The Avengers get to kick ass. A very enjoyable part of the film, but one that doesn’t really drive the story at all.\r\n\r\nI feel the only way I can adequately describe just how much you need to see this movie (in cinemas) is this: For those of you who understand me, you will be know and be aware of just how much I fucking hate the concept of Blu-Ray. I am going to buy a Blu-Ray player, a HD television, and Blu-Ray discs, just so that I will get more special features when The Avengers is released. Never have I even considered doing such a thing before.\r\n\r\nThe Avengers doesn’t get into your mind and rape it in the best way possible like Revolver or Donnie Darko. It doesn’t get into your guts and turn them with nostalgic violence like the brilliance in Doomsday or Outpost. It gets into your heart, and leaves you not just wanting, but needing more. Long live the MCU!\r\n\r\n90%\r\n\r\n-Gimly","id":"59f29e47c3a3687126003ccd","url":"https://www.themoviedb.org/review/59f29e47c3a3687126003ccd"},{"author":"Per Gunnar Jonsson","content":"After the recent disappointments from Marvel, notably Thor and the abysmal second instalment of Ghost Rider, this was a pleasant experience.\r\n\r\nThe special effects are dazzling, the plot is acceptable and the heroes are not making total idiots out of themselves just because the director wanted some “depth” to their characters. Sure there is a little bickering in between them but not too much to distract from the fun.\r\n\r\nI’ve always liked Robert Downey Jr’s portrayal of Tony Stark and his sharp tongue. I did wonder how they where going to get the Hulk in there since he’s supposed to be uncontrollable but they did it. Okay they downplayed his uncontrollability a bit but I can live with that. I absolutely loved the “puny god” scene (if you haven’t seen the film yet you’ll have to see it to know what I mean, I wont spoil it in advance).\r\n\r\nI have to say that I found Thor himself a bit underwhelming again though. I just expect something more imposing as the good of thunder. But then I’m Scandinavian so…\r\n\r\nAnyway, this was a great film. I enjoyed it very much.","id":"5a657f809251410b2d030491","url":"https://www.themoviedb.org/review/5a657f809251410b2d030491"},{"author":"tmdb44006625","content":"One of the few movies to actually make me feel like a kid again, Joss Whedon was the perfect filmmaker to do this film. Everyone gets their time to shine. The script juggles every plot point and character moment with clarity and ease. It's funny, smart, and visually jaw dropping. Definitely lived up to the five movie hype.","id":"5c8426f992514127631f9b36","url":"https://www.themoviedb.org/review/5c8426f992514127631f9b36"},{"author":"E.J. Cummings","content":"I give this 10 Stars based on it being not only better than the trailer and the hype made me thing it would be, but also that it was the first time anything the size and scope of the Marvel Cinematic universe was pulled off successfully. Having Joss direct this movie lives and dies on character interaction. This movie is on the definitive list in my opinion even just for that.","id":"5cad1876c3a36812a018fc9c","url":"https://www.themoviedb.org/review/5cad1876c3a36812a018fc9c"},{"author":"John Chard","content":"Everything that's happening, the things that are about to come to light, people might just need a little old fashioned.\r\n\r\nThe Avengers (AKA: Avengers Assemble) is written and directed by Joss Whedon, with Zak Penn co-writing the story. It stars Robert Downey Junior, Chris Evans, Mark Ruffalo, Chris Hemsworth, Scarlett Johansson, Jeremy Renner, Tom Hiddlestone, Clark Gregg, Samuel L. Jackson, Cobie Smulders and Stellan Skarsgard. Music is scored by Alan Silvestri and cinematography by Seamus McGarvey.\r\n\r\nAsgardian outcast Loki (Hiddlestone) has struck a deal with the Chitauri to exchange the Tesseract for an army with which he can attack Earth and thus control it. With the Earth in mortal danger, S.H.I.E.L.D director Nick Fury (Jackson) activates the Avengers Initiative; a collection of super heroes and deadly assassins who, if they can actually come together as one united force, hold the fate of the Earth in their hands.\r\n\r\nI have no real frame of reference with The Avengers comic book world, when I was young I read a bit of Spidey, Batman and was kind of partial to The Fantastic Four, but I really don't remember story lines and gave up reading that sort of stuff once sport and exams came into my life. I love movies and as I enter the later stages of my forties I'm pleased to say I have a wide range of film genre interests. I have very much enjoyed The Avengers solo films so far, with the exception of Iron Man 2 which quite frankly is average at best, but the reality is that if The Avengers failed as a movie, that Whedon got it so wrong, then I wouldn't be foaming at the mouth or proclaiming that the director be stripped naked and whipped around the streets of Hollywood! As it is, with one or two minor irks aside, The Avengers is about as much fun as I have had with a movie in quite a few years.\r\n\r\nI wouldn't know if the makers got the essence right, or if the story is at one in the Marvel Avengers Universe, I just know that it is a right old blast and made a colossal amount of money at the box office, even trumping The Dark Knight Rises in that department. It's a film full of derring-do heroics, ripe witticisms, wonderfully staged action, simmering sexual tensions, ego collisions, charm, heart and splendid human interactions. It looks fabulous on Blu-ray, the art design, the colour photography and Silvestri's score rumbles like thunder and crackles like lightning, just as a super hero movie score should do. The cast performances are hugely enjoyable as they bounce off of one and other, feeding off the respective thespian energy with a knowing of the right tone to make this colourful comic book world be all that it can be. While Whedon, with a weight of expectation akin to Atlas holding the World on his shoulders, comes through with flying colours with astute pacing and an impressive marshaling of an acting army.\r\n\r\nFlaws? Jackson's Nick Fury could have done with more screen time and Cobie Smulders is sadly short changed as well. The Chitauri are only really a threat because of their sheer numbers, not because of any great alien design, and, well, The Hulk CGI hasn't really advanced much from the 2008 version, but really these are small itches rather than big ones. Is The Avengers the best film of 2012? It will be seen as such for many fans of the source(s) who have waited with baited breath for this coming together of their heroes, and that notion really shouldn't irk the more highbrow film fans out there. Me? No it isn't the best film of 2012, but as I found my self perched on the edge of my seat as the finale unfurls in a wave of explosive heroic energy, and I caressed my ribs from laughing out loud, I knew then that undoubtedly The Avengers is the most fun film of 2012. 9/10","id":"5d46cf540f2fbd7864efbe30","url":"https://www.themoviedb.org/review/5d46cf540f2fbd7864efbe30"},{"author":"Justin Lopez","content":"The Avengers is a dream movie come true for superhero fans with its group of extremely talented actors and epic champions, to create an action- packed movie with hilarious banter laced in between scenes. I love how each of the actors and actresses has portrayed each of the roles they were given.","id":"5dc32f2f5aadc4001520e0dd","url":"https://www.themoviedb.org/review/5dc32f2f5aadc4001520e0dd"},{"author":"LoganWright","content":"Definitely the greatest superhero movie of all time. Marvel has set the bar high with this one and so far, they're doing a good job of keeping up with that despite not being able to raise it higher!","id":"5dc389f37d2bc100133d06df","url":"https://www.themoviedb.org/review/5dc389f37d2bc100133d06df"},{"author":"BradleyStewart","content":"I found it creative of Marvel to introduce each character one by one. It really set the tone and had me looking forward to what's gonna happen.","id":"5dc3930999259c00157aa7cb","url":"https://www.themoviedb.org/review/5dc3930999259c00157aa7cb"},{"author":"Jane Hall","content":"Perfect casting! You can really see and feel that the actors have great chemistry both in and out of their characters.","id":"5dc3993d470ead00138cf1ec","url":"https://www.themoviedb.org/review/5dc3993d470ead00138cf1ec"},{"author":"JessieCollins","content":"Wonderful movie to watch if you want to be entertained and not think about the plot too much.","id":"5dc56e556f8d950013c2d977","url":"https://www.themoviedb.org/review/5dc56e556f8d950013c2d977"},{"author":"John Smith","content":"When you have a bunch of flashy superheroes fighting supernatural, extraterrestrial villains from another dimension, it can get pretty hard to highlight each of their strengths,  but Marvel pulled it off with this one!","id":"5dc579c56f8d950010c2f5c5","url":"https://www.themoviedb.org/review/5dc579c56f8d950010c2f5c5"},{"author":"Justin Lopez","content":"The Avengers is a dream movie come true for superhero fans with its group of extremely talented actors and epic champions, to create an action- packed movie with hilarious banter laced in between scenes. I love how each of the actors and actresses has portrayed each of the roles they were given.","id":"5e00e8fb75110d0018d85d20","url":"https://www.themoviedb.org/review/5e00e8fb75110d0018d85d20"},{"author":"1RobertJohnson1","content":"I tried my best to avoid getting carried away by the hype of this movie because nowadays most of the movies that are too much hyped end up just being disappointments but I'm glad to say that I WAS NOT DISAPPOINTED when this came out.","id":"5e00ee5565686e0013987f15","url":"https://www.themoviedb.org/review/5e00ee5565686e0013987f15"},{"author":"MichaelWilliams","content":"One word for this movie: AWESOME. It’s an amazing film and has everything a superhero fanboy hoped for and more.","id":"5e0102250284200014af5898","url":"https://www.themoviedb.org/review/5e0102250284200014af5898"},{"author":"WilliamJones","content":"One of the many things I loved in this film was the conflict between Iron Man and Captain America for leadership and how the two differ in their approach. A very unique way of building a team of superheroes.","id":"5e011ac665686e0018983449","url":"https://www.themoviedb.org/review/5e011ac665686e0018983449"},{"author":"DavidBrown1","content":"The cast really delivered. Sure they were playing the roles of superheroes but you can really see and feel a deeper level of emotions in their performance.","id":"5e02862b26dac10012674852","url":"https://www.themoviedb.org/review/5e02862b26dac10012674852"},{"author":"JosephWilson","content":"Kudos to the fight choreographers who designed all the action sequences for this movie. They really did a good one!","id":"5e08f6e5a1c59d0018aac032","url":"https://www.themoviedb.org/review/5e08f6e5a1c59d0018aac032"},{"author":"richardmiller","content":"If you haven't seen this film yet, do yourself a favor and remain unspoiled. This is one of the movies that need to be savored.","id":"5e091b9d5ff34e0013b9ce5f","url":"https://www.themoviedb.org/review/5e091b9d5ff34e0013b9ce5f"},{"author":"ThomasMoore","content":"Good fighting sequences but camerawork feels too crazy and made it quite difficult to fully enjoy the great choreography.","id":"5e09b284383df20018b90384","url":"https://www.themoviedb.org/review/5e09b284383df20018b90384"}],"total_pages":2,"total_results":40},"lists":{"page":1,"results":[{"description":"","favorite_count":0,"id":16626,"item_count":258,"iso_639_1":"en","list_type":"movie","name":"Watchlist","poster_path":null},{"description":"","favorite_count":0,"id":85047,"item_count":574,"iso_639_1":"es","list_type":"movie","name":"Pelis Vistas","poster_path":null},{"description":"","favorite_count":0,"id":114756,"item_count":158,"iso_639_1":"id","list_type":"movie","name":"Trending this Week","poster_path":null},{"description":"","favorite_count":0,"id":128658,"item_count":35,"iso_639_1":"en","list_type":"movie","name":"MARVEL Cinematic Universe","poster_path":null},{"description":"","favorite_count":0,"id":128655,"item_count":200,"iso_639_1":"en","list_type":"movie","name":"Recommendations","poster_path":null},{"description":"","favorite_count":0,"id":134725,"item_count":429,"iso_639_1":"en","list_type":"movie","name":"Watched Movies","poster_path":null},{"description":"","favorite_count":0,"id":113387,"item_count":728,"iso_639_1":"en","list_type":"movie","name":"Watched","poster_path":null},{"description":"Peliculas que ya he visto","favorite_count":0,"id":88225,"item_count":1034,"iso_639_1":"es","list_type":"movie","name":"Peliculas Vistas","poster_path":null},{"description":"watched movies","favorite_count":0,"id":44662,"item_count":1604,"iso_639_1":"ar","list_type":"movie","name":"Watched","poster_path":null},{"description":"Movies I have seen!","favorite_count":0,"id":35362,"item_count":2746,"iso_639_1":"en","list_type":"movie","name":"All My Movies","poster_path":null},{"description":"","favorite_count":0,"id":105919,"item_count":811,"iso_639_1":"es","list_type":"movie","name":"Películas Vistas","poster_path":null},{"description":"","favorite_count":0,"id":129146,"item_count":313,"iso_639_1":"en","list_type":"movie","name":"My Movies","poster_path":null},{"description":"Películas que ya he visto. \n\n","favorite_count":0,"id":12553,"item_count":1595,"iso_639_1":"es","list_type":"movie","name":"Películas vistas","poster_path":null},{"description":"Master List In Progress","favorite_count":0,"id":51108,"item_count":7294,"iso_639_1":"en","list_type":"movie","name":"My Movies","poster_path":null},{"description":"Development test","favorite_count":0,"id":95533,"item_count":981,"iso_639_1":"nl","list_type":"movie","name":"Nas","poster_path":null},{"description":"","favorite_count":0,"id":116114,"item_count":413,"iso_639_1":"en","list_type":"movie","name":"Shit I've Seen","poster_path":null},{"description":"Action packed movies!","favorite_count":0,"id":109603,"item_count":235,"iso_639_1":"en","list_type":"movie","name":"Action","poster_path":null},{"description":"ا","favorite_count":0,"id":131230,"item_count":1567,"iso_639_1":"ar","list_type":"movie","name":"أنا","poster_path":null},{"description":"","favorite_count":0,"id":24413,"item_count":604,"iso_639_1":"zh","list_type":"movie","name":"电影","poster_path":null},{"description":"","favorite_count":0,"id":96924,"item_count":1163,"iso_639_1":"es","list_type":"movie","name":"Vistas","poster_path":null}],"total_pages":99,"total_results":1977},"keywords":{"keywords":[{"id":242,"name":"new york city"},{"id":5539,"name":"shield"},{"id":9715,"name":"superhero"},{"id":9717,"name":"based on comic"},{"id":14909,"name":"alien invasion"},{"id":155030,"name":"superhero team"},{"id":179430,"name":"aftercreditsstinger"},{"id":179431,"name":"duringcreditsstinger"},{"id":180547,"name":"marvel cinematic universe"}]}}
<-- END HTTP (167420-byte, 53193-gzipped-byte body)
]]></system-out>
  </testcase>
  <testcase name="test_lists" classname="com.uwetrottmann.tmdb2.services.MoviesServiceTest" time="0.038"/>
  <testcase name="test_translations" classname="com.uwetrottmann.tmdb2.services.MoviesServiceTest" time="0.425"/>
  <testcase name="test_topRated" classname="com.uwetrottmann.tmdb2.services.MoviesServiceTest" time="0.153"/>
</testsuite>